<?xml version="1.0" encoding="UTF-8"?>
<robot generator="Robot 6.0.2 (Python 3.10.8 on darwin)" generated="20240904 02:42:25.941" rpa="false" schemaversion="3">
<suite id="s1" name="TC 1-NavbarMenu" source="/Users/supuckjunklar/Desktop/Playground/demo-web/Testcases/TC_1-NavbarMenu.robot">
<test id="s1-t1" name="TC_1.1 Test Search Input and Verify Results Not Found" line="6">
<kw name="Open web-demo" library="common">
<kw name="Open Browser" library="SeleniumLibrary">
<arg>${websiet.url}</arg>
<arg>${websiet.browser}</arg>
<doc>Opens a new browser instance to the optional ``url``.</doc>
<msg timestamp="20240904 02:42:26.284" level="INFO">Opening browser 'chrome' to base url 'https://www.nejavu.com'.</msg>
<status status="PASS" starttime="20240904 02:42:26.282" endtime="20240904 02:42:32.606"/>
</kw>
<kw name="Set Window Size" library="SeleniumLibrary">
<arg>1440</arg>
<arg>900</arg>
<doc>Sets current windows size to given ``width`` and ``height``.</doc>
<status status="PASS" starttime="20240904 02:42:32.606" endtime="20240904 02:42:32.804"/>
</kw>
<status status="PASS" starttime="20240904 02:42:26.282" endtime="20240904 02:42:32.804"/>
</kw>
<kw name="Close pop-up" library="index_page">
<kw name="Run Keyword And Return Status" library="BuiltIn">
<var>${ButtonClose}</var>
<arg>SeleniumLibrary.Wait Until Element Is Visible</arg>
<arg>${closeModal_banner.btn}</arg>
<doc>Runs the given keyword with given arguments and returns the status as a Boolean value.</doc>
<kw name="Wait Until Element Is Visible" library="SeleniumLibrary">
<arg>${closeModal_banner.btn}</arg>
<doc>Waits until the element ``locator`` is visible.</doc>
<status status="PASS" starttime="20240904 02:42:32.806" endtime="20240904 02:42:32.875"/>
</kw>
<msg timestamp="20240904 02:42:32.875" level="INFO">${ButtonClose} = True</msg>
<status status="PASS" starttime="20240904 02:42:32.805" endtime="20240904 02:42:32.875"/>
</kw>
<if>
<branch type="IF" condition="&quot;${ButtonClose}&quot;==&quot;True&quot;">
<kw name="Click Element" library="SeleniumLibrary">
<arg>${closeModal_banner.btn}</arg>
<doc>Click the element identified by ``locator``.</doc>
<msg timestamp="20240904 02:42:32.877" level="INFO">Clicking element '//a[@onclick="CloseModal()"]'.</msg>
<status status="PASS" starttime="20240904 02:42:32.876" endtime="20240904 02:42:32.934"/>
</kw>
<status status="PASS" starttime="20240904 02:42:32.875" endtime="20240904 02:42:32.934"/>
</branch>
<status status="PASS" starttime="20240904 02:42:32.875" endtime="20240904 02:42:32.934"/>
</if>
<status status="PASS" starttime="20240904 02:42:32.804" endtime="20240904 02:42:32.934"/>
</kw>
<kw name="Click accecpt cookie" library="index_page">
<kw name="Click element when ready" library="common">
<arg>${acceptCookie.btn}</arg>
<kw name="Wait Until Element Is Visible" library="SeleniumLibrary">
<arg>${locator}</arg>
<arg>${time}</arg>
<doc>Waits until the element ``locator`` is visible.</doc>
<status status="PASS" starttime="20240904 02:42:32.936" endtime="20240904 02:42:32.958"/>
</kw>
<kw name="Click Element" library="SeleniumLibrary">
<arg>${locator}</arg>
<doc>Click the element identified by ``locator``.</doc>
<msg timestamp="20240904 02:42:32.959" level="INFO">Clicking element '//a[@onclick="AcceptCookie()"]'.</msg>
<status status="PASS" starttime="20240904 02:42:32.958" endtime="20240904 02:42:33.483"/>
</kw>
<status status="PASS" starttime="20240904 02:42:32.935" endtime="20240904 02:42:33.483"/>
</kw>
<status status="PASS" starttime="20240904 02:42:32.935" endtime="20240904 02:42:33.483"/>
</kw>
<kw name="Input book name" library="navbar_page">
<arg>${TC_1.data1.bookName}</arg>
<kw name="Input text when ready" library="common">
<arg>${search.input}</arg>
<arg>${bookName}</arg>
<kw name="Wait Until Element Is Visible" library="SeleniumLibrary">
<arg>${locator}</arg>
<arg>${time}</arg>
<doc>Waits until the element ``locator`` is visible.</doc>
<status status="PASS" starttime="20240904 02:42:33.486" endtime="20240904 02:42:33.519"/>
</kw>
<kw name="Input Text" library="SeleniumLibrary">
<arg>${locator}</arg>
<arg>${textInput}</arg>
<doc>Types the given ``text`` into the text field identified by ``locator``.</doc>
<msg timestamp="20240904 02:42:33.520" level="INFO">Typing text 'G Shipping' into text field 'id=search-dropdown'.</msg>
<status status="PASS" starttime="20240904 02:42:33.519" endtime="20240904 02:42:33.797"/>
</kw>
<status status="PASS" starttime="20240904 02:42:33.485" endtime="20240904 02:42:33.797"/>
</kw>
<status status="PASS" starttime="20240904 02:42:33.483" endtime="20240904 02:42:33.797"/>
</kw>
<kw name="Enter search book name" library="navbar_page">
<kw name="Press Keys" library="SeleniumLibrary">
<arg>${search.input}</arg>
<arg>ENTER</arg>
<doc>Simulates the user pressing key(s) to an element or on the active browser.</doc>
<msg timestamp="20240904 02:42:33.798" level="INFO">Sending key(s) ('ENTER',) to id=search-dropdown element.</msg>
<msg timestamp="20240904 02:42:34.088" level="INFO">Pressing special key ENTER to element.</msg>
<msg timestamp="20240904 02:42:34.088" level="INFO">Releasing special key ENTER.</msg>
<status status="PASS" starttime="20240904 02:42:33.798" endtime="20240904 02:42:34.215"/>
</kw>
<status status="PASS" starttime="20240904 02:42:33.797" endtime="20240904 02:42:34.215"/>
</kw>
<kw name="Verify search results not found" library="searchResults_page">
<arg>${TC_1.data1.msg_notFound}</arg>
<kw name="Get text when ready" library="common">
<var>${searchResult}</var>
<arg>${search_notFound.txt}</arg>
<kw name="Wait Until Element Is Visible" library="SeleniumLibrary">
<arg>${locator}</arg>
<arg>${time}</arg>
<doc>Waits until the element ``locator`` is visible.</doc>
<status status="PASS" starttime="20240904 02:42:34.222" endtime="20240904 02:42:34.740"/>
</kw>
<kw name="Get Text" library="SeleniumLibrary">
<var>${getText}</var>
<arg>${locator}</arg>
<doc>Returns the text value of the element identified by ``locator``.</doc>
<msg timestamp="20240904 02:42:34.762" level="INFO">${getText} = ไม่พบรายการที่ค้นหา</msg>
<status status="PASS" starttime="20240904 02:42:34.740" endtime="20240904 02:42:34.762"/>
</kw>
<return>
<value>${getText}</value>
<status status="PASS" starttime="20240904 02:42:34.762" endtime="20240904 02:42:34.762"/>
</return>
<msg timestamp="20240904 02:42:34.762" level="INFO">${searchResult} = ไม่พบรายการที่ค้นหา</msg>
<status status="PASS" starttime="20240904 02:42:34.219" endtime="20240904 02:42:34.762"/>
</kw>
<kw name="Should Be Equal" library="BuiltIn">
<arg>${searchResult}</arg>
<arg>${msg_notFound}</arg>
<doc>Fails if the given objects are unequal.</doc>
<status status="PASS" starttime="20240904 02:42:34.763" endtime="20240904 02:42:34.764"/>
</kw>
<status status="PASS" starttime="20240904 02:42:34.217" endtime="20240904 02:42:34.764"/>
</kw>
<kw name="Close Browser" library="SeleniumLibrary" type="TEARDOWN">
<doc>Closes the current browser.</doc>
<status status="PASS" starttime="20240904 02:42:34.764" endtime="20240904 02:42:34.953"/>
</kw>
<status status="PASS" starttime="20240904 02:42:26.281" endtime="20240904 02:42:34.953"/>
</test>
<test id="s1-t2" name="TC_1.2 Test Search Input and Verify Results" line="14">
<kw name="Open web-demo" library="common">
<kw name="Open Browser" library="SeleniumLibrary">
<arg>${websiet.url}</arg>
<arg>${websiet.browser}</arg>
<doc>Opens a new browser instance to the optional ``url``.</doc>
<msg timestamp="20240904 02:42:34.959" level="INFO">Opening browser 'chrome' to base url 'https://www.nejavu.com'.</msg>
<status status="PASS" starttime="20240904 02:42:34.956" endtime="20240904 02:42:38.366"/>
</kw>
<kw name="Set Window Size" library="SeleniumLibrary">
<arg>1440</arg>
<arg>900</arg>
<doc>Sets current windows size to given ``width`` and ``height``.</doc>
<status status="PASS" starttime="20240904 02:42:38.366" endtime="20240904 02:42:38.583"/>
</kw>
<status status="PASS" starttime="20240904 02:42:34.955" endtime="20240904 02:42:38.584"/>
</kw>
<kw name="Close pop-up" library="index_page">
<kw name="Run Keyword And Return Status" library="BuiltIn">
<var>${ButtonClose}</var>
<arg>SeleniumLibrary.Wait Until Element Is Visible</arg>
<arg>${closeModal_banner.btn}</arg>
<doc>Runs the given keyword with given arguments and returns the status as a Boolean value.</doc>
<kw name="Wait Until Element Is Visible" library="SeleniumLibrary">
<arg>${closeModal_banner.btn}</arg>
<doc>Waits until the element ``locator`` is visible.</doc>
<status status="PASS" starttime="20240904 02:42:38.587" endtime="20240904 02:42:38.621"/>
</kw>
<msg timestamp="20240904 02:42:38.621" level="INFO">${ButtonClose} = True</msg>
<status status="PASS" starttime="20240904 02:42:38.585" endtime="20240904 02:42:38.621"/>
</kw>
<if>
<branch type="IF" condition="&quot;${ButtonClose}&quot;==&quot;True&quot;">
<kw name="Click Element" library="SeleniumLibrary">
<arg>${closeModal_banner.btn}</arg>
<doc>Click the element identified by ``locator``.</doc>
<msg timestamp="20240904 02:42:38.623" level="INFO">Clicking element '//a[@onclick="CloseModal()"]'.</msg>
<status status="PASS" starttime="20240904 02:42:38.622" endtime="20240904 02:42:38.697"/>
</kw>
<status status="PASS" starttime="20240904 02:42:38.621" endtime="20240904 02:42:38.697"/>
</branch>
<status status="PASS" starttime="20240904 02:42:38.621" endtime="20240904 02:42:38.697"/>
</if>
<status status="PASS" starttime="20240904 02:42:38.584" endtime="20240904 02:42:38.697"/>
</kw>
<kw name="Click accecpt cookie" library="index_page">
<kw name="Click element when ready" library="common">
<arg>${acceptCookie.btn}</arg>
<kw name="Wait Until Element Is Visible" library="SeleniumLibrary">
<arg>${locator}</arg>
<arg>${time}</arg>
<doc>Waits until the element ``locator`` is visible.</doc>
<status status="PASS" starttime="20240904 02:42:38.699" endtime="20240904 02:42:38.729"/>
</kw>
<kw name="Click Element" library="SeleniumLibrary">
<arg>${locator}</arg>
<doc>Click the element identified by ``locator``.</doc>
<msg timestamp="20240904 02:42:38.729" level="INFO">Clicking element '//a[@onclick="AcceptCookie()"]'.</msg>
<status status="PASS" starttime="20240904 02:42:38.729" endtime="20240904 02:42:39.252"/>
</kw>
<status status="PASS" starttime="20240904 02:42:38.698" endtime="20240904 02:42:39.252"/>
</kw>
<status status="PASS" starttime="20240904 02:42:38.698" endtime="20240904 02:42:39.252"/>
</kw>
<kw name="Input book name" library="navbar_page">
<arg>${TC_1.data2.bookName}</arg>
<kw name="Input text when ready" library="common">
<arg>${search.input}</arg>
<arg>${bookName}</arg>
<kw name="Wait Until Element Is Visible" library="SeleniumLibrary">
<arg>${locator}</arg>
<arg>${time}</arg>
<doc>Waits until the element ``locator`` is visible.</doc>
<status status="PASS" starttime="20240904 02:42:39.256" endtime="20240904 02:42:39.291"/>
</kw>
<kw name="Input Text" library="SeleniumLibrary">
<arg>${locator}</arg>
<arg>${textInput}</arg>
<doc>Types the given ``text`` into the text field identified by ``locator``.</doc>
<msg timestamp="20240904 02:42:39.292" level="INFO">Typing text 'Naruto' into text field 'id=search-dropdown'.</msg>
<status status="PASS" starttime="20240904 02:42:39.292" endtime="20240904 02:42:39.533"/>
</kw>
<status status="PASS" starttime="20240904 02:42:39.254" endtime="20240904 02:42:39.533"/>
</kw>
<status status="PASS" starttime="20240904 02:42:39.253" endtime="20240904 02:42:39.534"/>
</kw>
<kw name="Click dropdown search" library="navbar_page">
<arg>${TC_1.data2.bookName}</arg>
<kw name="Click element when ready" library="common">
<arg>${search_drowdown.btn}/span[.="${searchBookName}"]</arg>
<kw name="Wait Until Element Is Visible" library="SeleniumLibrary">
<arg>${locator}</arg>
<arg>${time}</arg>
<doc>Waits until the element ``locator`` is visible.</doc>
<status status="PASS" starttime="20240904 02:42:39.537" endtime="20240904 02:42:40.645"/>
</kw>
<kw name="Click Element" library="SeleniumLibrary">
<arg>${locator}</arg>
<doc>Click the element identified by ``locator``.</doc>
<msg timestamp="20240904 02:42:40.646" level="INFO">Clicking element '//li[contains(@onclick ,"SearchOpenWindow")]/span[.="Naruto"]'.</msg>
<status status="PASS" starttime="20240904 02:42:40.645" endtime="20240904 02:42:41.331"/>
</kw>
<status status="PASS" starttime="20240904 02:42:39.535" endtime="20240904 02:42:41.331"/>
</kw>
<status status="PASS" starttime="20240904 02:42:39.534" endtime="20240904 02:42:41.331"/>
</kw>
<kw name="Verify search results" library="searchResults_page">
<arg>${TC_1.data2.bookName}</arg>
<kw name="Get text when ready" library="common">
<var>${searchResult}</var>
<arg>${search_results.txt}</arg>
<kw name="Wait Until Element Is Visible" library="SeleniumLibrary">
<arg>${locator}</arg>
<arg>${time}</arg>
<doc>Waits until the element ``locator`` is visible.</doc>
<status status="PASS" starttime="20240904 02:42:41.336" endtime="20240904 02:42:41.372"/>
</kw>
<kw name="Get Text" library="SeleniumLibrary">
<var>${getText}</var>
<arg>${locator}</arg>
<doc>Returns the text value of the element identified by ``locator``.</doc>
<msg timestamp="20240904 02:42:41.395" level="INFO">${getText} = Naruto</msg>
<status status="PASS" starttime="20240904 02:42:41.372" endtime="20240904 02:42:41.395"/>
</kw>
<return>
<value>${getText}</value>
<status status="PASS" starttime="20240904 02:42:41.395" endtime="20240904 02:42:41.395"/>
</return>
<msg timestamp="20240904 02:42:41.395" level="INFO">${searchResult} = Naruto</msg>
<status status="PASS" starttime="20240904 02:42:41.333" endtime="20240904 02:42:41.395"/>
</kw>
<kw name="Should Be Equal" library="BuiltIn">
<arg>${searchResult}</arg>
<arg>${searchBookName}</arg>
<doc>Fails if the given objects are unequal.</doc>
<status status="PASS" starttime="20240904 02:42:41.395" endtime="20240904 02:42:41.395"/>
</kw>
<status status="PASS" starttime="20240904 02:42:41.331" endtime="20240904 02:42:41.395"/>
</kw>
<kw name="Close Browser" library="SeleniumLibrary" type="TEARDOWN">
<doc>Closes the current browser.</doc>
<status status="PASS" starttime="20240904 02:42:41.396" endtime="20240904 02:42:41.552"/>
</kw>
<status status="PASS" starttime="20240904 02:42:34.954" endtime="20240904 02:42:41.553"/>
</test>
<test id="s1-t3" name="TC_1.3 Test Add Book to Cart and Verify Quantity on Icon Cart" line="22">
<kw name="Open web-demo" library="common">
<kw name="Open Browser" library="SeleniumLibrary">
<arg>${websiet.url}</arg>
<arg>${websiet.browser}</arg>
<doc>Opens a new browser instance to the optional ``url``.</doc>
<msg timestamp="20240904 02:42:41.559" level="INFO">Opening browser 'chrome' to base url 'https://www.nejavu.com'.</msg>
<status status="PASS" starttime="20240904 02:42:41.555" endtime="20240904 02:42:45.916"/>
</kw>
<kw name="Set Window Size" library="SeleniumLibrary">
<arg>1440</arg>
<arg>900</arg>
<doc>Sets current windows size to given ``width`` and ``height``.</doc>
<status status="PASS" starttime="20240904 02:42:45.917" endtime="20240904 02:42:46.139"/>
</kw>
<status status="PASS" starttime="20240904 02:42:41.555" endtime="20240904 02:42:46.139"/>
</kw>
<kw name="Close pop-up" library="index_page">
<kw name="Run Keyword And Return Status" library="BuiltIn">
<var>${ButtonClose}</var>
<arg>SeleniumLibrary.Wait Until Element Is Visible</arg>
<arg>${closeModal_banner.btn}</arg>
<doc>Runs the given keyword with given arguments and returns the status as a Boolean value.</doc>
<kw name="Wait Until Element Is Visible" library="SeleniumLibrary">
<arg>${closeModal_banner.btn}</arg>
<doc>Waits until the element ``locator`` is visible.</doc>
<status status="PASS" starttime="20240904 02:42:46.141" endtime="20240904 02:42:46.174"/>
</kw>
<msg timestamp="20240904 02:42:46.174" level="INFO">${ButtonClose} = True</msg>
<status status="PASS" starttime="20240904 02:42:46.140" endtime="20240904 02:42:46.174"/>
</kw>
<if>
<branch type="IF" condition="&quot;${ButtonClose}&quot;==&quot;True&quot;">
<kw name="Click Element" library="SeleniumLibrary">
<arg>${closeModal_banner.btn}</arg>
<doc>Click the element identified by ``locator``.</doc>
<msg timestamp="20240904 02:42:46.175" level="INFO">Clicking element '//a[@onclick="CloseModal()"]'.</msg>
<status status="PASS" starttime="20240904 02:42:46.175" endtime="20240904 02:42:46.243"/>
</kw>
<status status="PASS" starttime="20240904 02:42:46.174" endtime="20240904 02:42:46.243"/>
</branch>
<status status="PASS" starttime="20240904 02:42:46.174" endtime="20240904 02:42:46.243"/>
</if>
<status status="PASS" starttime="20240904 02:42:46.139" endtime="20240904 02:42:46.244"/>
</kw>
<kw name="Click accecpt cookie" library="index_page">
<kw name="Click element when ready" library="common">
<arg>${acceptCookie.btn}</arg>
<kw name="Wait Until Element Is Visible" library="SeleniumLibrary">
<arg>${locator}</arg>
<arg>${time}</arg>
<doc>Waits until the element ``locator`` is visible.</doc>
<status status="PASS" starttime="20240904 02:42:46.245" endtime="20240904 02:42:46.274"/>
</kw>
<kw name="Click Element" library="SeleniumLibrary">
<arg>${locator}</arg>
<doc>Click the element identified by ``locator``.</doc>
<msg timestamp="20240904 02:42:46.275" level="INFO">Clicking element '//a[@onclick="AcceptCookie()"]'.</msg>
<status status="PASS" starttime="20240904 02:42:46.274" endtime="20240904 02:42:46.798"/>
</kw>
<status status="PASS" starttime="20240904 02:42:46.244" endtime="20240904 02:42:46.798"/>
</kw>
<status status="PASS" starttime="20240904 02:42:46.244" endtime="20240904 02:42:46.798"/>
</kw>
<kw name="Scroll to book" library="index_page">
<kw name="Element visible when ready" library="common">
<arg>${book_name.txt}</arg>
<kw name="Wait Until Element Is Visible" library="SeleniumLibrary">
<arg>${locator}</arg>
<arg>${time}</arg>
<doc>Waits until the element ``locator`` is visible.</doc>
<status status="PASS" starttime="20240904 02:42:46.802" endtime="20240904 02:42:46.849"/>
</kw>
<kw name="Element Should Be Visible" library="SeleniumLibrary">
<arg>${locator}</arg>
<doc>Verifies that the element identified by ``locator`` is visible.</doc>
<msg timestamp="20240904 02:42:46.885" level="INFO">Element '//div[contains(@class , "card-detail")]//following-sibling::h5[@class="detail-title"]' is displayed.</msg>
<status status="PASS" starttime="20240904 02:42:46.850" endtime="20240904 02:42:46.885"/>
</kw>
<status status="PASS" starttime="20240904 02:42:46.799" endtime="20240904 02:42:46.886"/>
</kw>
<kw name="Scroll Element Into View" library="SeleniumLibrary">
<arg>${book_name.txt}</arg>
<doc>Scrolls the element identified by ``locator`` into view.</doc>
<status status="PASS" starttime="20240904 02:42:46.886" endtime="20240904 02:42:47.175"/>
</kw>
<status status="PASS" starttime="20240904 02:42:46.799" endtime="20240904 02:42:47.175"/>
</kw>
<kw name="Add book to cart" library="index_page">
<arg>${TC_1.data3.quantityBook}</arg>
<kw name="Element visible when ready" library="common">
<arg>${book_addCart.btn}</arg>
<kw name="Wait Until Element Is Visible" library="SeleniumLibrary">
<arg>${locator}</arg>
<arg>${time}</arg>
<doc>Waits until the element ``locator`` is visible.</doc>
<status status="PASS" starttime="20240904 02:42:47.178" endtime="20240904 02:42:47.204"/>
</kw>
<kw name="Element Should Be Visible" library="SeleniumLibrary">
<arg>${locator}</arg>
<doc>Verifies that the element identified by ``locator`` is visible.</doc>
<msg timestamp="20240904 02:42:47.226" level="INFO">Element '//button[@id="quick-cart-button"]' is displayed.</msg>
<status status="PASS" starttime="20240904 02:42:47.205" endtime="20240904 02:42:47.226"/>
</kw>
<status status="PASS" starttime="20240904 02:42:47.177" endtime="20240904 02:42:47.226"/>
</kw>
<kw name="Scroll Element Into View" library="SeleniumLibrary">
<arg>${book_addCart.btn}</arg>
<doc>Scrolls the element identified by ``locator`` into view.</doc>
<status status="PASS" starttime="20240904 02:42:47.226" endtime="20240904 02:42:47.511"/>
</kw>
<for flavor="IN RANGE">
<var>${index}</var>
<value>1</value>
<value>${quantityBook}+1</value>
<iter>
<var name="${index}">1</var>
<kw name="Click element when ready" library="common">
<arg>(${book_addCart.btn})[${index}]</arg>
<kw name="Wait Until Element Is Visible" library="SeleniumLibrary">
<arg>${locator}</arg>
<arg>${time}</arg>
<doc>Waits until the element ``locator`` is visible.</doc>
<status status="PASS" starttime="20240904 02:42:47.514" endtime="20240904 02:42:47.540"/>
</kw>
<kw name="Click Element" library="SeleniumLibrary">
<arg>${locator}</arg>
<doc>Click the element identified by ``locator``.</doc>
<msg timestamp="20240904 02:42:47.541" level="INFO">Clicking element '(//button[@id="quick-cart-button"])[1]'.</msg>
<status status="PASS" starttime="20240904 02:42:47.541" endtime="20240904 02:42:47.595"/>
</kw>
<status status="PASS" starttime="20240904 02:42:47.512" endtime="20240904 02:42:47.595"/>
</kw>
<kw name="Element visible when ready" library="common">
<arg>${alert_addCart.txt}</arg>
<kw name="Wait Until Element Is Visible" library="SeleniumLibrary">
<arg>${locator}</arg>
<arg>${time}</arg>
<doc>Waits until the element ``locator`` is visible.</doc>
<status status="PASS" starttime="20240904 02:42:47.597" endtime="20240904 02:42:47.836"/>
</kw>
<kw name="Element Should Be Visible" library="SeleniumLibrary">
<arg>${locator}</arg>
<doc>Verifies that the element identified by ``locator`` is visible.</doc>
<msg timestamp="20240904 02:42:47.852" level="INFO">Element '//div[@id="toast-container"]' is displayed.</msg>
<status status="PASS" starttime="20240904 02:42:47.836" endtime="20240904 02:42:47.852"/>
</kw>
<status status="PASS" starttime="20240904 02:42:47.595" endtime="20240904 02:42:47.852"/>
</kw>
<kw name="Element not visible when ready" library="common">
<arg>${alert_addCart.txt}</arg>
<kw name="Wait Until Element Is Not Visible" library="SeleniumLibrary">
<arg>${locator}</arg>
<arg>${time}</arg>
<doc>Waits until the element ``locator`` is not visible.</doc>
<status status="PASS" starttime="20240904 02:42:47.853" endtime="20240904 02:42:49.645"/>
</kw>
<kw name="Element Should Not Be Visible" library="SeleniumLibrary">
<arg>${locator}</arg>
<doc>Verifies that the element identified by ``locator`` is NOT visible.</doc>
<msg timestamp="20240904 02:42:49.651" level="INFO">Element '//div[@id="toast-container"]' did not exist.</msg>
<status status="PASS" starttime="20240904 02:42:49.645" endtime="20240904 02:42:49.651"/>
</kw>
<status status="PASS" starttime="20240904 02:42:47.852" endtime="20240904 02:42:49.651"/>
</kw>
<status status="PASS" starttime="20240904 02:42:47.512" endtime="20240904 02:42:49.651"/>
</iter>
<iter>
<var name="${index}">2</var>
<kw name="Click element when ready" library="common">
<arg>(${book_addCart.btn})[${index}]</arg>
<kw name="Wait Until Element Is Visible" library="SeleniumLibrary">
<arg>${locator}</arg>
<arg>${time}</arg>
<doc>Waits until the element ``locator`` is visible.</doc>
<status status="PASS" starttime="20240904 02:42:49.653" endtime="20240904 02:42:49.672"/>
</kw>
<kw name="Click Element" library="SeleniumLibrary">
<arg>${locator}</arg>
<doc>Click the element identified by ``locator``.</doc>
<msg timestamp="20240904 02:42:49.673" level="INFO">Clicking element '(//button[@id="quick-cart-button"])[2]'.</msg>
<status status="PASS" starttime="20240904 02:42:49.672" endtime="20240904 02:42:49.719"/>
</kw>
<status status="PASS" starttime="20240904 02:42:49.652" endtime="20240904 02:42:49.719"/>
</kw>
<kw name="Element visible when ready" library="common">
<arg>${alert_addCart.txt}</arg>
<kw name="Wait Until Element Is Visible" library="SeleniumLibrary">
<arg>${locator}</arg>
<arg>${time}</arg>
<doc>Waits until the element ``locator`` is visible.</doc>
<status status="PASS" starttime="20240904 02:42:49.722" endtime="20240904 02:42:49.954"/>
</kw>
<kw name="Element Should Be Visible" library="SeleniumLibrary">
<arg>${locator}</arg>
<doc>Verifies that the element identified by ``locator`` is visible.</doc>
<msg timestamp="20240904 02:42:49.977" level="INFO">Element '//div[@id="toast-container"]' is displayed.</msg>
<status status="PASS" starttime="20240904 02:42:49.954" endtime="20240904 02:42:49.977"/>
</kw>
<status status="PASS" starttime="20240904 02:42:49.719" endtime="20240904 02:42:49.977"/>
</kw>
<kw name="Element not visible when ready" library="common">
<arg>${alert_addCart.txt}</arg>
<kw name="Wait Until Element Is Not Visible" library="SeleniumLibrary">
<arg>${locator}</arg>
<arg>${time}</arg>
<doc>Waits until the element ``locator`` is not visible.</doc>
<status status="PASS" starttime="20240904 02:42:49.979" endtime="20240904 02:42:51.767"/>
</kw>
<kw name="Element Should Not Be Visible" library="SeleniumLibrary">
<arg>${locator}</arg>
<doc>Verifies that the element identified by ``locator`` is NOT visible.</doc>
<msg timestamp="20240904 02:42:51.777" level="INFO">Element '//div[@id="toast-container"]' did not exist.</msg>
<status status="PASS" starttime="20240904 02:42:51.767" endtime="20240904 02:42:51.777"/>
</kw>
<status status="PASS" starttime="20240904 02:42:49.977" endtime="20240904 02:42:51.778"/>
</kw>
<status status="PASS" starttime="20240904 02:42:49.652" endtime="20240904 02:42:51.778"/>
</iter>
<iter>
<var name="${index}">3</var>
<kw name="Click element when ready" library="common">
<arg>(${book_addCart.btn})[${index}]</arg>
<kw name="Wait Until Element Is Visible" library="SeleniumLibrary">
<arg>${locator}</arg>
<arg>${time}</arg>
<doc>Waits until the element ``locator`` is visible.</doc>
<status status="PASS" starttime="20240904 02:42:51.779" endtime="20240904 02:42:51.806"/>
</kw>
<kw name="Click Element" library="SeleniumLibrary">
<arg>${locator}</arg>
<doc>Click the element identified by ``locator``.</doc>
<msg timestamp="20240904 02:42:51.807" level="INFO">Clicking element '(//button[@id="quick-cart-button"])[3]'.</msg>
<status status="PASS" starttime="20240904 02:42:51.806" endtime="20240904 02:42:51.858"/>
</kw>
<status status="PASS" starttime="20240904 02:42:51.778" endtime="20240904 02:42:51.858"/>
</kw>
<kw name="Element visible when ready" library="common">
<arg>${alert_addCart.txt}</arg>
<kw name="Wait Until Element Is Visible" library="SeleniumLibrary">
<arg>${locator}</arg>
<arg>${time}</arg>
<doc>Waits until the element ``locator`` is visible.</doc>
<status status="PASS" starttime="20240904 02:42:51.860" endtime="20240904 02:42:52.093"/>
</kw>
<kw name="Element Should Be Visible" library="SeleniumLibrary">
<arg>${locator}</arg>
<doc>Verifies that the element identified by ``locator`` is visible.</doc>
<msg timestamp="20240904 02:42:52.110" level="INFO">Element '//div[@id="toast-container"]' is displayed.</msg>
<status status="PASS" starttime="20240904 02:42:52.093" endtime="20240904 02:42:52.110"/>
</kw>
<status status="PASS" starttime="20240904 02:42:51.858" endtime="20240904 02:42:52.111"/>
</kw>
<kw name="Element not visible when ready" library="common">
<arg>${alert_addCart.txt}</arg>
<kw name="Wait Until Element Is Not Visible" library="SeleniumLibrary">
<arg>${locator}</arg>
<arg>${time}</arg>
<doc>Waits until the element ``locator`` is not visible.</doc>
<status status="PASS" starttime="20240904 02:42:52.113" endtime="20240904 02:42:53.912"/>
</kw>
<kw name="Element Should Not Be Visible" library="SeleniumLibrary">
<arg>${locator}</arg>
<doc>Verifies that the element identified by ``locator`` is NOT visible.</doc>
<msg timestamp="20240904 02:42:53.922" level="INFO">Element '//div[@id="toast-container"]' did not exist.</msg>
<status status="PASS" starttime="20240904 02:42:53.912" endtime="20240904 02:42:53.922"/>
</kw>
<status status="PASS" starttime="20240904 02:42:52.111" endtime="20240904 02:42:53.922"/>
</kw>
<status status="PASS" starttime="20240904 02:42:51.778" endtime="20240904 02:42:53.922"/>
</iter>
<status status="PASS" starttime="20240904 02:42:47.511" endtime="20240904 02:42:53.922"/>
</for>
<status status="PASS" starttime="20240904 02:42:47.175" endtime="20240904 02:42:53.922"/>
</kw>
<kw name="Verify quantity on cart" library="navbar_page">
<arg>${TC_1.data3.quantityBook}</arg>
<kw name="Get text when ready" library="common">
<var>${cartNow}</var>
<arg>${cartBadge.txt}</arg>
<kw name="Wait Until Element Is Visible" library="SeleniumLibrary">
<arg>${locator}</arg>
<arg>${time}</arg>
<doc>Waits until the element ``locator`` is visible.</doc>
<status status="PASS" starttime="20240904 02:42:53.925" endtime="20240904 02:42:53.943"/>
</kw>
<kw name="Get Text" library="SeleniumLibrary">
<var>${getText}</var>
<arg>${locator}</arg>
<doc>Returns the text value of the element identified by ``locator``.</doc>
<msg timestamp="20240904 02:42:53.960" level="INFO">${getText} = 3</msg>
<status status="PASS" starttime="20240904 02:42:53.944" endtime="20240904 02:42:53.960"/>
</kw>
<return>
<value>${getText}</value>
<status status="PASS" starttime="20240904 02:42:53.961" endtime="20240904 02:42:53.961"/>
</return>
<msg timestamp="20240904 02:42:53.961" level="INFO">${cartNow} = 3</msg>
<status status="PASS" starttime="20240904 02:42:53.924" endtime="20240904 02:42:53.961"/>
</kw>
<kw name="Convert To Integer" library="BuiltIn">
<var>${cartNow_int}</var>
<arg>${cartNow}</arg>
<doc>Converts the given item to an integer number.</doc>
<msg timestamp="20240904 02:42:53.962" level="INFO">${cartNow_int} = 3</msg>
<status status="PASS" starttime="20240904 02:42:53.961" endtime="20240904 02:42:53.962"/>
</kw>
<kw name="Should Be Equal" library="BuiltIn">
<arg>${cartNow_int}</arg>
<arg>${quantityBook}</arg>
<doc>Fails if the given objects are unequal.</doc>
<status status="PASS" starttime="20240904 02:42:53.962" endtime="20240904 02:42:53.962"/>
</kw>
<status status="PASS" starttime="20240904 02:42:53.923" endtime="20240904 02:42:53.963"/>
</kw>
<kw name="Close Browser" library="SeleniumLibrary" type="TEARDOWN">
<doc>Closes the current browser.</doc>
<status status="PASS" starttime="20240904 02:42:53.963" endtime="20240904 02:42:54.164"/>
</kw>
<status status="PASS" starttime="20240904 02:42:41.553" endtime="20240904 02:42:54.164"/>
</test>
<test id="s1-t4" name="TC_1.4 Test Add Book to Cart and Verify Book Name on Cart Detail" line="30">
<kw name="Open web-demo" library="common">
<kw name="Open Browser" library="SeleniumLibrary">
<arg>${websiet.url}</arg>
<arg>${websiet.browser}</arg>
<doc>Opens a new browser instance to the optional ``url``.</doc>
<msg timestamp="20240904 02:42:54.172" level="INFO">Opening browser 'chrome' to base url 'https://www.nejavu.com'.</msg>
<status status="PASS" starttime="20240904 02:42:54.168" endtime="20240904 02:42:58.403"/>
</kw>
<kw name="Set Window Size" library="SeleniumLibrary">
<arg>1440</arg>
<arg>900</arg>
<doc>Sets current windows size to given ``width`` and ``height``.</doc>
<status status="PASS" starttime="20240904 02:42:58.403" endtime="20240904 02:42:58.668"/>
</kw>
<status status="PASS" starttime="20240904 02:42:54.167" endtime="20240904 02:42:58.669"/>
</kw>
<kw name="Close pop-up" library="index_page">
<kw name="Run Keyword And Return Status" library="BuiltIn">
<var>${ButtonClose}</var>
<arg>SeleniumLibrary.Wait Until Element Is Visible</arg>
<arg>${closeModal_banner.btn}</arg>
<doc>Runs the given keyword with given arguments and returns the status as a Boolean value.</doc>
<kw name="Wait Until Element Is Visible" library="SeleniumLibrary">
<arg>${closeModal_banner.btn}</arg>
<doc>Waits until the element ``locator`` is visible.</doc>
<status status="PASS" starttime="20240904 02:42:58.671" endtime="20240904 02:42:58.719"/>
</kw>
<msg timestamp="20240904 02:42:58.719" level="INFO">${ButtonClose} = True</msg>
<status status="PASS" starttime="20240904 02:42:58.670" endtime="20240904 02:42:58.719"/>
</kw>
<if>
<branch type="IF" condition="&quot;${ButtonClose}&quot;==&quot;True&quot;">
<kw name="Click Element" library="SeleniumLibrary">
<arg>${closeModal_banner.btn}</arg>
<doc>Click the element identified by ``locator``.</doc>
<msg timestamp="20240904 02:42:58.720" level="INFO">Clicking element '//a[@onclick="CloseModal()"]'.</msg>
<status status="PASS" starttime="20240904 02:42:58.720" endtime="20240904 02:42:58.774"/>
</kw>
<status status="PASS" starttime="20240904 02:42:58.719" endtime="20240904 02:42:58.774"/>
</branch>
<status status="PASS" starttime="20240904 02:42:58.719" endtime="20240904 02:42:58.774"/>
</if>
<status status="PASS" starttime="20240904 02:42:58.669" endtime="20240904 02:42:58.774"/>
</kw>
<kw name="Click accecpt cookie" library="index_page">
<kw name="Click element when ready" library="common">
<arg>${acceptCookie.btn}</arg>
<kw name="Wait Until Element Is Visible" library="SeleniumLibrary">
<arg>${locator}</arg>
<arg>${time}</arg>
<doc>Waits until the element ``locator`` is visible.</doc>
<status status="PASS" starttime="20240904 02:42:58.779" endtime="20240904 02:42:58.804"/>
</kw>
<kw name="Click Element" library="SeleniumLibrary">
<arg>${locator}</arg>
<doc>Click the element identified by ``locator``.</doc>
<msg timestamp="20240904 02:42:58.805" level="INFO">Clicking element '//a[@onclick="AcceptCookie()"]'.</msg>
<status status="PASS" starttime="20240904 02:42:58.804" endtime="20240904 02:42:59.259"/>
</kw>
<status status="PASS" starttime="20240904 02:42:58.775" endtime="20240904 02:42:59.260"/>
</kw>
<status status="PASS" starttime="20240904 02:42:58.775" endtime="20240904 02:42:59.260"/>
</kw>
<kw name="Scroll to book" library="index_page">
<kw name="Element visible when ready" library="common">
<arg>${book_name.txt}</arg>
<kw name="Wait Until Element Is Visible" library="SeleniumLibrary">
<arg>${locator}</arg>
<arg>${time}</arg>
<doc>Waits until the element ``locator`` is visible.</doc>
<status status="PASS" starttime="20240904 02:42:59.263" endtime="20240904 02:42:59.303"/>
</kw>
<kw name="Element Should Be Visible" library="SeleniumLibrary">
<arg>${locator}</arg>
<doc>Verifies that the element identified by ``locator`` is visible.</doc>
<msg timestamp="20240904 02:42:59.330" level="INFO">Element '//div[contains(@class , "card-detail")]//following-sibling::h5[@class="detail-title"]' is displayed.</msg>
<status status="PASS" starttime="20240904 02:42:59.303" endtime="20240904 02:42:59.330"/>
</kw>
<status status="PASS" starttime="20240904 02:42:59.260" endtime="20240904 02:42:59.330"/>
</kw>
<kw name="Scroll Element Into View" library="SeleniumLibrary">
<arg>${book_name.txt}</arg>
<doc>Scrolls the element identified by ``locator`` into view.</doc>
<status status="PASS" starttime="20240904 02:42:59.330" endtime="20240904 02:42:59.616"/>
</kw>
<status status="PASS" starttime="20240904 02:42:59.260" endtime="20240904 02:42:59.617"/>
</kw>
<kw name="Get book name" library="index_page">
<var>${booksName}</var>
<arg>${TC_1.data4.quantityBook}</arg>
<kw name="Create List" library="BuiltIn">
<var>${name_list}</var>
<doc>Returns a list containing given items.</doc>
<msg timestamp="20240904 02:42:59.621" level="INFO">${name_list} = []</msg>
<status status="PASS" starttime="20240904 02:42:59.620" endtime="20240904 02:42:59.621"/>
</kw>
<for flavor="IN RANGE">
<var>${index}</var>
<value>1</value>
<value>${quantityBook}+1</value>
<iter>
<var name="${index}">1</var>
<kw name="Get text when ready" library="common">
<var>${book_name_list}</var>
<arg>(${bookName.txt})[${index}]</arg>
<kw name="Wait Until Element Is Visible" library="SeleniumLibrary">
<arg>${locator}</arg>
<arg>${time}</arg>
<doc>Waits until the element ``locator`` is visible.</doc>
<status status="PASS" starttime="20240904 02:42:59.625" endtime="20240904 02:42:59.653"/>
</kw>
<kw name="Get Text" library="SeleniumLibrary">
<var>${getText}</var>
<arg>${locator}</arg>
<doc>Returns the text value of the element identified by ``locator``.</doc>
<msg timestamp="20240904 02:42:59.677" level="INFO">${getText} = [จัดส่ง20ก.ย.67] BOXSET TOTTEOKI DORAEMON ตอนสัตว์เลี้ยงแสนรัก</msg>
<status status="PASS" starttime="20240904 02:42:59.654" endtime="20240904 02:42:59.677"/>
</kw>
<return>
<value>${getText}</value>
<status status="PASS" starttime="20240904 02:42:59.677" endtime="20240904 02:42:59.677"/>
</return>
<msg timestamp="20240904 02:42:59.678" level="INFO">${book_name_list} = [จัดส่ง20ก.ย.67] BOXSET TOTTEOKI DORAEMON ตอนสัตว์เลี้ยงแสนรัก</msg>
<status status="PASS" starttime="20240904 02:42:59.622" endtime="20240904 02:42:59.678"/>
</kw>
<kw name="Append To List" library="Collections">
<arg>${name_list}</arg>
<arg>${book_name_list}</arg>
<doc>Adds ``values`` to the end of ``list``.</doc>
<status status="PASS" starttime="20240904 02:42:59.678" endtime="20240904 02:42:59.678"/>
</kw>
<status status="PASS" starttime="20240904 02:42:59.622" endtime="20240904 02:42:59.678"/>
</iter>
<iter>
<var name="${index}">2</var>
<kw name="Get text when ready" library="common">
<var>${book_name_list}</var>
<arg>(${bookName.txt})[${index}]</arg>
<kw name="Wait Until Element Is Visible" library="SeleniumLibrary">
<arg>${locator}</arg>
<arg>${time}</arg>
<doc>Waits until the element ``locator`` is visible.</doc>
<status status="PASS" starttime="20240904 02:42:59.680" endtime="20240904 02:42:59.699"/>
</kw>
<kw name="Get Text" library="SeleniumLibrary">
<var>${getText}</var>
<arg>${locator}</arg>
<doc>Returns the text value of the element identified by ``locator``.</doc>
<msg timestamp="20240904 02:42:59.714" level="INFO">${getText} = TOTTEOKI DORAEMON ตอนสัตว์เลี้ยงแสนรัก</msg>
<status status="PASS" starttime="20240904 02:42:59.699" endtime="20240904 02:42:59.714"/>
</kw>
<return>
<value>${getText}</value>
<status status="PASS" starttime="20240904 02:42:59.714" endtime="20240904 02:42:59.714"/>
</return>
<msg timestamp="20240904 02:42:59.715" level="INFO">${book_name_list} = TOTTEOKI DORAEMON ตอนสัตว์เลี้ยงแสนรัก</msg>
<status status="PASS" starttime="20240904 02:42:59.678" endtime="20240904 02:42:59.715"/>
</kw>
<kw name="Append To List" library="Collections">
<arg>${name_list}</arg>
<arg>${book_name_list}</arg>
<doc>Adds ``values`` to the end of ``list``.</doc>
<status status="PASS" starttime="20240904 02:42:59.715" endtime="20240904 02:42:59.715"/>
</kw>
<status status="PASS" starttime="20240904 02:42:59.678" endtime="20240904 02:42:59.715"/>
</iter>
<iter>
<var name="${index}">3</var>
<kw name="Get text when ready" library="common">
<var>${book_name_list}</var>
<arg>(${bookName.txt})[${index}]</arg>
<kw name="Wait Until Element Is Visible" library="SeleniumLibrary">
<arg>${locator}</arg>
<arg>${time}</arg>
<doc>Waits until the element ``locator`` is visible.</doc>
<status status="PASS" starttime="20240904 02:42:59.716" endtime="20240904 02:42:59.740"/>
</kw>
<kw name="Get Text" library="SeleniumLibrary">
<var>${getText}</var>
<arg>${locator}</arg>
<doc>Returns the text value of the element identified by ``locator``.</doc>
<msg timestamp="20240904 02:42:59.754" level="INFO">${getText} = The JOJOLands โจโจ้ ล่าข้ามศตวรรษ Part9 เดอะ โจโจ้ แลนดส์ เล่ม 1</msg>
<status status="PASS" starttime="20240904 02:42:59.740" endtime="20240904 02:42:59.754"/>
</kw>
<return>
<value>${getText}</value>
<status status="PASS" starttime="20240904 02:42:59.754" endtime="20240904 02:42:59.754"/>
</return>
<msg timestamp="20240904 02:42:59.754" level="INFO">${book_name_list} = The JOJOLands โจโจ้ ล่าข้ามศตวรรษ Part9 เดอะ โจโจ้ แลนดส์ เล่ม 1</msg>
<status status="PASS" starttime="20240904 02:42:59.715" endtime="20240904 02:42:59.754"/>
</kw>
<kw name="Append To List" library="Collections">
<arg>${name_list}</arg>
<arg>${book_name_list}</arg>
<doc>Adds ``values`` to the end of ``list``.</doc>
<status status="PASS" starttime="20240904 02:42:59.754" endtime="20240904 02:42:59.754"/>
</kw>
<status status="PASS" starttime="20240904 02:42:59.715" endtime="20240904 02:42:59.754"/>
</iter>
<iter>
<var name="${index}">4</var>
<kw name="Get text when ready" library="common">
<var>${book_name_list}</var>
<arg>(${bookName.txt})[${index}]</arg>
<kw name="Wait Until Element Is Visible" library="SeleniumLibrary">
<arg>${locator}</arg>
<arg>${time}</arg>
<doc>Waits until the element ``locator`` is visible.</doc>
<status status="PASS" starttime="20240904 02:42:59.756" endtime="20240904 02:42:59.779"/>
</kw>
<kw name="Get Text" library="SeleniumLibrary">
<var>${getText}</var>
<arg>${locator}</arg>
<doc>Returns the text value of the element identified by ``locator``.</doc>
<msg timestamp="20240904 02:42:59.794" level="INFO">${getText} = ชุด ชินจัง เดอะมูฟวี่ ตอน ไดอารี่เพื่อนรัก ไดโนเสาร์ของพวกเราพร้อม เสื้อยืด</msg>
<status status="PASS" starttime="20240904 02:42:59.779" endtime="20240904 02:42:59.795"/>
</kw>
<return>
<value>${getText}</value>
<status status="PASS" starttime="20240904 02:42:59.795" endtime="20240904 02:42:59.795"/>
</return>
<msg timestamp="20240904 02:42:59.796" level="INFO">${book_name_list} = ชุด ชินจัง เดอะมูฟวี่ ตอน ไดอารี่เพื่อนรัก ไดโนเสาร์ของพวกเราพร้อม เสื้อยืด</msg>
<status status="PASS" starttime="20240904 02:42:59.755" endtime="20240904 02:42:59.796"/>
</kw>
<kw name="Append To List" library="Collections">
<arg>${name_list}</arg>
<arg>${book_name_list}</arg>
<doc>Adds ``values`` to the end of ``list``.</doc>
<status status="PASS" starttime="20240904 02:42:59.796" endtime="20240904 02:42:59.796"/>
</kw>
<status status="PASS" starttime="20240904 02:42:59.755" endtime="20240904 02:42:59.796"/>
</iter>
<iter>
<var name="${index}">5</var>
<kw name="Get text when ready" library="common">
<var>${book_name_list}</var>
<arg>(${bookName.txt})[${index}]</arg>
<kw name="Wait Until Element Is Visible" library="SeleniumLibrary">
<arg>${locator}</arg>
<arg>${time}</arg>
<doc>Waits until the element ``locator`` is visible.</doc>
<status status="PASS" starttime="20240904 02:42:59.797" endtime="20240904 02:42:59.816"/>
</kw>
<kw name="Get Text" library="SeleniumLibrary">
<var>${getText}</var>
<arg>${locator}</arg>
<doc>Returns the text value of the element identified by ``locator``.</doc>
<msg timestamp="20240904 02:42:59.845" level="INFO">${getText} = ชินจัง เดอะมูฟวี่ ตอน ไดอารี่เพื่อนรัก ไดโนเสาร์ของพวกเรา</msg>
<status status="PASS" starttime="20240904 02:42:59.817" endtime="20240904 02:42:59.845"/>
</kw>
<return>
<value>${getText}</value>
<status status="PASS" starttime="20240904 02:42:59.845" endtime="20240904 02:42:59.845"/>
</return>
<msg timestamp="20240904 02:42:59.845" level="INFO">${book_name_list} = ชินจัง เดอะมูฟวี่ ตอน ไดอารี่เพื่อนรัก ไดโนเสาร์ของพวกเรา</msg>
<status status="PASS" starttime="20240904 02:42:59.796" endtime="20240904 02:42:59.845"/>
</kw>
<kw name="Append To List" library="Collections">
<arg>${name_list}</arg>
<arg>${book_name_list}</arg>
<doc>Adds ``values`` to the end of ``list``.</doc>
<status status="PASS" starttime="20240904 02:42:59.846" endtime="20240904 02:42:59.846"/>
</kw>
<status status="PASS" starttime="20240904 02:42:59.796" endtime="20240904 02:42:59.846"/>
</iter>
<status status="PASS" starttime="20240904 02:42:59.621" endtime="20240904 02:42:59.846"/>
</for>
<msg timestamp="20240904 02:42:59.846" level="INFO">${booksName} = ['[จัดส่ง20ก.ย.67] BOXSET TOTTEOKI DORAEMON ตอนสัตว์เลี้ยงแสนรัก', 'TOTTEOKI DORAEMON ตอนสัตว์เลี้ยงแสนรัก', 'The JOJOLands โจโจ้ ล่าข้ามศตวรรษ Part9 เดอะ โจโจ้ แลนดส์ เล่ม 1', 'ชุด ชินจัง เดอะมูฟวี่ ...</msg>
<status status="PASS" starttime="20240904 02:42:59.617" endtime="20240904 02:42:59.846"/>
</kw>
<kw name="Add book to cart" library="index_page">
<arg>${TC_1.data4.quantityBook}</arg>
<kw name="Element visible when ready" library="common">
<arg>${book_addCart.btn}</arg>
<kw name="Wait Until Element Is Visible" library="SeleniumLibrary">
<arg>${locator}</arg>
<arg>${time}</arg>
<doc>Waits until the element ``locator`` is visible.</doc>
<status status="PASS" starttime="20240904 02:42:59.848" endtime="20240904 02:42:59.872"/>
</kw>
<kw name="Element Should Be Visible" library="SeleniumLibrary">
<arg>${locator}</arg>
<doc>Verifies that the element identified by ``locator`` is visible.</doc>
<msg timestamp="20240904 02:42:59.890" level="INFO">Element '//button[@id="quick-cart-button"]' is displayed.</msg>
<status status="PASS" starttime="20240904 02:42:59.872" endtime="20240904 02:42:59.890"/>
</kw>
<status status="PASS" starttime="20240904 02:42:59.847" endtime="20240904 02:42:59.890"/>
</kw>
<kw name="Scroll Element Into View" library="SeleniumLibrary">
<arg>${book_addCart.btn}</arg>
<doc>Scrolls the element identified by ``locator`` into view.</doc>
<status status="PASS" starttime="20240904 02:42:59.890" endtime="20240904 02:43:00.166"/>
</kw>
<for flavor="IN RANGE">
<var>${index}</var>
<value>1</value>
<value>${quantityBook}+1</value>
<iter>
<var name="${index}">1</var>
<kw name="Click element when ready" library="common">
<arg>(${book_addCart.btn})[${index}]</arg>
<kw name="Wait Until Element Is Visible" library="SeleniumLibrary">
<arg>${locator}</arg>
<arg>${time}</arg>
<doc>Waits until the element ``locator`` is visible.</doc>
<status status="PASS" starttime="20240904 02:43:00.169" endtime="20240904 02:43:00.192"/>
</kw>
<kw name="Click Element" library="SeleniumLibrary">
<arg>${locator}</arg>
<doc>Click the element identified by ``locator``.</doc>
<msg timestamp="20240904 02:43:00.192" level="INFO">Clicking element '(//button[@id="quick-cart-button"])[1]'.</msg>
<status status="PASS" starttime="20240904 02:43:00.192" endtime="20240904 02:43:00.250"/>
</kw>
<status status="PASS" starttime="20240904 02:43:00.167" endtime="20240904 02:43:00.251"/>
</kw>
<kw name="Element visible when ready" library="common">
<arg>${alert_addCart.txt}</arg>
<kw name="Wait Until Element Is Visible" library="SeleniumLibrary">
<arg>${locator}</arg>
<arg>${time}</arg>
<doc>Waits until the element ``locator`` is visible.</doc>
<status status="PASS" starttime="20240904 02:43:00.252" endtime="20240904 02:43:01.358"/>
</kw>
<kw name="Element Should Be Visible" library="SeleniumLibrary">
<arg>${locator}</arg>
<doc>Verifies that the element identified by ``locator`` is visible.</doc>
<msg timestamp="20240904 02:43:01.380" level="INFO">Element '//div[@id="toast-container"]' is displayed.</msg>
<status status="PASS" starttime="20240904 02:43:01.358" endtime="20240904 02:43:01.380"/>
</kw>
<status status="PASS" starttime="20240904 02:43:00.251" endtime="20240904 02:43:01.380"/>
</kw>
<kw name="Element not visible when ready" library="common">
<arg>${alert_addCart.txt}</arg>
<kw name="Wait Until Element Is Not Visible" library="SeleniumLibrary">
<arg>${locator}</arg>
<arg>${time}</arg>
<doc>Waits until the element ``locator`` is not visible.</doc>
<status status="PASS" starttime="20240904 02:43:01.381" endtime="20240904 02:43:03.419"/>
</kw>
<kw name="Element Should Not Be Visible" library="SeleniumLibrary">
<arg>${locator}</arg>
<doc>Verifies that the element identified by ``locator`` is NOT visible.</doc>
<msg timestamp="20240904 02:43:03.432" level="INFO">Element '//div[@id="toast-container"]' did not exist.</msg>
<status status="PASS" starttime="20240904 02:43:03.420" endtime="20240904 02:43:03.433"/>
</kw>
<status status="PASS" starttime="20240904 02:43:01.380" endtime="20240904 02:43:03.433"/>
</kw>
<status status="PASS" starttime="20240904 02:43:00.167" endtime="20240904 02:43:03.433"/>
</iter>
<iter>
<var name="${index}">2</var>
<kw name="Click element when ready" library="common">
<arg>(${book_addCart.btn})[${index}]</arg>
<kw name="Wait Until Element Is Visible" library="SeleniumLibrary">
<arg>${locator}</arg>
<arg>${time}</arg>
<doc>Waits until the element ``locator`` is visible.</doc>
<status status="PASS" starttime="20240904 02:43:03.435" endtime="20240904 02:43:03.467"/>
</kw>
<kw name="Click Element" library="SeleniumLibrary">
<arg>${locator}</arg>
<doc>Click the element identified by ``locator``.</doc>
<msg timestamp="20240904 02:43:03.468" level="INFO">Clicking element '(//button[@id="quick-cart-button"])[2]'.</msg>
<status status="PASS" starttime="20240904 02:43:03.467" endtime="20240904 02:43:03.521"/>
</kw>
<status status="PASS" starttime="20240904 02:43:03.433" endtime="20240904 02:43:03.522"/>
</kw>
<kw name="Element visible when ready" library="common">
<arg>${alert_addCart.txt}</arg>
<kw name="Wait Until Element Is Visible" library="SeleniumLibrary">
<arg>${locator}</arg>
<arg>${time}</arg>
<doc>Waits until the element ``locator`` is visible.</doc>
<status status="PASS" starttime="20240904 02:43:03.525" endtime="20240904 02:43:04.622"/>
</kw>
<kw name="Element Should Be Visible" library="SeleniumLibrary">
<arg>${locator}</arg>
<doc>Verifies that the element identified by ``locator`` is visible.</doc>
<msg timestamp="20240904 02:43:04.641" level="INFO">Element '//div[@id="toast-container"]' is displayed.</msg>
<status status="PASS" starttime="20240904 02:43:04.622" endtime="20240904 02:43:04.641"/>
</kw>
<status status="PASS" starttime="20240904 02:43:03.523" endtime="20240904 02:43:04.642"/>
</kw>
<kw name="Element not visible when ready" library="common">
<arg>${alert_addCart.txt}</arg>
<kw name="Wait Until Element Is Not Visible" library="SeleniumLibrary">
<arg>${locator}</arg>
<arg>${time}</arg>
<doc>Waits until the element ``locator`` is not visible.</doc>
<msg timestamp="20240904 02:43:06.500" level="INFO">Suppressing StaleElementReferenceException from Selenium.</msg>
<status status="PASS" starttime="20240904 02:43:04.643" endtime="20240904 02:43:06.713"/>
</kw>
<kw name="Element Should Not Be Visible" library="SeleniumLibrary">
<arg>${locator}</arg>
<doc>Verifies that the element identified by ``locator`` is NOT visible.</doc>
<msg timestamp="20240904 02:43:06.724" level="INFO">Element '//div[@id="toast-container"]' did not exist.</msg>
<status status="PASS" starttime="20240904 02:43:06.714" endtime="20240904 02:43:06.724"/>
</kw>
<status status="PASS" starttime="20240904 02:43:04.642" endtime="20240904 02:43:06.724"/>
</kw>
<status status="PASS" starttime="20240904 02:43:03.433" endtime="20240904 02:43:06.724"/>
</iter>
<iter>
<var name="${index}">3</var>
<kw name="Click element when ready" library="common">
<arg>(${book_addCart.btn})[${index}]</arg>
<kw name="Wait Until Element Is Visible" library="SeleniumLibrary">
<arg>${locator}</arg>
<arg>${time}</arg>
<doc>Waits until the element ``locator`` is visible.</doc>
<status status="PASS" starttime="20240904 02:43:06.726" endtime="20240904 02:43:06.745"/>
</kw>
<kw name="Click Element" library="SeleniumLibrary">
<arg>${locator}</arg>
<doc>Click the element identified by ``locator``.</doc>
<msg timestamp="20240904 02:43:06.746" level="INFO">Clicking element '(//button[@id="quick-cart-button"])[3]'.</msg>
<status status="PASS" starttime="20240904 02:43:06.745" endtime="20240904 02:43:06.800"/>
</kw>
<status status="PASS" starttime="20240904 02:43:06.724" endtime="20240904 02:43:06.800"/>
</kw>
<kw name="Element visible when ready" library="common">
<arg>${alert_addCart.txt}</arg>
<kw name="Wait Until Element Is Visible" library="SeleniumLibrary">
<arg>${locator}</arg>
<arg>${time}</arg>
<doc>Waits until the element ``locator`` is visible.</doc>
<status status="PASS" starttime="20240904 02:43:06.802" endtime="20240904 02:43:07.049"/>
</kw>
<kw name="Element Should Be Visible" library="SeleniumLibrary">
<arg>${locator}</arg>
<doc>Verifies that the element identified by ``locator`` is visible.</doc>
<msg timestamp="20240904 02:43:07.067" level="INFO">Element '//div[@id="toast-container"]' is displayed.</msg>
<status status="PASS" starttime="20240904 02:43:07.049" endtime="20240904 02:43:07.067"/>
</kw>
<status status="PASS" starttime="20240904 02:43:06.801" endtime="20240904 02:43:07.068"/>
</kw>
<kw name="Element not visible when ready" library="common">
<arg>${alert_addCart.txt}</arg>
<kw name="Wait Until Element Is Not Visible" library="SeleniumLibrary">
<arg>${locator}</arg>
<arg>${time}</arg>
<doc>Waits until the element ``locator`` is not visible.</doc>
<status status="PASS" starttime="20240904 02:43:07.069" endtime="20240904 02:43:08.845"/>
</kw>
<kw name="Element Should Not Be Visible" library="SeleniumLibrary">
<arg>${locator}</arg>
<doc>Verifies that the element identified by ``locator`` is NOT visible.</doc>
<msg timestamp="20240904 02:43:08.853" level="INFO">Element '//div[@id="toast-container"]' did not exist.</msg>
<status status="PASS" starttime="20240904 02:43:08.846" endtime="20240904 02:43:08.853"/>
</kw>
<status status="PASS" starttime="20240904 02:43:07.068" endtime="20240904 02:43:08.853"/>
</kw>
<status status="PASS" starttime="20240904 02:43:06.724" endtime="20240904 02:43:08.853"/>
</iter>
<iter>
<var name="${index}">4</var>
<kw name="Click element when ready" library="common">
<arg>(${book_addCart.btn})[${index}]</arg>
<kw name="Wait Until Element Is Visible" library="SeleniumLibrary">
<arg>${locator}</arg>
<arg>${time}</arg>
<doc>Waits until the element ``locator`` is visible.</doc>
<status status="PASS" starttime="20240904 02:43:08.854" endtime="20240904 02:43:08.880"/>
</kw>
<kw name="Click Element" library="SeleniumLibrary">
<arg>${locator}</arg>
<doc>Click the element identified by ``locator``.</doc>
<msg timestamp="20240904 02:43:08.880" level="INFO">Clicking element '(//button[@id="quick-cart-button"])[4]'.</msg>
<status status="PASS" starttime="20240904 02:43:08.880" endtime="20240904 02:43:08.936"/>
</kw>
<status status="PASS" starttime="20240904 02:43:08.853" endtime="20240904 02:43:08.937"/>
</kw>
<kw name="Element visible when ready" library="common">
<arg>${alert_addCart.txt}</arg>
<kw name="Wait Until Element Is Visible" library="SeleniumLibrary">
<arg>${locator}</arg>
<arg>${time}</arg>
<doc>Waits until the element ``locator`` is visible.</doc>
<status status="PASS" starttime="20240904 02:43:08.938" endtime="20240904 02:43:09.170"/>
</kw>
<kw name="Element Should Be Visible" library="SeleniumLibrary">
<arg>${locator}</arg>
<doc>Verifies that the element identified by ``locator`` is visible.</doc>
<msg timestamp="20240904 02:43:09.193" level="INFO">Element '//div[@id="toast-container"]' is displayed.</msg>
<status status="PASS" starttime="20240904 02:43:09.170" endtime="20240904 02:43:09.193"/>
</kw>
<status status="PASS" starttime="20240904 02:43:08.937" endtime="20240904 02:43:09.193"/>
</kw>
<kw name="Element not visible when ready" library="common">
<arg>${alert_addCart.txt}</arg>
<kw name="Wait Until Element Is Not Visible" library="SeleniumLibrary">
<arg>${locator}</arg>
<arg>${time}</arg>
<doc>Waits until the element ``locator`` is not visible.</doc>
<status status="PASS" starttime="20240904 02:43:09.194" endtime="20240904 02:43:11.021"/>
</kw>
<kw name="Element Should Not Be Visible" library="SeleniumLibrary">
<arg>${locator}</arg>
<doc>Verifies that the element identified by ``locator`` is NOT visible.</doc>
<msg timestamp="20240904 02:43:11.035" level="INFO">Element '//div[@id="toast-container"]' did not exist.</msg>
<status status="PASS" starttime="20240904 02:43:11.021" endtime="20240904 02:43:11.035"/>
</kw>
<status status="PASS" starttime="20240904 02:43:09.193" endtime="20240904 02:43:11.035"/>
</kw>
<status status="PASS" starttime="20240904 02:43:08.853" endtime="20240904 02:43:11.035"/>
</iter>
<iter>
<var name="${index}">5</var>
<kw name="Click element when ready" library="common">
<arg>(${book_addCart.btn})[${index}]</arg>
<kw name="Wait Until Element Is Visible" library="SeleniumLibrary">
<arg>${locator}</arg>
<arg>${time}</arg>
<doc>Waits until the element ``locator`` is visible.</doc>
<status status="PASS" starttime="20240904 02:43:11.036" endtime="20240904 02:43:11.053"/>
</kw>
<kw name="Click Element" library="SeleniumLibrary">
<arg>${locator}</arg>
<doc>Click the element identified by ``locator``.</doc>
<msg timestamp="20240904 02:43:11.054" level="INFO">Clicking element '(//button[@id="quick-cart-button"])[5]'.</msg>
<status status="PASS" starttime="20240904 02:43:11.053" endtime="20240904 02:43:11.099"/>
</kw>
<status status="PASS" starttime="20240904 02:43:11.035" endtime="20240904 02:43:11.099"/>
</kw>
<kw name="Element visible when ready" library="common">
<arg>${alert_addCart.txt}</arg>
<kw name="Wait Until Element Is Visible" library="SeleniumLibrary">
<arg>${locator}</arg>
<arg>${time}</arg>
<doc>Waits until the element ``locator`` is visible.</doc>
<status status="PASS" starttime="20240904 02:43:11.101" endtime="20240904 02:43:11.333"/>
</kw>
<kw name="Element Should Be Visible" library="SeleniumLibrary">
<arg>${locator}</arg>
<doc>Verifies that the element identified by ``locator`` is visible.</doc>
<msg timestamp="20240904 02:43:11.347" level="INFO">Element '//div[@id="toast-container"]' is displayed.</msg>
<status status="PASS" starttime="20240904 02:43:11.333" endtime="20240904 02:43:11.347"/>
</kw>
<status status="PASS" starttime="20240904 02:43:11.099" endtime="20240904 02:43:11.347"/>
</kw>
<kw name="Element not visible when ready" library="common">
<arg>${alert_addCart.txt}</arg>
<kw name="Wait Until Element Is Not Visible" library="SeleniumLibrary">
<arg>${locator}</arg>
<arg>${time}</arg>
<doc>Waits until the element ``locator`` is not visible.</doc>
<status status="PASS" starttime="20240904 02:43:11.349" endtime="20240904 02:43:13.169"/>
</kw>
<kw name="Element Should Not Be Visible" library="SeleniumLibrary">
<arg>${locator}</arg>
<doc>Verifies that the element identified by ``locator`` is NOT visible.</doc>
<msg timestamp="20240904 02:43:13.182" level="INFO">Element '//div[@id="toast-container"]' did not exist.</msg>
<status status="PASS" starttime="20240904 02:43:13.170" endtime="20240904 02:43:13.182"/>
</kw>
<status status="PASS" starttime="20240904 02:43:11.348" endtime="20240904 02:43:13.182"/>
</kw>
<status status="PASS" starttime="20240904 02:43:11.035" endtime="20240904 02:43:13.182"/>
</iter>
<status status="PASS" starttime="20240904 02:43:00.167" endtime="20240904 02:43:13.182"/>
</for>
<status status="PASS" starttime="20240904 02:42:59.846" endtime="20240904 02:43:13.182"/>
</kw>
<kw name="Verify quantity on cart" library="navbar_page">
<arg>${TC_1.data4.quantityBook}</arg>
<kw name="Get text when ready" library="common">
<var>${cartNow}</var>
<arg>${cartBadge.txt}</arg>
<kw name="Wait Until Element Is Visible" library="SeleniumLibrary">
<arg>${locator}</arg>
<arg>${time}</arg>
<doc>Waits until the element ``locator`` is visible.</doc>
<status status="PASS" starttime="20240904 02:43:13.186" endtime="20240904 02:43:13.204"/>
</kw>
<kw name="Get Text" library="SeleniumLibrary">
<var>${getText}</var>
<arg>${locator}</arg>
<doc>Returns the text value of the element identified by ``locator``.</doc>
<msg timestamp="20240904 02:43:13.217" level="INFO">${getText} = 5</msg>
<status status="PASS" starttime="20240904 02:43:13.204" endtime="20240904 02:43:13.217"/>
</kw>
<return>
<value>${getText}</value>
<status status="PASS" starttime="20240904 02:43:13.217" endtime="20240904 02:43:13.217"/>
</return>
<msg timestamp="20240904 02:43:13.218" level="INFO">${cartNow} = 5</msg>
<status status="PASS" starttime="20240904 02:43:13.184" endtime="20240904 02:43:13.218"/>
</kw>
<kw name="Convert To Integer" library="BuiltIn">
<var>${cartNow_int}</var>
<arg>${cartNow}</arg>
<doc>Converts the given item to an integer number.</doc>
<msg timestamp="20240904 02:43:13.218" level="INFO">${cartNow_int} = 5</msg>
<status status="PASS" starttime="20240904 02:43:13.218" endtime="20240904 02:43:13.218"/>
</kw>
<kw name="Should Be Equal" library="BuiltIn">
<arg>${cartNow_int}</arg>
<arg>${quantityBook}</arg>
<doc>Fails if the given objects are unequal.</doc>
<status status="PASS" starttime="20240904 02:43:13.218" endtime="20240904 02:43:13.219"/>
</kw>
<status status="PASS" starttime="20240904 02:43:13.183" endtime="20240904 02:43:13.219"/>
</kw>
<kw name="Click cart" library="navbar_page">
<kw name="Click element when ready" library="common">
<arg>${cart.btn}</arg>
<kw name="Wait Until Element Is Visible" library="SeleniumLibrary">
<arg>${locator}</arg>
<arg>${time}</arg>
<doc>Waits until the element ``locator`` is visible.</doc>
<status status="PASS" starttime="20240904 02:43:13.221" endtime="20240904 02:43:13.240"/>
</kw>
<kw name="Click Element" library="SeleniumLibrary">
<arg>${locator}</arg>
<doc>Click the element identified by ``locator``.</doc>
<msg timestamp="20240904 02:43:13.240" level="INFO">Clicking element '//div[@class="nev-noti-icon"]/a[contains(@href ,"cart")]'.</msg>
<status status="PASS" starttime="20240904 02:43:13.240" endtime="20240904 02:43:13.716"/>
</kw>
<status status="PASS" starttime="20240904 02:43:13.219" endtime="20240904 02:43:13.717"/>
</kw>
<status status="PASS" starttime="20240904 02:43:13.219" endtime="20240904 02:43:13.717"/>
</kw>
<kw name="Verify book name on cart" library="cartDetail_page">
<arg>${booksName}</arg>
<arg>${TC_1.data4.quantityBook}</arg>
<kw name="Element visible when ready" library="common">
<arg>${bookNameCart.txt}</arg>
<kw name="Wait Until Element Is Visible" library="SeleniumLibrary">
<arg>${locator}</arg>
<arg>${time}</arg>
<doc>Waits until the element ``locator`` is visible.</doc>
<status status="PASS" starttime="20240904 02:43:13.721" endtime="20240904 02:43:13.754"/>
</kw>
<kw name="Element Should Be Visible" library="SeleniumLibrary">
<arg>${locator}</arg>
<doc>Verifies that the element identified by ``locator`` is visible.</doc>
<msg timestamp="20240904 02:43:13.768" level="INFO">Element '//p[@class="text-date"]/preceding-sibling::p[1]' is displayed.</msg>
<status status="PASS" starttime="20240904 02:43:13.755" endtime="20240904 02:43:13.768"/>
</kw>
<status status="PASS" starttime="20240904 02:43:13.720" endtime="20240904 02:43:13.769"/>
</kw>
<kw name="Scroll Element Into View" library="SeleniumLibrary">
<arg>${bookNameCart.txt}</arg>
<doc>Scrolls the element identified by ``locator`` into view.</doc>
<status status="PASS" starttime="20240904 02:43:13.769" endtime="20240904 02:43:14.056"/>
</kw>
<for flavor="IN RANGE">
<var>${index}</var>
<value>1</value>
<value>${quantityBook}+1</value>
<iter>
<var name="${index}">1</var>
<kw name="Get Text" library="SeleniumLibrary">
<var>${book_name_list_cart}</var>
<arg>(${bookNameCart.txt})[${index}]</arg>
<doc>Returns the text value of the element identified by ``locator``.</doc>
<msg timestamp="20240904 02:43:14.075" level="INFO">${book_name_list_cart} = [จัดส่ง20ก.ย.67] BOXSET TOTTEOKI DORAEMON ตอนสัตว์เลี้ยงแสนรัก</msg>
<status status="PASS" starttime="20240904 02:43:14.056" endtime="20240904 02:43:14.075"/>
</kw>
<kw name="Should Be Equal" library="BuiltIn">
<arg>${book_name_list_cart}</arg>
<arg>${bookName[${index}-1]}</arg>
<doc>Fails if the given objects are unequal.</doc>
<status status="PASS" starttime="20240904 02:43:14.075" endtime="20240904 02:43:14.077"/>
</kw>
<status status="PASS" starttime="20240904 02:43:14.056" endtime="20240904 02:43:14.077"/>
</iter>
<iter>
<var name="${index}">2</var>
<kw name="Get Text" library="SeleniumLibrary">
<var>${book_name_list_cart}</var>
<arg>(${bookNameCart.txt})[${index}]</arg>
<doc>Returns the text value of the element identified by ``locator``.</doc>
<msg timestamp="20240904 02:43:14.095" level="INFO">${book_name_list_cart} = TOTTEOKI DORAEMON ตอนสัตว์เลี้ยงแสนรัก</msg>
<status status="PASS" starttime="20240904 02:43:14.077" endtime="20240904 02:43:14.096"/>
</kw>
<kw name="Should Be Equal" library="BuiltIn">
<arg>${book_name_list_cart}</arg>
<arg>${bookName[${index}-1]}</arg>
<doc>Fails if the given objects are unequal.</doc>
<status status="PASS" starttime="20240904 02:43:14.096" endtime="20240904 02:43:14.097"/>
</kw>
<status status="PASS" starttime="20240904 02:43:14.077" endtime="20240904 02:43:14.097"/>
</iter>
<iter>
<var name="${index}">3</var>
<kw name="Get Text" library="SeleniumLibrary">
<var>${book_name_list_cart}</var>
<arg>(${bookNameCart.txt})[${index}]</arg>
<doc>Returns the text value of the element identified by ``locator``.</doc>
<msg timestamp="20240904 02:43:14.112" level="INFO">${book_name_list_cart} = The JOJOLands โจโจ้ ล่าข้ามศตวรรษ Part9 เดอะ โจโจ้ แลนดส์ เล่ม 1</msg>
<status status="PASS" starttime="20240904 02:43:14.097" endtime="20240904 02:43:14.112"/>
</kw>
<kw name="Should Be Equal" library="BuiltIn">
<arg>${book_name_list_cart}</arg>
<arg>${bookName[${index}-1]}</arg>
<doc>Fails if the given objects are unequal.</doc>
<status status="PASS" starttime="20240904 02:43:14.112" endtime="20240904 02:43:14.113"/>
</kw>
<status status="PASS" starttime="20240904 02:43:14.097" endtime="20240904 02:43:14.113"/>
</iter>
<iter>
<var name="${index}">4</var>
<kw name="Get Text" library="SeleniumLibrary">
<var>${book_name_list_cart}</var>
<arg>(${bookNameCart.txt})[${index}]</arg>
<doc>Returns the text value of the element identified by ``locator``.</doc>
<msg timestamp="20240904 02:43:14.134" level="INFO">${book_name_list_cart} = ชุด ชินจัง เดอะมูฟวี่ ตอน ไดอารี่เพื่อนรัก ไดโนเสาร์ของพวกเราพร้อม เสื้อยืด</msg>
<status status="PASS" starttime="20240904 02:43:14.114" endtime="20240904 02:43:14.134"/>
</kw>
<kw name="Should Be Equal" library="BuiltIn">
<arg>${book_name_list_cart}</arg>
<arg>${bookName[${index}-1]}</arg>
<doc>Fails if the given objects are unequal.</doc>
<status status="PASS" starttime="20240904 02:43:14.134" endtime="20240904 02:43:14.135"/>
</kw>
<status status="PASS" starttime="20240904 02:43:14.114" endtime="20240904 02:43:14.135"/>
</iter>
<iter>
<var name="${index}">5</var>
<kw name="Get Text" library="SeleniumLibrary">
<var>${book_name_list_cart}</var>
<arg>(${bookNameCart.txt})[${index}]</arg>
<doc>Returns the text value of the element identified by ``locator``.</doc>
<msg timestamp="20240904 02:43:14.151" level="INFO">${book_name_list_cart} = ชินจัง เดอะมูฟวี่ ตอน ไดอารี่เพื่อนรัก ไดโนเสาร์ของพวกเรา</msg>
<status status="PASS" starttime="20240904 02:43:14.136" endtime="20240904 02:43:14.151"/>
</kw>
<kw name="Should Be Equal" library="BuiltIn">
<arg>${book_name_list_cart}</arg>
<arg>${bookName[${index}-1]}</arg>
<doc>Fails if the given objects are unequal.</doc>
<status status="PASS" starttime="20240904 02:43:14.151" endtime="20240904 02:43:14.152"/>
</kw>
<status status="PASS" starttime="20240904 02:43:14.136" endtime="20240904 02:43:14.152"/>
</iter>
<status status="PASS" starttime="20240904 02:43:14.056" endtime="20240904 02:43:14.152"/>
</for>
<status status="PASS" starttime="20240904 02:43:13.718" endtime="20240904 02:43:14.152"/>
</kw>
<kw name="Close Browser" library="SeleniumLibrary" type="TEARDOWN">
<doc>Closes the current browser.</doc>
<status status="PASS" starttime="20240904 02:43:14.152" endtime="20240904 02:43:14.348"/>
</kw>
<status status="PASS" starttime="20240904 02:42:54.165" endtime="20240904 02:43:14.348"/>
</test>
<test id="s1-t5" name="TC_1.5 Test Add Book to Cart and Verify Total Price on Cart" line="41">
<kw name="Open web-demo" library="common">
<kw name="Open Browser" library="SeleniumLibrary">
<arg>${websiet.url}</arg>
<arg>${websiet.browser}</arg>
<doc>Opens a new browser instance to the optional ``url``.</doc>
<msg timestamp="20240904 02:43:14.352" level="INFO">Opening browser 'chrome' to base url 'https://www.nejavu.com'.</msg>
<status status="PASS" starttime="20240904 02:43:14.350" endtime="20240904 02:43:18.680"/>
</kw>
<kw name="Set Window Size" library="SeleniumLibrary">
<arg>1440</arg>
<arg>900</arg>
<doc>Sets current windows size to given ``width`` and ``height``.</doc>
<status status="PASS" starttime="20240904 02:43:18.681" endtime="20240904 02:43:18.863"/>
</kw>
<status status="PASS" starttime="20240904 02:43:14.350" endtime="20240904 02:43:18.863"/>
</kw>
<kw name="Close pop-up" library="index_page">
<kw name="Run Keyword And Return Status" library="BuiltIn">
<var>${ButtonClose}</var>
<arg>SeleniumLibrary.Wait Until Element Is Visible</arg>
<arg>${closeModal_banner.btn}</arg>
<doc>Runs the given keyword with given arguments and returns the status as a Boolean value.</doc>
<kw name="Wait Until Element Is Visible" library="SeleniumLibrary">
<arg>${closeModal_banner.btn}</arg>
<doc>Waits until the element ``locator`` is visible.</doc>
<status status="PASS" starttime="20240904 02:43:18.864" endtime="20240904 02:43:18.899"/>
</kw>
<msg timestamp="20240904 02:43:18.899" level="INFO">${ButtonClose} = True</msg>
<status status="PASS" starttime="20240904 02:43:18.864" endtime="20240904 02:43:18.899"/>
</kw>
<if>
<branch type="IF" condition="&quot;${ButtonClose}&quot;==&quot;True&quot;">
<kw name="Click Element" library="SeleniumLibrary">
<arg>${closeModal_banner.btn}</arg>
<doc>Click the element identified by ``locator``.</doc>
<msg timestamp="20240904 02:43:18.900" level="INFO">Clicking element '//a[@onclick="CloseModal()"]'.</msg>
<status status="PASS" starttime="20240904 02:43:18.900" endtime="20240904 02:43:18.955"/>
</kw>
<status status="PASS" starttime="20240904 02:43:18.899" endtime="20240904 02:43:18.955"/>
</branch>
<status status="PASS" starttime="20240904 02:43:18.899" endtime="20240904 02:43:18.955"/>
</if>
<status status="PASS" starttime="20240904 02:43:18.863" endtime="20240904 02:43:18.955"/>
</kw>
<kw name="Click accecpt cookie" library="index_page">
<kw name="Click element when ready" library="common">
<arg>${acceptCookie.btn}</arg>
<kw name="Wait Until Element Is Visible" library="SeleniumLibrary">
<arg>${locator}</arg>
<arg>${time}</arg>
<doc>Waits until the element ``locator`` is visible.</doc>
<status status="PASS" starttime="20240904 02:43:18.957" endtime="20240904 02:43:18.986"/>
</kw>
<kw name="Click Element" library="SeleniumLibrary">
<arg>${locator}</arg>
<doc>Click the element identified by ``locator``.</doc>
<msg timestamp="20240904 02:43:18.986" level="INFO">Clicking element '//a[@onclick="AcceptCookie()"]'.</msg>
<status status="PASS" starttime="20240904 02:43:18.986" endtime="20240904 02:43:19.623"/>
</kw>
<status status="PASS" starttime="20240904 02:43:18.956" endtime="20240904 02:43:19.623"/>
</kw>
<status status="PASS" starttime="20240904 02:43:18.955" endtime="20240904 02:43:19.623"/>
</kw>
<kw name="Scroll to book" library="index_page">
<kw name="Element visible when ready" library="common">
<arg>${book_name.txt}</arg>
<kw name="Wait Until Element Is Visible" library="SeleniumLibrary">
<arg>${locator}</arg>
<arg>${time}</arg>
<doc>Waits until the element ``locator`` is visible.</doc>
<status status="PASS" starttime="20240904 02:43:19.625" endtime="20240904 02:43:19.702"/>
</kw>
<kw name="Element Should Be Visible" library="SeleniumLibrary">
<arg>${locator}</arg>
<doc>Verifies that the element identified by ``locator`` is visible.</doc>
<msg timestamp="20240904 02:43:19.728" level="INFO">Element '//div[contains(@class , "card-detail")]//following-sibling::h5[@class="detail-title"]' is displayed.</msg>
<status status="PASS" starttime="20240904 02:43:19.702" endtime="20240904 02:43:19.728"/>
</kw>
<status status="PASS" starttime="20240904 02:43:19.624" endtime="20240904 02:43:19.728"/>
</kw>
<kw name="Scroll Element Into View" library="SeleniumLibrary">
<arg>${book_name.txt}</arg>
<doc>Scrolls the element identified by ``locator`` into view.</doc>
<status status="PASS" starttime="20240904 02:43:19.728" endtime="20240904 02:43:20.027"/>
</kw>
<status status="PASS" starttime="20240904 02:43:19.623" endtime="20240904 02:43:20.027"/>
</kw>
<kw name="Add book to cart" library="index_page">
<arg>${TC_1.data5.quantityBook}</arg>
<kw name="Element visible when ready" library="common">
<arg>${book_addCart.btn}</arg>
<kw name="Wait Until Element Is Visible" library="SeleniumLibrary">
<arg>${locator}</arg>
<arg>${time}</arg>
<doc>Waits until the element ``locator`` is visible.</doc>
<status status="PASS" starttime="20240904 02:43:20.031" endtime="20240904 02:43:20.053"/>
</kw>
<kw name="Element Should Be Visible" library="SeleniumLibrary">
<arg>${locator}</arg>
<doc>Verifies that the element identified by ``locator`` is visible.</doc>
<msg timestamp="20240904 02:43:20.070" level="INFO">Element '//button[@id="quick-cart-button"]' is displayed.</msg>
<status status="PASS" starttime="20240904 02:43:20.053" endtime="20240904 02:43:20.070"/>
</kw>
<status status="PASS" starttime="20240904 02:43:20.030" endtime="20240904 02:43:20.071"/>
</kw>
<kw name="Scroll Element Into View" library="SeleniumLibrary">
<arg>${book_addCart.btn}</arg>
<doc>Scrolls the element identified by ``locator`` into view.</doc>
<status status="PASS" starttime="20240904 02:43:20.071" endtime="20240904 02:43:20.362"/>
</kw>
<for flavor="IN RANGE">
<var>${index}</var>
<value>1</value>
<value>${quantityBook}+1</value>
<iter>
<var name="${index}">1</var>
<kw name="Click element when ready" library="common">
<arg>(${book_addCart.btn})[${index}]</arg>
<kw name="Wait Until Element Is Visible" library="SeleniumLibrary">
<arg>${locator}</arg>
<arg>${time}</arg>
<doc>Waits until the element ``locator`` is visible.</doc>
<status status="PASS" starttime="20240904 02:43:20.363" endtime="20240904 02:43:20.389"/>
</kw>
<kw name="Click Element" library="SeleniumLibrary">
<arg>${locator}</arg>
<doc>Click the element identified by ``locator``.</doc>
<msg timestamp="20240904 02:43:20.390" level="INFO">Clicking element '(//button[@id="quick-cart-button"])[1]'.</msg>
<status status="PASS" starttime="20240904 02:43:20.389" endtime="20240904 02:43:20.445"/>
</kw>
<status status="PASS" starttime="20240904 02:43:20.362" endtime="20240904 02:43:20.445"/>
</kw>
<kw name="Element visible when ready" library="common">
<arg>${alert_addCart.txt}</arg>
<kw name="Wait Until Element Is Visible" library="SeleniumLibrary">
<arg>${locator}</arg>
<arg>${time}</arg>
<doc>Waits until the element ``locator`` is visible.</doc>
<status status="PASS" starttime="20240904 02:43:20.447" endtime="20240904 02:43:20.683"/>
</kw>
<kw name="Element Should Be Visible" library="SeleniumLibrary">
<arg>${locator}</arg>
<doc>Verifies that the element identified by ``locator`` is visible.</doc>
<msg timestamp="20240904 02:43:20.699" level="INFO">Element '//div[@id="toast-container"]' is displayed.</msg>
<status status="PASS" starttime="20240904 02:43:20.683" endtime="20240904 02:43:20.699"/>
</kw>
<status status="PASS" starttime="20240904 02:43:20.445" endtime="20240904 02:43:20.700"/>
</kw>
<kw name="Element not visible when ready" library="common">
<arg>${alert_addCart.txt}</arg>
<kw name="Wait Until Element Is Not Visible" library="SeleniumLibrary">
<arg>${locator}</arg>
<arg>${time}</arg>
<doc>Waits until the element ``locator`` is not visible.</doc>
<status status="PASS" starttime="20240904 02:43:20.701" endtime="20240904 02:43:22.523"/>
</kw>
<kw name="Element Should Not Be Visible" library="SeleniumLibrary">
<arg>${locator}</arg>
<doc>Verifies that the element identified by ``locator`` is NOT visible.</doc>
<msg timestamp="20240904 02:43:22.535" level="INFO">Element '//div[@id="toast-container"]' did not exist.</msg>
<status status="PASS" starttime="20240904 02:43:22.523" endtime="20240904 02:43:22.535"/>
</kw>
<status status="PASS" starttime="20240904 02:43:20.700" endtime="20240904 02:43:22.536"/>
</kw>
<status status="PASS" starttime="20240904 02:43:20.362" endtime="20240904 02:43:22.536"/>
</iter>
<iter>
<var name="${index}">2</var>
<kw name="Click element when ready" library="common">
<arg>(${book_addCart.btn})[${index}]</arg>
<kw name="Wait Until Element Is Visible" library="SeleniumLibrary">
<arg>${locator}</arg>
<arg>${time}</arg>
<doc>Waits until the element ``locator`` is visible.</doc>
<status status="PASS" starttime="20240904 02:43:22.537" endtime="20240904 02:43:22.557"/>
</kw>
<kw name="Click Element" library="SeleniumLibrary">
<arg>${locator}</arg>
<doc>Click the element identified by ``locator``.</doc>
<msg timestamp="20240904 02:43:22.557" level="INFO">Clicking element '(//button[@id="quick-cart-button"])[2]'.</msg>
<status status="PASS" starttime="20240904 02:43:22.557" endtime="20240904 02:43:22.604"/>
</kw>
<status status="PASS" starttime="20240904 02:43:22.536" endtime="20240904 02:43:22.604"/>
</kw>
<kw name="Element visible when ready" library="common">
<arg>${alert_addCart.txt}</arg>
<kw name="Wait Until Element Is Visible" library="SeleniumLibrary">
<arg>${locator}</arg>
<arg>${time}</arg>
<doc>Waits until the element ``locator`` is visible.</doc>
<status status="PASS" starttime="20240904 02:43:22.606" endtime="20240904 02:43:23.928"/>
</kw>
<kw name="Element Should Be Visible" library="SeleniumLibrary">
<arg>${locator}</arg>
<doc>Verifies that the element identified by ``locator`` is visible.</doc>
<msg timestamp="20240904 02:43:23.947" level="INFO">Element '//div[@id="toast-container"]' is displayed.</msg>
<status status="PASS" starttime="20240904 02:43:23.929" endtime="20240904 02:43:23.947"/>
</kw>
<status status="PASS" starttime="20240904 02:43:22.604" endtime="20240904 02:43:23.947"/>
</kw>
<kw name="Element not visible when ready" library="common">
<arg>${alert_addCart.txt}</arg>
<kw name="Wait Until Element Is Not Visible" library="SeleniumLibrary">
<arg>${locator}</arg>
<arg>${time}</arg>
<doc>Waits until the element ``locator`` is not visible.</doc>
<status status="PASS" starttime="20240904 02:43:23.949" endtime="20240904 02:43:25.763"/>
</kw>
<kw name="Element Should Not Be Visible" library="SeleniumLibrary">
<arg>${locator}</arg>
<doc>Verifies that the element identified by ``locator`` is NOT visible.</doc>
<msg timestamp="20240904 02:43:25.783" level="INFO">Element '//div[@id="toast-container"]' did not exist.</msg>
<status status="PASS" starttime="20240904 02:43:25.763" endtime="20240904 02:43:25.783"/>
</kw>
<status status="PASS" starttime="20240904 02:43:23.948" endtime="20240904 02:43:25.783"/>
</kw>
<status status="PASS" starttime="20240904 02:43:22.536" endtime="20240904 02:43:25.783"/>
</iter>
<iter>
<var name="${index}">3</var>
<kw name="Click element when ready" library="common">
<arg>(${book_addCart.btn})[${index}]</arg>
<kw name="Wait Until Element Is Visible" library="SeleniumLibrary">
<arg>${locator}</arg>
<arg>${time}</arg>
<doc>Waits until the element ``locator`` is visible.</doc>
<status status="PASS" starttime="20240904 02:43:25.785" endtime="20240904 02:43:25.803"/>
</kw>
<kw name="Click Element" library="SeleniumLibrary">
<arg>${locator}</arg>
<doc>Click the element identified by ``locator``.</doc>
<msg timestamp="20240904 02:43:25.803" level="INFO">Clicking element '(//button[@id="quick-cart-button"])[3]'.</msg>
<status status="PASS" starttime="20240904 02:43:25.803" endtime="20240904 02:43:25.853"/>
</kw>
<status status="PASS" starttime="20240904 02:43:25.783" endtime="20240904 02:43:25.853"/>
</kw>
<kw name="Element visible when ready" library="common">
<arg>${alert_addCart.txt}</arg>
<kw name="Wait Until Element Is Visible" library="SeleniumLibrary">
<arg>${locator}</arg>
<arg>${time}</arg>
<doc>Waits until the element ``locator`` is visible.</doc>
<status status="PASS" starttime="20240904 02:43:25.855" endtime="20240904 02:43:26.093"/>
</kw>
<kw name="Element Should Be Visible" library="SeleniumLibrary">
<arg>${locator}</arg>
<doc>Verifies that the element identified by ``locator`` is visible.</doc>
<msg timestamp="20240904 02:43:26.112" level="INFO">Element '//div[@id="toast-container"]' is displayed.</msg>
<status status="PASS" starttime="20240904 02:43:26.093" endtime="20240904 02:43:26.112"/>
</kw>
<status status="PASS" starttime="20240904 02:43:25.853" endtime="20240904 02:43:26.112"/>
</kw>
<kw name="Element not visible when ready" library="common">
<arg>${alert_addCart.txt}</arg>
<kw name="Wait Until Element Is Not Visible" library="SeleniumLibrary">
<arg>${locator}</arg>
<arg>${time}</arg>
<doc>Waits until the element ``locator`` is not visible.</doc>
<status status="PASS" starttime="20240904 02:43:26.113" endtime="20240904 02:43:27.929"/>
</kw>
<kw name="Element Should Not Be Visible" library="SeleniumLibrary">
<arg>${locator}</arg>
<doc>Verifies that the element identified by ``locator`` is NOT visible.</doc>
<msg timestamp="20240904 02:43:27.937" level="INFO">Element '//div[@id="toast-container"]' did not exist.</msg>
<status status="PASS" starttime="20240904 02:43:27.929" endtime="20240904 02:43:27.937"/>
</kw>
<status status="PASS" starttime="20240904 02:43:26.112" endtime="20240904 02:43:27.937"/>
</kw>
<status status="PASS" starttime="20240904 02:43:25.783" endtime="20240904 02:43:27.937"/>
</iter>
[...]
<msg timestamp="20240904 02:43:50.567" level="INFO">${getText} = 5</msg>
<status status="PASS" starttime="20240904 02:43:50.555" endtime="20240904 02:43:50.567"/>
</kw>
<return>
<value>${getText}</value>
<status status="PASS" starttime="20240904 02:43:50.567" endtime="20240904 02:43:50.567"/>
</return>
<msg timestamp="20240904 02:43:50.567" level="INFO">${cartNow} = 5</msg>
<status status="PASS" starttime="20240904 02:43:50.522" endtime="20240904 02:43:50.567"/>
</kw>
<kw name="Convert To Integer" library="BuiltIn">
<var>${cartNow_int}</var>
<arg>${cartNow}</arg>
<doc>Converts the given item to an integer number.</doc>
<msg timestamp="20240904 02:43:50.568" level="INFO">${cartNow_int} = 5</msg>
<status status="PASS" starttime="20240904 02:43:50.568" endtime="20240904 02:43:50.568"/>
</kw>
<kw name="Should Be Equal" library="BuiltIn">
<arg>${cartNow_int}</arg>
<arg>${quantityBook}</arg>
<doc>Fails if the given objects are unequal.</doc>
<status status="PASS" starttime="20240904 02:43:50.568" endtime="20240904 02:43:50.568"/>
</kw>
<status status="PASS" starttime="20240904 02:43:50.521" endtime="20240904 02:43:50.568"/>
</kw>
<kw name="Click cart" library="navbar_page">
<kw name="Click element when ready" library="common">
<arg>${cart.btn}</arg>
<kw name="Wait Until Element Is Visible" library="SeleniumLibrary">
<arg>${locator}</arg>
<arg>${time}</arg>
<doc>Waits until the element ``locator`` is visible.</doc>
<status status="PASS" starttime="20240904 02:43:50.570" endtime="20240904 02:43:50.605"/>
</kw>
<kw name="Click Element" library="SeleniumLibrary">
<arg>${locator}</arg>
<doc>Click the element identified by ``locator``.</doc>
<msg timestamp="20240904 02:43:50.606" level="INFO">Clicking element '//div[@class="nev-noti-icon"]/a[contains(@href ,"cart")]'.</msg>
<status status="PASS" starttime="20240904 02:43:50.606" endtime="20240904 02:43:51.064"/>
</kw>
<status status="PASS" starttime="20240904 02:43:50.569" endtime="20240904 02:43:51.064"/>
</kw>
<status status="PASS" starttime="20240904 02:43:50.569" endtime="20240904 02:43:51.064"/>
</kw>
<kw name="Verify book name on cart" library="cartDetail_page">
<arg>${booksName}</arg>
<arg>${TC_1.data6.quantityBook}</arg>
<kw name="Element visible when ready" library="common">
<arg>${bookNameCart.txt}</arg>
<kw name="Wait Until Element Is Visible" library="SeleniumLibrary">
<arg>${locator}</arg>
<arg>${time}</arg>
<doc>Waits until the element ``locator`` is visible.</doc>
<status status="PASS" starttime="20240904 02:43:51.067" endtime="20240904 02:43:51.101"/>
</kw>
<kw name="Element Should Be Visible" library="SeleniumLibrary">
<arg>${locator}</arg>
<doc>Verifies that the element identified by ``locator`` is visible.</doc>
<msg timestamp="20240904 02:43:51.123" level="INFO">Element '//p[@class="text-date"]/preceding-sibling::p[1]' is displayed.</msg>
<status status="PASS" starttime="20240904 02:43:51.102" endtime="20240904 02:43:51.124"/>
</kw>
<status status="PASS" starttime="20240904 02:43:51.066" endtime="20240904 02:43:51.124"/>
</kw>
<kw name="Scroll Element Into View" library="SeleniumLibrary">
<arg>${bookNameCart.txt}</arg>
<doc>Scrolls the element identified by ``locator`` into view.</doc>
<status status="PASS" starttime="20240904 02:43:51.124" endtime="20240904 02:43:51.396"/>
</kw>
<for flavor="IN RANGE">
<var>${index}</var>
<value>1</value>
<value>${quantityBook}+1</value>
<iter>
<var name="${index}">1</var>
<kw name="Get Text" library="SeleniumLibrary">
<var>${book_name_list_cart}</var>
<arg>(${bookNameCart.txt})[${index}]</arg>
<doc>Returns the text value of the element identified by ``locator``.</doc>
<msg timestamp="20240904 02:43:51.431" level="INFO">${book_name_list_cart} = [จัดส่ง20ก.ย.67] BOXSET TOTTEOKI DORAEMON ตอนสัตว์เลี้ยงแสนรัก</msg>
<status status="PASS" starttime="20240904 02:43:51.398" endtime="20240904 02:43:51.431"/>
</kw>
<kw name="Should Be Equal" library="BuiltIn">
<arg>${book_name_list_cart}</arg>
<arg>${bookName[${index}-1]}</arg>
<doc>Fails if the given objects are unequal.</doc>
<status status="PASS" starttime="20240904 02:43:51.431" endtime="20240904 02:43:51.432"/>
</kw>
<status status="PASS" starttime="20240904 02:43:51.398" endtime="20240904 02:43:51.432"/>
</iter>
<iter>
<var name="${index}">2</var>
<kw name="Get Text" library="SeleniumLibrary">
<var>${book_name_list_cart}</var>
<arg>(${bookNameCart.txt})[${index}]</arg>
<doc>Returns the text value of the element identified by ``locator``.</doc>
<msg timestamp="20240904 02:43:51.449" level="INFO">${book_name_list_cart} = TOTTEOKI DORAEMON ตอนสัตว์เลี้ยงแสนรัก</msg>
<status status="PASS" starttime="20240904 02:43:51.433" endtime="20240904 02:43:51.449"/>
</kw>
<kw name="Should Be Equal" library="BuiltIn">
<arg>${book_name_list_cart}</arg>
<arg>${bookName[${index}-1]}</arg>
<doc>Fails if the given objects are unequal.</doc>
<status status="PASS" starttime="20240904 02:43:51.449" endtime="20240904 02:43:51.450"/>
</kw>
<status status="PASS" starttime="20240904 02:43:51.432" endtime="20240904 02:43:51.450"/>
</iter>
<iter>
<var name="${index}">3</var>
<kw name="Get Text" library="SeleniumLibrary">
<var>${book_name_list_cart}</var>
<arg>(${bookNameCart.txt})[${index}]</arg>
<doc>Returns the text value of the element identified by ``locator``.</doc>
<msg timestamp="20240904 02:43:51.465" level="INFO">${book_name_list_cart} = The JOJOLands โจโจ้ ล่าข้ามศตวรรษ Part9 เดอะ โจโจ้ แลนดส์ เล่ม 1</msg>
<status status="PASS" starttime="20240904 02:43:51.450" endtime="20240904 02:43:51.465"/>
</kw>
<kw name="Should Be Equal" library="BuiltIn">
<arg>${book_name_list_cart}</arg>
<arg>${bookName[${index}-1]}</arg>
<doc>Fails if the given objects are unequal.</doc>
<status status="PASS" starttime="20240904 02:43:51.465" endtime="20240904 02:43:51.466"/>
</kw>
<status status="PASS" starttime="20240904 02:43:51.450" endtime="20240904 02:43:51.466"/>
</iter>
<iter>
<var name="${index}">4</var>
<kw name="Get Text" library="SeleniumLibrary">
<var>${book_name_list_cart}</var>
<arg>(${bookNameCart.txt})[${index}]</arg>
<doc>Returns the text value of the element identified by ``locator``.</doc>
<msg timestamp="20240904 02:43:51.485" level="INFO">${book_name_list_cart} = ชุด ชินจัง เดอะมูฟวี่ ตอน ไดอารี่เพื่อนรัก ไดโนเสาร์ของพวกเราพร้อม เสื้อยืด</msg>
<status status="PASS" starttime="20240904 02:43:51.466" endtime="20240904 02:43:51.485"/>
</kw>
<kw name="Should Be Equal" library="BuiltIn">
<arg>${book_name_list_cart}</arg>
<arg>${bookName[${index}-1]}</arg>
<doc>Fails if the given objects are unequal.</doc>
<status status="PASS" starttime="20240904 02:43:51.486" endtime="20240904 02:43:51.487"/>
</kw>
<status status="PASS" starttime="20240904 02:43:51.466" endtime="20240904 02:43:51.487"/>
</iter>
<iter>
<var name="${index}">5</var>
<kw name="Get Text" library="SeleniumLibrary">
<var>${book_name_list_cart}</var>
<arg>(${bookNameCart.txt})[${index}]</arg>
<doc>Returns the text value of the element identified by ``locator``.</doc>
<msg timestamp="20240904 02:43:51.501" level="INFO">${book_name_list_cart} = ชินจัง เดอะมูฟวี่ ตอน ไดอารี่เพื่อนรัก ไดโนเสาร์ของพวกเรา</msg>
<status status="PASS" starttime="20240904 02:43:51.487" endtime="20240904 02:43:51.501"/>
</kw>
<kw name="Should Be Equal" library="BuiltIn">
<arg>${book_name_list_cart}</arg>
<arg>${bookName[${index}-1]}</arg>
<doc>Fails if the given objects are unequal.</doc>
<status status="PASS" starttime="20240904 02:43:51.501" endtime="20240904 02:43:51.502"/>
</kw>
<status status="PASS" starttime="20240904 02:43:51.487" endtime="20240904 02:43:51.502"/>
</iter>
<status status="PASS" starttime="20240904 02:43:51.397" endtime="20240904 02:43:51.502"/>
</for>
<status status="PASS" starttime="20240904 02:43:51.065" endtime="20240904 02:43:51.502"/>
</kw>
<kw name="Click delete book on cart" library="cartDetail_page">
<arg>${TC_1.data6.quantityBook}</arg>
<for flavor="IN RANGE">
<var>${index}</var>
<value>1</value>
<value>${quantityBook}+1</value>
<iter>
<var name="${index}">1</var>
<kw name="Click element when ready" library="common">
<arg>${deleteBook.btn}</arg>
<kw name="Wait Until Element Is Visible" library="SeleniumLibrary">
<arg>${locator}</arg>
<arg>${time}</arg>
<doc>Waits until the element ``locator`` is visible.</doc>
<status status="PASS" starttime="20240904 02:43:51.504" endtime="20240904 02:43:51.522"/>
</kw>
<kw name="Click Element" library="SeleniumLibrary">
<arg>${locator}</arg>
<doc>Click the element identified by ``locator``.</doc>
<msg timestamp="20240904 02:43:51.523" level="INFO">Clicking element '//a[@class="delete-item"]'.</msg>
<status status="PASS" starttime="20240904 02:43:51.522" endtime="20240904 02:43:51.575"/>
</kw>
<status status="PASS" starttime="20240904 02:43:51.504" endtime="20240904 02:43:51.575"/>
</kw>
<kw name="Click element when ready" library="common">
<arg>${confirmDelete.btn}</arg>
<kw name="Wait Until Element Is Visible" library="SeleniumLibrary">
<arg>${locator}</arg>
<arg>${time}</arg>
<doc>Waits until the element ``locator`` is visible.</doc>
<status status="PASS" starttime="20240904 02:43:51.577" endtime="20240904 02:43:51.640"/>
</kw>
<kw name="Click Element" library="SeleniumLibrary">
<arg>${locator}</arg>
<doc>Click the element identified by ``locator``.</doc>
<msg timestamp="20240904 02:43:51.641" level="INFO">Clicking element '//button[.="ใช่ ลบรายการ"]'.</msg>
<status status="PASS" starttime="20240904 02:43:51.640" endtime="20240904 02:43:51.717"/>
</kw>
<status status="PASS" starttime="20240904 02:43:51.576" endtime="20240904 02:43:51.717"/>
</kw>
<kw name="Sleep" library="BuiltIn">
<arg>1s</arg>
<doc>Pauses the test executed for the given time.</doc>
<msg timestamp="20240904 02:43:52.718" level="INFO">Slept 1 second</msg>
<status status="PASS" starttime="20240904 02:43:51.717" endtime="20240904 02:43:52.718"/>
</kw>
<status status="PASS" starttime="20240904 02:43:51.504" endtime="20240904 02:43:52.718"/>
</iter>
<iter>
<var name="${index}">2</var>
<kw name="Click element when ready" library="common">
<arg>${deleteBook.btn}</arg>
<kw name="Wait Until Element Is Visible" library="SeleniumLibrary">
<arg>${locator}</arg>
<arg>${time}</arg>
<doc>Waits until the element ``locator`` is visible.</doc>
<status status="PASS" starttime="20240904 02:43:52.721" endtime="20240904 02:43:52.740"/>
</kw>
<kw name="Click Element" library="SeleniumLibrary">
<arg>${locator}</arg>
<doc>Click the element identified by ``locator``.</doc>
<msg timestamp="20240904 02:43:52.741" level="INFO">Clicking element '//a[@class="delete-item"]'.</msg>
<status status="PASS" starttime="20240904 02:43:52.740" endtime="20240904 02:43:52.778"/>
</kw>
<status status="PASS" starttime="20240904 02:43:52.719" endtime="20240904 02:43:52.779"/>
</kw>
<kw name="Click element when ready" library="common">
<arg>${confirmDelete.btn}</arg>
<kw name="Wait Until Element Is Visible" library="SeleniumLibrary">
<arg>${locator}</arg>
<arg>${time}</arg>
<doc>Waits until the element ``locator`` is visible.</doc>
<status status="PASS" starttime="20240904 02:43:52.780" endtime="20240904 02:43:52.815"/>
</kw>
<kw name="Click Element" library="SeleniumLibrary">
<arg>${locator}</arg>
<doc>Click the element identified by ``locator``.</doc>
<msg timestamp="20240904 02:43:52.816" level="INFO">Clicking element '//button[.="ใช่ ลบรายการ"]'.</msg>
<status status="PASS" starttime="20240904 02:43:52.815" endtime="20240904 02:43:52.875"/>
</kw>
<status status="PASS" starttime="20240904 02:43:52.779" endtime="20240904 02:43:52.876"/>
</kw>
<kw name="Sleep" library="BuiltIn">
<arg>1s</arg>
<doc>Pauses the test executed for the given time.</doc>
<msg timestamp="20240904 02:43:53.877" level="INFO">Slept 1 second</msg>
<status status="PASS" starttime="20240904 02:43:52.876" endtime="20240904 02:43:53.877"/>
</kw>
<status status="PASS" starttime="20240904 02:43:52.719" endtime="20240904 02:43:53.877"/>
</iter>
<iter>
<var name="${index}">3</var>
<kw name="Click element when ready" library="common">
<arg>${deleteBook.btn}</arg>
<kw name="Wait Until Element Is Visible" library="SeleniumLibrary">
<arg>${locator}</arg>
<arg>${time}</arg>
<doc>Waits until the element ``locator`` is visible.</doc>
<status status="PASS" starttime="20240904 02:43:53.880" endtime="20240904 02:43:53.899"/>
</kw>
<kw name="Click Element" library="SeleniumLibrary">
<arg>${locator}</arg>
<doc>Click the element identified by ``locator``.</doc>
<msg timestamp="20240904 02:43:53.900" level="INFO">Clicking element '//a[@class="delete-item"]'.</msg>
<status status="PASS" starttime="20240904 02:43:53.899" endtime="20240904 02:43:53.942"/>
</kw>
<status status="PASS" starttime="20240904 02:43:53.878" endtime="20240904 02:43:53.942"/>
</kw>
<kw name="Click element when ready" library="common">
<arg>${confirmDelete.btn}</arg>
<kw name="Wait Until Element Is Visible" library="SeleniumLibrary">
<arg>${locator}</arg>
<arg>${time}</arg>
<doc>Waits until the element ``locator`` is visible.</doc>
<status status="PASS" starttime="20240904 02:43:53.943" endtime="20240904 02:43:54.173"/>
</kw>
<kw name="Click Element" library="SeleniumLibrary">
<arg>${locator}</arg>
<doc>Click the element identified by ``locator``.</doc>
<msg timestamp="20240904 02:43:54.174" level="INFO">Clicking element '//button[.="ใช่ ลบรายการ"]'.</msg>
<status status="PASS" starttime="20240904 02:43:54.173" endtime="20240904 02:43:54.231"/>
</kw>
<status status="PASS" starttime="20240904 02:43:53.942" endtime="20240904 02:43:54.231"/>
</kw>
<kw name="Sleep" library="BuiltIn">
<arg>1s</arg>
<doc>Pauses the test executed for the given time.</doc>
<msg timestamp="20240904 02:43:55.233" level="INFO">Slept 1 second</msg>
<status status="PASS" starttime="20240904 02:43:54.231" endtime="20240904 02:43:55.233"/>
</kw>
<status status="PASS" starttime="20240904 02:43:53.877" endtime="20240904 02:43:55.233"/>
</iter>
<iter>
<var name="${index}">4</var>
<kw name="Click element when ready" library="common">
<arg>${deleteBook.btn}</arg>
<kw name="Wait Until Element Is Visible" library="SeleniumLibrary">
<arg>${locator}</arg>
<arg>${time}</arg>
<doc>Waits until the element ``locator`` is visible.</doc>
<status status="PASS" starttime="20240904 02:43:55.236" endtime="20240904 02:43:55.256"/>
</kw>
<kw name="Click Element" library="SeleniumLibrary">
<arg>${locator}</arg>
<doc>Click the element identified by ``locator``.</doc>
<msg timestamp="20240904 02:43:55.257" level="INFO">Clicking element '//a[@class="delete-item"]'.</msg>
<status status="PASS" starttime="20240904 02:43:55.256" endtime="20240904 02:43:55.303"/>
</kw>
<status status="PASS" starttime="20240904 02:43:55.233" endtime="20240904 02:43:55.304"/>
</kw>
<kw name="Click element when ready" library="common">
<arg>${confirmDelete.btn}</arg>
<kw name="Wait Until Element Is Visible" library="SeleniumLibrary">
<arg>${locator}</arg>
<arg>${time}</arg>
<doc>Waits until the element ``locator`` is visible.</doc>
<status status="PASS" starttime="20240904 02:43:55.312" endtime="20240904 02:43:55.366"/>
</kw>
<kw name="Click Element" library="SeleniumLibrary">
<arg>${locator}</arg>
<doc>Click the element identified by ``locator``.</doc>
<msg timestamp="20240904 02:43:55.367" level="INFO">Clicking element '//button[.="ใช่ ลบรายการ"]'.</msg>
<status status="PASS" starttime="20240904 02:43:55.366" endtime="20240904 02:43:55.417"/>
</kw>
<status status="PASS" starttime="20240904 02:43:55.304" endtime="20240904 02:43:55.417"/>
</kw>
<kw name="Sleep" library="BuiltIn">
<arg>1s</arg>
<doc>Pauses the test executed for the given time.</doc>
<msg timestamp="20240904 02:43:56.419" level="INFO">Slept 1 second</msg>
<status status="PASS" starttime="20240904 02:43:55.417" endtime="20240904 02:43:56.419"/>
</kw>
<status status="PASS" starttime="20240904 02:43:55.233" endtime="20240904 02:43:56.419"/>
</iter>
<iter>
<var name="${index}">5</var>
<kw name="Click element when ready" library="common">
<arg>${deleteBook.btn}</arg>
<kw name="Wait Until Element Is Visible" library="SeleniumLibrary">
<arg>${locator}</arg>
<arg>${time}</arg>
<doc>Waits until the element ``locator`` is visible.</doc>
<status status="PASS" starttime="20240904 02:43:56.423" endtime="20240904 02:43:56.449"/>
</kw>
<kw name="Click Element" library="SeleniumLibrary">
<arg>${locator}</arg>
<doc>Click the element identified by ``locator``.</doc>
<msg timestamp="20240904 02:43:56.451" level="INFO">Clicking element '//a[@class="delete-item"]'.</msg>
<status status="PASS" starttime="20240904 02:43:56.450" endtime="20240904 02:43:56.496"/>
</kw>
<status status="PASS" starttime="20240904 02:43:56.420" endtime="20240904 02:43:56.496"/>
</kw>
<kw name="Click element when ready" library="common">
<arg>${confirmDelete.btn}</arg>
<kw name="Wait Until Element Is Visible" library="SeleniumLibrary">
<arg>${locator}</arg>
<arg>${time}</arg>
<doc>Waits until the element ``locator`` is visible.</doc>
<status status="PASS" starttime="20240904 02:43:56.497" endtime="20240904 02:43:56.729"/>
</kw>
<kw name="Click Element" library="SeleniumLibrary">
<arg>${locator}</arg>
<doc>Click the element identified by ``locator``.</doc>
<msg timestamp="20240904 02:43:56.730" level="INFO">Clicking element '//button[.="ใช่ ลบรายการ"]'.</msg>
<status status="PASS" starttime="20240904 02:43:56.729" endtime="20240904 02:43:56.777"/>
</kw>
<status status="PASS" starttime="20240904 02:43:56.496" endtime="20240904 02:43:56.777"/>
</kw>
<kw name="Sleep" library="BuiltIn">
<arg>1s</arg>
<doc>Pauses the test executed for the given time.</doc>
<msg timestamp="20240904 02:43:57.779" level="INFO">Slept 1 second</msg>
<status status="PASS" starttime="20240904 02:43:56.777" endtime="20240904 02:43:57.779"/>
</kw>
<status status="PASS" starttime="20240904 02:43:56.420" endtime="20240904 02:43:57.779"/>
</iter>
<status status="PASS" starttime="20240904 02:43:51.503" endtime="20240904 02:43:57.779"/>
</for>
<status status="PASS" starttime="20240904 02:43:51.503" endtime="20240904 02:43:57.779"/>
</kw>
<kw name="Verify Empty Cart" library="cartDetail_page">
<kw name="Get text when ready" library="common">
<var>${on_cart_now}</var>
<arg>${cartBadge.txt}</arg>
<kw name="Wait Until Element Is Visible" library="SeleniumLibrary">
<arg>${locator}</arg>
<arg>${time}</arg>
<doc>Waits until the element ``locator`` is visible.</doc>
<status status="PASS" starttime="20240904 02:43:57.782" endtime="20240904 02:43:57.803"/>
</kw>
<kw name="Get Text" library="SeleniumLibrary">
<var>${getText}</var>
<arg>${locator}</arg>
<doc>Returns the text value of the element identified by ``locator``.</doc>
<msg timestamp="20240904 02:43:57.817" level="INFO">${getText} = 0</msg>
<status status="PASS" starttime="20240904 02:43:57.803" endtime="20240904 02:43:57.817"/>
</kw>
<return>
<value>${getText}</value>
<status status="PASS" starttime="20240904 02:43:57.817" endtime="20240904 02:43:57.817"/>
</return>
<msg timestamp="20240904 02:43:57.817" level="INFO">${on_cart_now} = 0</msg>
<status status="PASS" starttime="20240904 02:43:57.780" endtime="20240904 02:43:57.817"/>
</kw>
<kw name="Should Be Equal" library="BuiltIn">
<arg>0</arg>
<arg>${on_cart_now}</arg>
<doc>Fails if the given objects are unequal.</doc>
<status status="PASS" starttime="20240904 02:43:57.817" endtime="20240904 02:43:57.818"/>
</kw>
<status status="PASS" starttime="20240904 02:43:57.780" endtime="20240904 02:43:57.818"/>
</kw>
<kw name="Close Browser" library="SeleniumLibrary" type="TEARDOWN">
<doc>Closes the current browser.</doc>
<status status="PASS" starttime="20240904 02:43:57.818" endtime="20240904 02:43:58.023"/>
</kw>
<status status="PASS" starttime="20240904 02:43:32.548" endtime="20240904 02:43:58.024"/>
</test>
<status status="PASS" starttime="20240904 02:42:25.944" endtime="20240904 02:43:58.025"/>
</suite>
<statistics>
<total>
<stat pass="6" fail="0" skip="0">All Tests</stat>
</total>
<tag>
</tag>
<suite>
<stat pass="6" fail="0" skip="0" id="s1" name="TC 1-NavbarMenu">TC 1-NavbarMenu</stat>
</suite>
</statistics>
<errors>
</errors>
</robot>
