<?xml version="1.0" encoding="UTF-8"?>
<robot generator="Robot 6.0.2 (Python 3.10.8 on darwin)" generated="20240905 21:15:29.760" rpa="false" schemaversion="3">
<suite id="s1" name="Testcases" source="/Users/supuckjunklar/Desktop/Playground/demo.auto-web/Testcases">
<suite id="s1-s1" name="TC 1-NavbarMenu" source="/Users/supuckjunklar/Desktop/Playground/demo.auto-web/Testcases/TC_1-NavbarMenu.robot">
<test id="s1-s1-t1" name="TC_1.1 Test Search Input and Verify Results Not Found" line="6">
<kw name="Open web-demo" library="common">
<kw name="Open Browser" library="SeleniumLibrary">
<arg>${websiet.url}</arg>
<arg>${websiet.browser}</arg>
<doc>Opens a new browser instance to the optional ``url``.</doc>
<msg timestamp="20240905 21:15:30.098" level="INFO">Opening browser 'headlesschrome' to base url 'https://www.nejavu.com'.</msg>
<status status="PASS" starttime="20240905 21:15:30.096" endtime="20240905 21:15:33.793"/>
</kw>
<kw name="Set Window Size" library="SeleniumLibrary">
<arg>1440</arg>
<arg>900</arg>
<doc>Sets current windows size to given ``width`` and ``height``.</doc>
<status status="PASS" starttime="20240905 21:15:33.794" endtime="20240905 21:15:33.862"/>
</kw>
<status status="PASS" starttime="20240905 21:15:30.095" endtime="20240905 21:15:33.863"/>
</kw>
<kw name="Close pop-up" library="index_page">
<kw name="Run Keyword And Return Status" library="BuiltIn">
<var>${ButtonClose}</var>
<arg>SeleniumLibrary.Wait Until Element Is Visible</arg>
<arg>${closeModal_banner.btn}</arg>
<doc>Runs the given keyword with given arguments and returns the status as a Boolean value.</doc>
<kw name="Wait Until Element Is Visible" library="SeleniumLibrary">
<arg>${closeModal_banner.btn}</arg>
<doc>Waits until the element ``locator`` is visible.</doc>
<status status="PASS" starttime="20240905 21:15:33.864" endtime="20240905 21:15:33.935"/>
</kw>
<msg timestamp="20240905 21:15:33.935" level="INFO">${ButtonClose} = True</msg>
<status status="PASS" starttime="20240905 21:15:33.864" endtime="20240905 21:15:33.935"/>
</kw>
<if>
<branch type="IF" condition="&quot;${ButtonClose}&quot;==&quot;True&quot;">
<kw name="Click Element" library="SeleniumLibrary">
<arg>${closeModal_banner.btn}</arg>
<doc>Click the element identified by ``locator``.</doc>
<msg timestamp="20240905 21:15:33.937" level="INFO">Clicking element '//a[@onclick="CloseModal()"]'.</msg>
<status status="PASS" starttime="20240905 21:15:33.936" endtime="20240905 21:15:34.068"/>
</kw>
<status status="PASS" starttime="20240905 21:15:33.936" endtime="20240905 21:15:34.068"/>
</branch>
<status status="PASS" starttime="20240905 21:15:33.935" endtime="20240905 21:15:34.069"/>
</if>
<status status="PASS" starttime="20240905 21:15:33.863" endtime="20240905 21:15:34.069"/>
</kw>
<kw name="Click accecpt cookie" library="index_page">
<kw name="Click element when ready" library="common">
<arg>${acceptCookie.btn}</arg>
<kw name="Wait Until Element Is Visible" library="SeleniumLibrary">
<arg>${locator}</arg>
<arg>${time}</arg>
<doc>Waits until the element ``locator`` is visible.</doc>
<status status="PASS" starttime="20240905 21:15:34.073" endtime="20240905 21:15:34.148"/>
</kw>
<kw name="Click Element" library="SeleniumLibrary">
<arg>${locator}</arg>
<doc>Click the element identified by ``locator``.</doc>
<msg timestamp="20240905 21:15:34.149" level="INFO">Clicking element '//a[@onclick="AcceptCookie()"]'.</msg>
<status status="PASS" starttime="20240905 21:15:34.148" endtime="20240905 21:15:34.758"/>
</kw>
<status status="PASS" starttime="20240905 21:15:34.070" endtime="20240905 21:15:34.758"/>
</kw>
<kw name="Sleep" library="BuiltIn">
<arg>1s</arg>
<doc>Pauses the test executed for the given time.</doc>
<msg timestamp="20240905 21:15:35.760" level="INFO">Slept 1 second</msg>
<status status="PASS" starttime="20240905 21:15:34.759" endtime="20240905 21:15:35.760"/>
</kw>
<status status="PASS" starttime="20240905 21:15:34.069" endtime="20240905 21:15:35.760"/>
</kw>
<kw name="Input book name" library="navbar_page">
<arg>${TC_1.data1.bookName}</arg>
<kw name="Input text when ready" library="common">
<arg>${search.input}</arg>
<arg>${bookName}</arg>
<kw name="Wait Until Element Is Visible" library="SeleniumLibrary">
<arg>${locator}</arg>
<arg>${time}</arg>
<doc>Waits until the element ``locator`` is visible.</doc>
<status status="PASS" starttime="20240905 21:15:35.763" endtime="20240905 21:15:35.789"/>
</kw>
<kw name="Input Text" library="SeleniumLibrary">
<arg>${locator}</arg>
<arg>${textInput}</arg>
<doc>Types the given ``text`` into the text field identified by ``locator``.</doc>
<msg timestamp="20240905 21:15:35.790" level="INFO">Typing text 'G Shipping' into text field 'id=search-dropdown'.</msg>
<status status="PASS" starttime="20240905 21:15:35.789" endtime="20240905 21:15:36.012"/>
</kw>
<status status="PASS" starttime="20240905 21:15:35.762" endtime="20240905 21:15:36.012"/>
</kw>
<status status="PASS" starttime="20240905 21:15:35.760" endtime="20240905 21:15:36.012"/>
</kw>
<kw name="Enter search book name" library="navbar_page">
<kw name="Press Keys" library="SeleniumLibrary">
<arg>${search.input}</arg>
<arg>ENTER</arg>
<doc>Simulates the user pressing key(s) to an element or on the active browser.</doc>
<msg timestamp="20240905 21:15:36.014" level="INFO">Sending key(s) ('ENTER',) to id=search-dropdown element.</msg>
<msg timestamp="20240905 21:15:36.302" level="INFO">Pressing special key ENTER to element.</msg>
<msg timestamp="20240905 21:15:36.302" level="INFO">Releasing special key ENTER.</msg>
<status status="PASS" starttime="20240905 21:15:36.013" endtime="20240905 21:15:36.467"/>
</kw>
<status status="PASS" starttime="20240905 21:15:36.013" endtime="20240905 21:15:36.470"/>
</kw>
<kw name="Verify search results not found" library="searchResults_page">
<arg>${TC_1.data1.msg_notFound}</arg>
<kw name="Get text when ready" library="common">
<var>${searchResult}</var>
<arg>${search_notFound.txt}</arg>
<kw name="Wait Until Element Is Visible" library="SeleniumLibrary">
<arg>${locator}</arg>
<arg>${time}</arg>
<doc>Waits until the element ``locator`` is visible.</doc>
<status status="PASS" starttime="20240905 21:15:36.478" endtime="20240905 21:15:36.872"/>
</kw>
<kw name="Get Text" library="SeleniumLibrary">
<var>${getText}</var>
<arg>${locator}</arg>
<doc>Returns the text value of the element identified by ``locator``.</doc>
<msg timestamp="20240905 21:15:36.898" level="INFO">${getText} = ไม่พบรายการที่ค้นหา</msg>
<status status="PASS" starttime="20240905 21:15:36.873" endtime="20240905 21:15:36.899"/>
</kw>
<return>
<value>${getText}</value>
<status status="PASS" starttime="20240905 21:15:36.899" endtime="20240905 21:15:36.899"/>
</return>
<msg timestamp="20240905 21:15:36.899" level="INFO">${searchResult} = ไม่พบรายการที่ค้นหา</msg>
<status status="PASS" starttime="20240905 21:15:36.474" endtime="20240905 21:15:36.899"/>
</kw>
<kw name="Should Be Equal" library="BuiltIn">
<arg>${searchResult}</arg>
<arg>${msg_notFound}</arg>
<doc>Fails if the given objects are unequal.</doc>
<status status="PASS" starttime="20240905 21:15:36.899" endtime="20240905 21:15:36.900"/>
</kw>
<status status="PASS" starttime="20240905 21:15:36.470" endtime="20240905 21:15:36.900"/>
</kw>
<kw name="Close Browser" library="SeleniumLibrary" type="TEARDOWN">
<doc>Closes the current browser.</doc>
<status status="PASS" starttime="20240905 21:15:36.900" endtime="20240905 21:15:37.011"/>
</kw>
<status status="PASS" starttime="20240905 21:15:30.095" endtime="20240905 21:15:37.011"/>
</test>
<test id="s1-s1-t2" name="TC_1.2 Test Search Input and Verify Results" line="14">
<kw name="Open web-demo" library="common">
<kw name="Open Browser" library="SeleniumLibrary">
<arg>${websiet.url}</arg>
<arg>${websiet.browser}</arg>
<doc>Opens a new browser instance to the optional ``url``.</doc>
<msg timestamp="20240905 21:15:37.016" level="INFO">Opening browser 'headlesschrome' to base url 'https://www.nejavu.com'.</msg>
<status status="PASS" starttime="20240905 21:15:37.014" endtime="20240905 21:15:41.021"/>
</kw>
<kw name="Set Window Size" library="SeleniumLibrary">
<arg>1440</arg>
<arg>900</arg>
<doc>Sets current windows size to given ``width`` and ``height``.</doc>
<status status="PASS" starttime="20240905 21:15:41.021" endtime="20240905 21:15:41.084"/>
</kw>
<status status="PASS" starttime="20240905 21:15:37.013" endtime="20240905 21:15:41.085"/>
</kw>
<kw name="Close pop-up" library="index_page">
<kw name="Run Keyword And Return Status" library="BuiltIn">
<var>${ButtonClose}</var>
<arg>SeleniumLibrary.Wait Until Element Is Visible</arg>
<arg>${closeModal_banner.btn}</arg>
<doc>Runs the given keyword with given arguments and returns the status as a Boolean value.</doc>
<kw name="Wait Until Element Is Visible" library="SeleniumLibrary">
<arg>${closeModal_banner.btn}</arg>
<doc>Waits until the element ``locator`` is visible.</doc>
<status status="PASS" starttime="20240905 21:15:41.086" endtime="20240905 21:15:41.153"/>
</kw>
<msg timestamp="20240905 21:15:41.153" level="INFO">${ButtonClose} = True</msg>
<status status="PASS" starttime="20240905 21:15:41.086" endtime="20240905 21:15:41.153"/>
</kw>
<if>
<branch type="IF" condition="&quot;${ButtonClose}&quot;==&quot;True&quot;">
<kw name="Click Element" library="SeleniumLibrary">
<arg>${closeModal_banner.btn}</arg>
<doc>Click the element identified by ``locator``.</doc>
<msg timestamp="20240905 21:15:41.155" level="INFO">Clicking element '//a[@onclick="CloseModal()"]'.</msg>
<status status="PASS" starttime="20240905 21:15:41.154" endtime="20240905 21:15:41.285"/>
</kw>
<status status="PASS" starttime="20240905 21:15:41.154" endtime="20240905 21:15:41.285"/>
</branch>
<status status="PASS" starttime="20240905 21:15:41.154" endtime="20240905 21:15:41.285"/>
</if>
<status status="PASS" starttime="20240905 21:15:41.085" endtime="20240905 21:15:41.285"/>
</kw>
<kw name="Click accecpt cookie" library="index_page">
<kw name="Click element when ready" library="common">
<arg>${acceptCookie.btn}</arg>
<kw name="Wait Until Element Is Visible" library="SeleniumLibrary">
<arg>${locator}</arg>
<arg>${time}</arg>
<doc>Waits until the element ``locator`` is visible.</doc>
<status status="PASS" starttime="20240905 21:15:41.289" endtime="20240905 21:15:41.347"/>
</kw>
<kw name="Click Element" library="SeleniumLibrary">
<arg>${locator}</arg>
<doc>Click the element identified by ``locator``.</doc>
<msg timestamp="20240905 21:15:41.348" level="INFO">Clicking element '//a[@onclick="AcceptCookie()"]'.</msg>
<status status="PASS" starttime="20240905 21:15:41.347" endtime="20240905 21:15:41.822"/>
</kw>
<status status="PASS" starttime="20240905 21:15:41.286" endtime="20240905 21:15:41.822"/>
</kw>
<kw name="Sleep" library="BuiltIn">
<arg>1s</arg>
<doc>Pauses the test executed for the given time.</doc>
<msg timestamp="20240905 21:15:42.823" level="INFO">Slept 1 second</msg>
<status status="PASS" starttime="20240905 21:15:41.823" endtime="20240905 21:15:42.823"/>
</kw>
<status status="PASS" starttime="20240905 21:15:41.286" endtime="20240905 21:15:42.824"/>
</kw>
<kw name="Input book name" library="navbar_page">
<arg>${TC_1.data2.bookName}</arg>
<kw name="Input text when ready" library="common">
<arg>${search.input}</arg>
<arg>${bookName}</arg>
<kw name="Wait Until Element Is Visible" library="SeleniumLibrary">
<arg>${locator}</arg>
<arg>${time}</arg>
<doc>Waits until the element ``locator`` is visible.</doc>
<status status="PASS" starttime="20240905 21:15:42.827" endtime="20240905 21:15:42.853"/>
</kw>
<kw name="Input Text" library="SeleniumLibrary">
<arg>${locator}</arg>
<arg>${textInput}</arg>
<doc>Types the given ``text`` into the text field identified by ``locator``.</doc>
<msg timestamp="20240905 21:15:42.854" level="INFO">Typing text 'Naruto' into text field 'id=search-dropdown'.</msg>
<status status="PASS" starttime="20240905 21:15:42.853" endtime="20240905 21:15:43.079"/>
</kw>
<status status="PASS" starttime="20240905 21:15:42.825" endtime="20240905 21:15:43.079"/>
</kw>
<status status="PASS" starttime="20240905 21:15:42.824" endtime="20240905 21:15:43.079"/>
</kw>
<kw name="Click dropdown search" library="navbar_page">
<arg>${TC_1.data2.bookName}</arg>
<kw name="Click element when ready" library="common">
<arg>${search_drowdown.btn}/span[.="${searchBookName}"]</arg>
<kw name="Wait Until Element Is Visible" library="SeleniumLibrary">
<arg>${locator}</arg>
<arg>${time}</arg>
<doc>Waits until the element ``locator`` is visible.</doc>
<status status="PASS" starttime="20240905 21:15:43.083" endtime="20240905 21:15:44.159"/>
</kw>
<kw name="Click Element" library="SeleniumLibrary">
<arg>${locator}</arg>
<doc>Click the element identified by ``locator``.</doc>
<msg timestamp="20240905 21:15:44.159" level="INFO">Clicking element '//li[contains(@onclick ,"SearchOpenWindow")]/span[.="Naruto"]'.</msg>
<status status="PASS" starttime="20240905 21:15:44.159" endtime="20240905 21:15:44.926"/>
</kw>
<status status="PASS" starttime="20240905 21:15:43.081" endtime="20240905 21:15:44.926"/>
</kw>
<status status="PASS" starttime="20240905 21:15:43.080" endtime="20240905 21:15:44.926"/>
</kw>
<kw name="Verify search results" library="searchResults_page">
<arg>${TC_1.data2.bookName}</arg>
<kw name="Get text when ready" library="common">
<var>${searchResult}</var>
<arg>${search_results.txt}</arg>
<kw name="Wait Until Element Is Visible" library="SeleniumLibrary">
<arg>${locator}</arg>
<arg>${time}</arg>
<doc>Waits until the element ``locator`` is visible.</doc>
<status status="PASS" starttime="20240905 21:15:44.930" endtime="20240905 21:15:44.957"/>
</kw>
<kw name="Get Text" library="SeleniumLibrary">
<var>${getText}</var>
<arg>${locator}</arg>
<doc>Returns the text value of the element identified by ``locator``.</doc>
<msg timestamp="20240905 21:15:44.986" level="INFO">${getText} = Naruto</msg>
<status status="PASS" starttime="20240905 21:15:44.958" endtime="20240905 21:15:44.986"/>
</kw>
<return>
<value>${getText}</value>
<status status="PASS" starttime="20240905 21:15:44.986" endtime="20240905 21:15:44.986"/>
</return>
<msg timestamp="20240905 21:15:44.987" level="INFO">${searchResult} = Naruto</msg>
<status status="PASS" starttime="20240905 21:15:44.928" endtime="20240905 21:15:44.987"/>
</kw>
<kw name="Should Be Equal" library="BuiltIn">
<arg>${searchResult}</arg>
<arg>${searchBookName}</arg>
<doc>Fails if the given objects are unequal.</doc>
<status status="PASS" starttime="20240905 21:15:44.987" endtime="20240905 21:15:44.987"/>
</kw>
<status status="PASS" starttime="20240905 21:15:44.927" endtime="20240905 21:15:44.987"/>
</kw>
<kw name="Close Browser" library="SeleniumLibrary" type="TEARDOWN">
<doc>Closes the current browser.</doc>
<status status="PASS" starttime="20240905 21:15:44.988" endtime="20240905 21:15:45.168"/>
</kw>
<status status="PASS" starttime="20240905 21:15:37.012" endtime="20240905 21:15:45.168"/>
</test>
<test id="s1-s1-t3" name="TC_1.3 Test Add Book to Cart and Verify Quantity on Icon Cart" line="22">
<kw name="Open web-demo" library="common">
<kw name="Open Browser" library="SeleniumLibrary">
<arg>${websiet.url}</arg>
<arg>${websiet.browser}</arg>
<doc>Opens a new browser instance to the optional ``url``.</doc>
<msg timestamp="20240905 21:15:45.173" level="INFO">Opening browser 'headlesschrome' to base url 'https://www.nejavu.com'.</msg>
<status status="PASS" starttime="20240905 21:15:45.171" endtime="20240905 21:15:49.644"/>
</kw>
<kw name="Set Window Size" library="SeleniumLibrary">
<arg>1440</arg>
<arg>900</arg>
<doc>Sets current windows size to given ``width`` and ``height``.</doc>
<status status="PASS" starttime="20240905 21:15:49.645" endtime="20240905 21:15:49.713"/>
</kw>
<status status="PASS" starttime="20240905 21:15:45.170" endtime="20240905 21:15:49.714"/>
</kw>
<kw name="Close pop-up" library="index_page">
<kw name="Run Keyword And Return Status" library="BuiltIn">
<var>${ButtonClose}</var>
<arg>SeleniumLibrary.Wait Until Element Is Visible</arg>
<arg>${closeModal_banner.btn}</arg>
<doc>Runs the given keyword with given arguments and returns the status as a Boolean value.</doc>
<kw name="Wait Until Element Is Visible" library="SeleniumLibrary">
<arg>${closeModal_banner.btn}</arg>
<doc>Waits until the element ``locator`` is visible.</doc>
<status status="PASS" starttime="20240905 21:15:49.715" endtime="20240905 21:15:49.781"/>
</kw>
<msg timestamp="20240905 21:15:49.782" level="INFO">${ButtonClose} = True</msg>
<status status="PASS" starttime="20240905 21:15:49.715" endtime="20240905 21:15:49.782"/>
</kw>
<if>
<branch type="IF" condition="&quot;${ButtonClose}&quot;==&quot;True&quot;">
<kw name="Click Element" library="SeleniumLibrary">
<arg>${closeModal_banner.btn}</arg>
<doc>Click the element identified by ``locator``.</doc>
<msg timestamp="20240905 21:15:49.785" level="INFO">Clicking element '//a[@onclick="CloseModal()"]'.</msg>
<status status="PASS" starttime="20240905 21:15:49.783" endtime="20240905 21:15:49.927"/>
</kw>
<status status="PASS" starttime="20240905 21:15:49.782" endtime="20240905 21:15:49.927"/>
</branch>
<status status="PASS" starttime="20240905 21:15:49.782" endtime="20240905 21:15:49.928"/>
</if>
<status status="PASS" starttime="20240905 21:15:49.714" endtime="20240905 21:15:49.928"/>
</kw>
<kw name="Click accecpt cookie" library="index_page">
<kw name="Click element when ready" library="common">
<arg>${acceptCookie.btn}</arg>
<kw name="Wait Until Element Is Visible" library="SeleniumLibrary">
<arg>${locator}</arg>
<arg>${time}</arg>
<doc>Waits until the element ``locator`` is visible.</doc>
<status status="PASS" starttime="20240905 21:15:49.931" endtime="20240905 21:15:49.980"/>
</kw>
<kw name="Click Element" library="SeleniumLibrary">
<arg>${locator}</arg>
<doc>Click the element identified by ``locator``.</doc>
<msg timestamp="20240905 21:15:49.981" level="INFO">Clicking element '//a[@onclick="AcceptCookie()"]'.</msg>
<status status="PASS" starttime="20240905 21:15:49.980" endtime="20240905 21:15:50.454"/>
</kw>
<status status="PASS" starttime="20240905 21:15:49.929" endtime="20240905 21:15:50.454"/>
</kw>
<kw name="Sleep" library="BuiltIn">
<arg>1s</arg>
<doc>Pauses the test executed for the given time.</doc>
<msg timestamp="20240905 21:15:51.456" level="INFO">Slept 1 second</msg>
<status status="PASS" starttime="20240905 21:15:50.455" endtime="20240905 21:15:51.456"/>
</kw>
<status status="PASS" starttime="20240905 21:15:49.928" endtime="20240905 21:15:51.456"/>
</kw>
<kw name="Scroll to book" library="index_page">
<kw name="Element visible when ready" library="common">
<arg>${book_name.txt}</arg>
<kw name="Wait Until Element Is Visible" library="SeleniumLibrary">
<arg>${locator}</arg>
<arg>${time}</arg>
<doc>Waits until the element ``locator`` is visible.</doc>
<status status="PASS" starttime="20240905 21:15:51.459" endtime="20240905 21:15:51.493"/>
</kw>
<kw name="Element Should Be Visible" library="SeleniumLibrary">
<arg>${locator}</arg>
<doc>Verifies that the element identified by ``locator`` is visible.</doc>
<msg timestamp="20240905 21:15:51.518" level="INFO">Element '//div[contains(@class , "card-detail")]//following-sibling::h5[@class="detail-title"]' is displayed.</msg>
<status status="PASS" starttime="20240905 21:15:51.493" endtime="20240905 21:15:51.519"/>
</kw>
<status status="PASS" starttime="20240905 21:15:51.457" endtime="20240905 21:15:51.519"/>
</kw>
<kw name="Scroll Element Into View" library="SeleniumLibrary">
<arg>${book_name.txt}</arg>
<doc>Scrolls the element identified by ``locator`` into view.</doc>
<status status="PASS" starttime="20240905 21:15:51.519" endtime="20240905 21:15:51.808"/>
</kw>
<status status="PASS" starttime="20240905 21:15:51.457" endtime="20240905 21:15:51.808"/>
</kw>
<kw name="Add book to cart" library="index_page">
<arg>${TC_1.data3.quantityBook}</arg>
<kw name="Element visible when ready" library="common">
<arg>${book_addCart.btn}</arg>
<kw name="Wait Until Element Is Visible" library="SeleniumLibrary">
<arg>${locator}</arg>
<arg>${time}</arg>
<doc>Waits until the element ``locator`` is visible.</doc>
<status status="PASS" starttime="20240905 21:15:51.812" endtime="20240905 21:15:51.843"/>
</kw>
<kw name="Element Should Be Visible" library="SeleniumLibrary">
<arg>${locator}</arg>
<doc>Verifies that the element identified by ``locator`` is visible.</doc>
<msg timestamp="20240905 21:15:51.865" level="INFO">Element '//button[@id="quick-cart-button"]' is displayed.</msg>
<status status="PASS" starttime="20240905 21:15:51.843" endtime="20240905 21:15:51.865"/>
</kw>
<status status="PASS" starttime="20240905 21:15:51.810" endtime="20240905 21:15:51.866"/>
</kw>
<kw name="Scroll Element Into View" library="SeleniumLibrary">
<arg>${book_addCart.btn}</arg>
<doc>Scrolls the element identified by ``locator`` into view.</doc>
<status status="PASS" starttime="20240905 21:15:51.866" endtime="20240905 21:15:52.142"/>
</kw>
<for flavor="IN RANGE">
<var>${index}</var>
<value>1</value>
<value>${quantityBook}+1</value>
<iter>
<var name="${index}">1</var>
<kw name="Click element when ready" library="common">
<arg>(${book_addCart.btn})[${index}]</arg>
<kw name="Wait Until Element Is Visible" library="SeleniumLibrary">
<arg>${locator}</arg>
<arg>${time}</arg>
<doc>Waits until the element ``locator`` is visible.</doc>
<status status="PASS" starttime="20240905 21:15:52.145" endtime="20240905 21:15:52.170"/>
</kw>
<kw name="Click Element" library="SeleniumLibrary">
<arg>${locator}</arg>
<doc>Click the element identified by ``locator``.</doc>
<msg timestamp="20240905 21:15:52.171" level="INFO">Clicking element '(//button[@id="quick-cart-button"])[1]'.</msg>
<status status="PASS" starttime="20240905 21:15:52.170" endtime="20240905 21:15:52.245"/>
</kw>
<status status="PASS" starttime="20240905 21:15:52.143" endtime="20240905 21:15:52.245"/>
</kw>
<kw name="Element visible when ready" library="common">
<arg>${alert_addCart.txt}</arg>
<kw name="Wait Until Element Is Visible" library="SeleniumLibrary">
<arg>${locator}</arg>
<arg>${time}</arg>
<doc>Waits until the element ``locator`` is visible.</doc>
<status status="PASS" starttime="20240905 21:15:52.247" endtime="20240905 21:15:52.490"/>
</kw>
<kw name="Element Should Be Visible" library="SeleniumLibrary">
<arg>${locator}</arg>
<doc>Verifies that the element identified by ``locator`` is visible.</doc>
<msg timestamp="20240905 21:15:52.511" level="INFO">Element '//div[@id="toast-container"]' is displayed.</msg>
<status status="PASS" starttime="20240905 21:15:52.490" endtime="20240905 21:15:52.511"/>
</kw>
<status status="PASS" starttime="20240905 21:15:52.245" endtime="20240905 21:15:52.511"/>
</kw>
<kw name="Element not visible when ready" library="common">
<arg>${alert_addCart.txt}</arg>
<kw name="Wait Until Element Is Not Visible" library="SeleniumLibrary">
<arg>${locator}</arg>
<arg>${time}</arg>
<doc>Waits until the element ``locator`` is not visible.</doc>
<status status="PASS" starttime="20240905 21:15:52.513" endtime="20240905 21:15:54.311"/>
</kw>
<kw name="Element Should Not Be Visible" library="SeleniumLibrary">
<arg>${locator}</arg>
<doc>Verifies that the element identified by ``locator`` is NOT visible.</doc>
<msg timestamp="20240905 21:15:54.321" level="INFO">Element '//div[@id="toast-container"]' did not exist.</msg>
<status status="PASS" starttime="20240905 21:15:54.311" endtime="20240905 21:15:54.321"/>
</kw>
<status status="PASS" starttime="20240905 21:15:52.512" endtime="20240905 21:15:54.322"/>
</kw>
<status status="PASS" starttime="20240905 21:15:52.143" endtime="20240905 21:15:54.322"/>
</iter>
<iter>
<var name="${index}">2</var>
<kw name="Click element when ready" library="common">
<arg>(${book_addCart.btn})[${index}]</arg>
<kw name="Wait Until Element Is Visible" library="SeleniumLibrary">
<arg>${locator}</arg>
<arg>${time}</arg>
<doc>Waits until the element ``locator`` is visible.</doc>
<status status="PASS" starttime="20240905 21:15:54.324" endtime="20240905 21:15:54.350"/>
</kw>
<kw name="Click Element" library="SeleniumLibrary">
<arg>${locator}</arg>
<doc>Click the element identified by ``locator``.</doc>
<msg timestamp="20240905 21:15:54.351" level="INFO">Clicking element '(//button[@id="quick-cart-button"])[2]'.</msg>
<status status="PASS" starttime="20240905 21:15:54.350" endtime="20240905 21:15:54.420"/>
</kw>
<status status="PASS" starttime="20240905 21:15:54.322" endtime="20240905 21:15:54.421"/>
</kw>
<kw name="Element visible when ready" library="common">
<arg>${alert_addCart.txt}</arg>
<kw name="Wait Until Element Is Visible" library="SeleniumLibrary">
<arg>${locator}</arg>
<arg>${time}</arg>
<doc>Waits until the element ``locator`` is visible.</doc>
<status status="PASS" starttime="20240905 21:15:54.424" endtime="20240905 21:15:54.487"/>
</kw>
<kw name="Element Should Be Visible" library="SeleniumLibrary">
<arg>${locator}</arg>
<doc>Verifies that the element identified by ``locator`` is visible.</doc>
<msg timestamp="20240905 21:15:54.519" level="INFO">Element '//div[@id="toast-container"]' is displayed.</msg>
<status status="PASS" starttime="20240905 21:15:54.488" endtime="20240905 21:15:54.520"/>
</kw>
<status status="PASS" starttime="20240905 21:15:54.421" endtime="20240905 21:15:54.520"/>
</kw>
<kw name="Element not visible when ready" library="common">
<arg>${alert_addCart.txt}</arg>
<kw name="Wait Until Element Is Not Visible" library="SeleniumLibrary">
<arg>${locator}</arg>
<arg>${time}</arg>
<doc>Waits until the element ``locator`` is not visible.</doc>
<status status="PASS" starttime="20240905 21:15:54.522" endtime="20240905 21:15:56.549"/>
</kw>
<kw name="Element Should Not Be Visible" library="SeleniumLibrary">
<arg>${locator}</arg>
<doc>Verifies that the element identified by ``locator`` is NOT visible.</doc>
<msg timestamp="20240905 21:15:56.558" level="INFO">Element '//div[@id="toast-container"]' did not exist.</msg>
<status status="PASS" starttime="20240905 21:15:56.549" endtime="20240905 21:15:56.559"/>
</kw>
<status status="PASS" starttime="20240905 21:15:54.520" endtime="20240905 21:15:56.559"/>
</kw>
<status status="PASS" starttime="20240905 21:15:54.322" endtime="20240905 21:15:56.559"/>
</iter>
<iter>
<var name="${index}">3</var>
<kw name="Click element when ready" library="common">
<arg>(${book_addCart.btn})[${index}]</arg>
<kw name="Wait Until Element Is Visible" library="SeleniumLibrary">
<arg>${locator}</arg>
<arg>${time}</arg>
<doc>Waits until the element ``locator`` is visible.</doc>
<status status="PASS" starttime="20240905 21:15:56.561" endtime="20240905 21:15:56.585"/>
</kw>
<kw name="Click Element" library="SeleniumLibrary">
<arg>${locator}</arg>
<doc>Click the element identified by ``locator``.</doc>
<msg timestamp="20240905 21:15:56.586" level="INFO">Clicking element '(//button[@id="quick-cart-button"])[3]'.</msg>
<status status="PASS" starttime="20240905 21:15:56.585" endtime="20240905 21:15:56.652"/>
</kw>
<status status="PASS" starttime="20240905 21:15:56.559" endtime="20240905 21:15:56.652"/>
</kw>
<kw name="Element visible when ready" library="common">
<arg>${alert_addCart.txt}</arg>
<kw name="Wait Until Element Is Visible" library="SeleniumLibrary">
<arg>${locator}</arg>
<arg>${time}</arg>
<doc>Waits until the element ``locator`` is visible.</doc>
<status status="PASS" starttime="20240905 21:15:56.653" endtime="20240905 21:15:56.898"/>
</kw>
<kw name="Element Should Be Visible" library="SeleniumLibrary">
<arg>${locator}</arg>
<doc>Verifies that the element identified by ``locator`` is visible.</doc>
<msg timestamp="20240905 21:15:56.931" level="INFO">Element '//div[@id="toast-container"]' is displayed.</msg>
<status status="PASS" starttime="20240905 21:15:56.898" endtime="20240905 21:15:56.931"/>
</kw>
<status status="PASS" starttime="20240905 21:15:56.652" endtime="20240905 21:15:56.931"/>
</kw>
<kw name="Element not visible when ready" library="common">
<arg>${alert_addCart.txt}</arg>
<kw name="Wait Until Element Is Not Visible" library="SeleniumLibrary">
<arg>${locator}</arg>
<arg>${time}</arg>
<doc>Waits until the element ``locator`` is not visible.</doc>
<status status="PASS" starttime="20240905 21:15:56.933" endtime="20240905 21:15:58.751"/>
</kw>
<kw name="Element Should Not Be Visible" library="SeleniumLibrary">
<arg>${locator}</arg>
<doc>Verifies that the element identified by ``locator`` is NOT visible.</doc>
<msg timestamp="20240905 21:15:58.781" level="INFO">Element '//div[@id="toast-container"]' did not exist.</msg>
<status status="PASS" starttime="20240905 21:15:58.752" endtime="20240905 21:15:58.781"/>
</kw>
<status status="PASS" starttime="20240905 21:15:56.931" endtime="20240905 21:15:58.782"/>
</kw>
<status status="PASS" starttime="20240905 21:15:56.559" endtime="20240905 21:15:58.782"/>
</iter>
<status status="PASS" starttime="20240905 21:15:52.143" endtime="20240905 21:15:58.782"/>
</for>
<status status="PASS" starttime="20240905 21:15:51.809" endtime="20240905 21:15:58.782"/>
</kw>
<kw name="Verify quantity on cart" library="navbar_page">
<arg>${TC_1.data3.quantityBook}</arg>
<kw name="Get text when ready" library="common">
<var>${cartNow}</var>
<arg>${cartBadge.txt}</arg>
<kw name="Wait Until Element Is Visible" library="SeleniumLibrary">
<arg>${locator}</arg>
<arg>${time}</arg>
<doc>Waits until the element ``locator`` is visible.</doc>
<status status="PASS" starttime="20240905 21:15:58.785" endtime="20240905 21:15:58.812"/>
</kw>
<kw name="Get Text" library="SeleniumLibrary">
<var>${getText}</var>
<arg>${locator}</arg>
<doc>Returns the text value of the element identified by ``locator``.</doc>
<msg timestamp="20240905 21:15:58.841" level="INFO">${getText} = 3</msg>
<status status="PASS" starttime="20240905 21:15:58.812" endtime="20240905 21:15:58.841"/>
</kw>
<return>
<value>${getText}</value>
<status status="PASS" starttime="20240905 21:15:58.841" endtime="20240905 21:15:58.841"/>
</return>
<msg timestamp="20240905 21:15:58.841" level="INFO">${cartNow} = 3</msg>
<status status="PASS" starttime="20240905 21:15:58.784" endtime="20240905 21:15:58.842"/>
</kw>
<kw name="Convert To Integer" library="BuiltIn">
<var>${cartNow_int}</var>
<arg>${cartNow}</arg>
<doc>Converts the given item to an integer number.</doc>
<msg timestamp="20240905 21:15:58.842" level="INFO">${cartNow_int} = 3</msg>
<status status="PASS" starttime="20240905 21:15:58.842" endtime="20240905 21:15:58.842"/>
</kw>
<kw name="Should Be Equal" library="BuiltIn">
<arg>${cartNow_int}</arg>
<arg>${quantityBook}</arg>
<doc>Fails if the given objects are unequal.</doc>
<status status="PASS" starttime="20240905 21:15:58.842" endtime="20240905 21:15:58.843"/>
</kw>
<status status="PASS" starttime="20240905 21:15:58.782" endtime="20240905 21:15:58.843"/>
</kw>
<kw name="Close Browser" library="SeleniumLibrary" type="TEARDOWN">
<doc>Closes the current browser.</doc>
<status status="PASS" starttime="20240905 21:15:58.843" endtime="20240905 21:15:58.959"/>
</kw>
<status status="PASS" starttime="20240905 21:15:45.169" endtime="20240905 21:15:58.959"/>
</test>
<test id="s1-s1-t4" name="TC_1.4 Test Add Book to Cart and Verify Book Name on Cart Detail" line="30">
<kw name="Open web-demo" library="common">
<kw name="Open Browser" library="SeleniumLibrary">
<arg>${websiet.url}</arg>
<arg>${websiet.browser}</arg>
<doc>Opens a new browser instance to the optional ``url``.</doc>
<msg timestamp="20240905 21:15:58.964" level="INFO">Opening browser 'headlesschrome' to base url 'https://www.nejavu.com'.</msg>
<status status="PASS" starttime="20240905 21:15:58.962" endtime="20240905 21:16:03.021"/>
</kw>
<kw name="Set Window Size" library="SeleniumLibrary">
<arg>1440</arg>
<arg>900</arg>
<doc>Sets current windows size to given ``width`` and ``height``.</doc>
<status status="PASS" starttime="20240905 21:16:03.022" endtime="20240905 21:16:03.055"/>
</kw>
<status status="PASS" starttime="20240905 21:15:58.961" endtime="20240905 21:16:03.055"/>
</kw>
<kw name="Close pop-up" library="index_page">
<kw name="Run Keyword And Return Status" library="BuiltIn">
<var>${ButtonClose}</var>
<arg>SeleniumLibrary.Wait Until Element Is Visible</arg>
<arg>${closeModal_banner.btn}</arg>
<doc>Runs the given keyword with given arguments and returns the status as a Boolean value.</doc>
<kw name="Wait Until Element Is Visible" library="SeleniumLibrary">
<arg>${closeModal_banner.btn}</arg>
<doc>Waits until the element ``locator`` is visible.</doc>
<status status="PASS" starttime="20240905 21:16:03.057" endtime="20240905 21:16:03.097"/>
</kw>
<msg timestamp="20240905 21:16:03.098" level="INFO">${ButtonClose} = True</msg>
<status status="PASS" starttime="20240905 21:16:03.057" endtime="20240905 21:16:03.098"/>
</kw>
<if>
<branch type="IF" condition="&quot;${ButtonClose}&quot;==&quot;True&quot;">
<kw name="Click Element" library="SeleniumLibrary">
<arg>${closeModal_banner.btn}</arg>
<doc>Click the element identified by ``locator``.</doc>
<msg timestamp="20240905 21:16:03.103" level="INFO">Clicking element '//a[@onclick="CloseModal()"]'.</msg>
<status status="PASS" starttime="20240905 21:16:03.102" endtime="20240905 21:16:03.253"/>
</kw>
<status status="PASS" starttime="20240905 21:16:03.102" endtime="20240905 21:16:03.253"/>
</branch>
<status status="PASS" starttime="20240905 21:16:03.101" endtime="20240905 21:16:03.253"/>
</if>
<status status="PASS" starttime="20240905 21:16:03.056" endtime="20240905 21:16:03.254"/>
</kw>
<kw name="Click accecpt cookie" library="index_page">
<kw name="Click element when ready" library="common">
<arg>${acceptCookie.btn}</arg>
<kw name="Wait Until Element Is Visible" library="SeleniumLibrary">
<arg>${locator}</arg>
<arg>${time}</arg>
<doc>Waits until the element ``locator`` is visible.</doc>
<status status="PASS" starttime="20240905 21:16:03.257" endtime="20240905 21:16:03.293"/>
</kw>
<kw name="Click Element" library="SeleniumLibrary">
<arg>${locator}</arg>
<doc>Click the element identified by ``locator``.</doc>
<msg timestamp="20240905 21:16:03.296" level="INFO">Clicking element '//a[@onclick="AcceptCookie()"]'.</msg>
<status status="PASS" starttime="20240905 21:16:03.293" endtime="20240905 21:16:03.954"/>
</kw>
<status status="PASS" starttime="20240905 21:16:03.255" endtime="20240905 21:16:03.955"/>
</kw>
<kw name="Sleep" library="BuiltIn">
<arg>1s</arg>
<doc>Pauses the test executed for the given time.</doc>
<msg timestamp="20240905 21:16:04.956" level="INFO">Slept 1 second</msg>
<status status="PASS" starttime="20240905 21:16:03.955" endtime="20240905 21:16:04.956"/>
</kw>
<status status="PASS" starttime="20240905 21:16:03.254" endtime="20240905 21:16:04.956"/>
</kw>
<kw name="Scroll to book" library="index_page">
<kw name="Element visible when ready" library="common">
<arg>${book_name.txt}</arg>
<kw name="Wait Until Element Is Visible" library="SeleniumLibrary">
<arg>${locator}</arg>
<arg>${time}</arg>
<doc>Waits until the element ``locator`` is visible.</doc>
<status status="PASS" starttime="20240905 21:16:04.959" endtime="20240905 21:16:04.993"/>
</kw>
<kw name="Element Should Be Visible" library="SeleniumLibrary">
<arg>${locator}</arg>
<doc>Verifies that the element identified by ``locator`` is visible.</doc>
<msg timestamp="20240905 21:16:05.024" level="INFO">Element '//div[contains(@class , "card-detail")]//following-sibling::h5[@class="detail-title"]' is displayed.</msg>
<status status="PASS" starttime="20240905 21:16:04.993" endtime="20240905 21:16:05.024"/>
</kw>
<status status="PASS" starttime="20240905 21:16:04.957" endtime="20240905 21:16:05.025"/>
</kw>
<kw name="Scroll Element Into View" library="SeleniumLibrary">
<arg>${book_name.txt}</arg>
<doc>Scrolls the element identified by ``locator`` into view.</doc>
<status status="PASS" starttime="20240905 21:16:05.025" endtime="20240905 21:16:05.322"/>
</kw>
<status status="PASS" starttime="20240905 21:16:04.957" endtime="20240905 21:16:05.322"/>
</kw>
<kw name="Get book name" library="index_page">
<var>${booksName}</var>
<arg>${TC_1.data4.quantityBook}</arg>
<kw name="Create List" library="BuiltIn">
<var>${name_list}</var>
<doc>Returns a list containing given items.</doc>
<msg timestamp="20240905 21:16:05.324" level="INFO">${name_list} = []</msg>
<status status="PASS" starttime="20240905 21:16:05.324" endtime="20240905 21:16:05.324"/>
</kw>
<for flavor="IN RANGE">
<var>${index}</var>
<value>1</value>
<value>${quantityBook}+1</value>
<iter>
<var name="${index}">1</var>
<kw name="Get text when ready" library="common">
<var>${book_name_list}</var>
<arg>(${bookName.txt})[${index}]</arg>
<kw name="Wait Until Element Is Visible" library="SeleniumLibrary">
<arg>${locator}</arg>
<arg>${time}</arg>
<doc>Waits until the element ``locator`` is visible.</doc>
<status status="PASS" starttime="20240905 21:16:05.327" endtime="20240905 21:16:05.359"/>
</kw>
<kw name="Get Text" library="SeleniumLibrary">
<var>${getText}</var>
<arg>${locator}</arg>
<doc>Returns the text value of the element identified by ``locator``.</doc>
<msg timestamp="20240905 21:16:05.387" level="INFO">${getText} = [จัดส่ง20ก.ย.67] BOXSET TOTTEOKI DORAEMON ตอนสัตว์เลี้ยงแสนรัก</msg>
<status status="PASS" starttime="20240905 21:16:05.359" endtime="20240905 21:16:05.387"/>
</kw>
<return>
<value>${getText}</value>
<status status="PASS" starttime="20240905 21:16:05.388" endtime="20240905 21:16:05.388"/>
</return>
<msg timestamp="20240905 21:16:05.388" level="INFO">${book_name_list} = [จัดส่ง20ก.ย.67] BOXSET TOTTEOKI DORAEMON ตอนสัตว์เลี้ยงแสนรัก</msg>
<status status="PASS" starttime="20240905 21:16:05.325" endtime="20240905 21:16:05.388"/>
</kw>
<kw name="Append To List" library="Collections">
<arg>${name_list}</arg>
<arg>${book_name_list}</arg>
<doc>Adds ``values`` to the end of ``list``.</doc>
<status status="PASS" starttime="20240905 21:16:05.388" endtime="20240905 21:16:05.388"/>
</kw>
<status status="PASS" starttime="20240905 21:16:05.325" endtime="20240905 21:16:05.388"/>
</iter>
<iter>
<var name="${index}">2</var>
<kw name="Get text when ready" library="common">
<var>${book_name_list}</var>
<arg>(${bookName.txt})[${index}]</arg>
<kw name="Wait Until Element Is Visible" library="SeleniumLibrary">
<arg>${locator}</arg>
<arg>${time}</arg>
<doc>Waits until the element ``locator`` is visible.</doc>
<status status="PASS" starttime="20240905 21:16:05.390" endtime="20240905 21:16:05.416"/>
</kw>
<kw name="Get Text" library="SeleniumLibrary">
<var>${getText}</var>
<arg>${locator}</arg>
<doc>Returns the text value of the element identified by ``locator``.</doc>
<msg timestamp="20240905 21:16:05.437" level="INFO">${getText} = TOTTEOKI DORAEMON ตอนสัตว์เลี้ยงแสนรัก</msg>
<status status="PASS" starttime="20240905 21:16:05.416" endtime="20240905 21:16:05.437"/>
</kw>
<return>
<value>${getText}</value>
<status status="PASS" starttime="20240905 21:16:05.437" endtime="20240905 21:16:05.437"/>
</return>
<msg timestamp="20240905 21:16:05.437" level="INFO">${book_name_list} = TOTTEOKI DORAEMON ตอนสัตว์เลี้ยงแสนรัก</msg>
<status status="PASS" starttime="20240905 21:16:05.389" endtime="20240905 21:16:05.437"/>
</kw>
<kw name="Append To List" library="Collections">
<arg>${name_list}</arg>
<arg>${book_name_list}</arg>
<doc>Adds ``values`` to the end of ``list``.</doc>
<status status="PASS" starttime="20240905 21:16:05.437" endtime="20240905 21:16:05.437"/>
</kw>
<status status="PASS" starttime="20240905 21:16:05.389" endtime="20240905 21:16:05.438"/>
</iter>
<iter>
<var name="${index}">3</var>
<kw name="Get text when ready" library="common">
<var>${book_name_list}</var>
<arg>(${bookName.txt})[${index}]</arg>
<kw name="Wait Until Element Is Visible" library="SeleniumLibrary">
<arg>${locator}</arg>
<arg>${time}</arg>
<doc>Waits until the element ``locator`` is visible.</doc>
<status status="PASS" starttime="20240905 21:16:05.439" endtime="20240905 21:16:05.467"/>
</kw>
<kw name="Get Text" library="SeleniumLibrary">
<var>${getText}</var>
<arg>${locator}</arg>
<doc>Returns the text value of the element identified by ``locator``.</doc>
<msg timestamp="20240905 21:16:05.488" level="INFO">${getText} = The JOJOLands โจโจ้ ล่าข้ามศตวรรษ Part9 เดอะ โจโจ้ แลนดส์ เล่ม 1</msg>
<status status="PASS" starttime="20240905 21:16:05.467" endtime="20240905 21:16:05.488"/>
</kw>
<return>
<value>${getText}</value>
<status status="PASS" starttime="20240905 21:16:05.488" endtime="20240905 21:16:05.488"/>
</return>
<msg timestamp="20240905 21:16:05.489" level="INFO">${book_name_list} = The JOJOLands โจโจ้ ล่าข้ามศตวรรษ Part9 เดอะ โจโจ้ แลนดส์ เล่ม 1</msg>
<status status="PASS" starttime="20240905 21:16:05.438" endtime="20240905 21:16:05.489"/>
</kw>
<kw name="Append To List" library="Collections">
<arg>${name_list}</arg>
<arg>${book_name_list}</arg>
<doc>Adds ``values`` to the end of ``list``.</doc>
<status status="PASS" starttime="20240905 21:16:05.489" endtime="20240905 21:16:05.489"/>
</kw>
<status status="PASS" starttime="20240905 21:16:05.438" endtime="20240905 21:16:05.489"/>
</iter>
<iter>
<var name="${index}">4</var>
<kw name="Get text when ready" library="common">
<var>${book_name_list}</var>
<arg>(${bookName.txt})[${index}]</arg>
<kw name="Wait Until Element Is Visible" library="SeleniumLibrary">
<arg>${locator}</arg>
<arg>${time}</arg>
<doc>Waits until the element ``locator`` is visible.</doc>
<status status="PASS" starttime="20240905 21:16:05.491" endtime="20240905 21:16:05.516"/>
</kw>
<kw name="Get Text" library="SeleniumLibrary">
<var>${getText}</var>
<arg>${locator}</arg>
<doc>Returns the text value of the element identified by ``locator``.</doc>
<msg timestamp="20240905 21:16:05.537" level="INFO">${getText} = ชุด ชินจัง เดอะมูฟวี่ ตอน ไดอารี่เพื่อนรัก ไดโนเสาร์ของพวกเราพร้อม เสื้อยืด</msg>
<status status="PASS" starttime="20240905 21:16:05.517" endtime="20240905 21:16:05.537"/>
</kw>
<return>
<value>${getText}</value>
<status status="PASS" starttime="20240905 21:16:05.537" endtime="20240905 21:16:05.537"/>
</return>
<msg timestamp="20240905 21:16:05.537" level="INFO">${book_name_list} = ชุด ชินจัง เดอะมูฟวี่ ตอน ไดอารี่เพื่อนรัก ไดโนเสาร์ของพวกเราพร้อม เสื้อยืด</msg>
<status status="PASS" starttime="20240905 21:16:05.490" endtime="20240905 21:16:05.537"/>
</kw>
<kw name="Append To List" library="Collections">
<arg>${name_list}</arg>
<arg>${book_name_list}</arg>
<doc>Adds ``values`` to the end of ``list``.</doc>
<status status="PASS" starttime="20240905 21:16:05.537" endtime="20240905 21:16:05.538"/>
</kw>
<status status="PASS" starttime="20240905 21:16:05.489" endtime="20240905 21:16:05.538"/>
</iter>
<iter>
<var name="${index}">5</var>
<kw name="Get text when ready" library="common">
<var>${book_name_list}</var>
<arg>(${bookName.txt})[${index}]</arg>
<kw name="Wait Until Element Is Visible" library="SeleniumLibrary">
<arg>${locator}</arg>
<arg>${time}</arg>
<doc>Waits until the element ``locator`` is visible.</doc>
<status status="PASS" starttime="20240905 21:16:05.539" endtime="20240905 21:16:05.566"/>
</kw>
<kw name="Get Text" library="SeleniumLibrary">
<var>${getText}</var>
<arg>${locator}</arg>
<doc>Returns the text value of the element identified by ``locator``.</doc>
<msg timestamp="20240905 21:16:05.586" level="INFO">${getText} = ชินจัง เดอะมูฟวี่ ตอน ไดอารี่เพื่อนรัก ไดโนเสาร์ของพวกเรา</msg>
<status status="PASS" starttime="20240905 21:16:05.566" endtime="20240905 21:16:05.586"/>
</kw>
<return>
<value>${getText}</value>
<status status="PASS" starttime="20240905 21:16:05.586" endtime="20240905 21:16:05.586"/>
</return>
<msg timestamp="20240905 21:16:05.587" level="INFO">${book_name_list} = ชินจัง เดอะมูฟวี่ ตอน ไดอารี่เพื่อนรัก ไดโนเสาร์ของพวกเรา</msg>
<status status="PASS" starttime="20240905 21:16:05.538" endtime="20240905 21:16:05.587"/>
</kw>
<kw name="Append To List" library="Collections">
<arg>${name_list}</arg>
<arg>${book_name_list}</arg>
<doc>Adds ``values`` to the end of ``list``.</doc>
<status status="PASS" starttime="20240905 21:16:05.587" endtime="20240905 21:16:05.588"/>
</kw>
<status status="PASS" starttime="20240905 21:16:05.538" endtime="20240905 21:16:05.588"/>
</iter>
<status status="PASS" starttime="20240905 21:16:05.324" endtime="20240905 21:16:05.588"/>
</for>
<msg timestamp="20240905 21:16:05.588" level="INFO">${booksName} = ['[จัดส่ง20ก.ย.67] BOXSET TOTTEOKI DORAEMON ตอนสัตว์เลี้ยงแสนรัก', 'TOTTEOKI DORAEMON ตอนสัตว์เลี้ยงแสนรัก', 'The JOJOLands โจโจ้ ล่าข้ามศตวรรษ Part9 เดอะ โจโจ้ แลนดส์ เล่ม 1', 'ชุด ชินจัง เดอะมูฟวี่ ...</msg>
<status status="PASS" starttime="20240905 21:16:05.322" endtime="20240905 21:16:05.588"/>
</kw>
<kw name="Add book to cart" library="index_page">
<arg>${TC_1.data4.quantityBook}</arg>
<kw name="Element visible when ready" library="common">
<arg>${book_addCart.btn}</arg>
<kw name="Wait Until Element Is Visible" library="SeleniumLibrary">
<arg>${locator}</arg>
<arg>${time}</arg>
<doc>Waits until the element ``locator`` is visible.</doc>
<status status="PASS" starttime="20240905 21:16:05.591" endtime="20240905 21:16:05.622"/>
</kw>
<kw name="Element Should Be Visible" library="SeleniumLibrary">
<arg>${locator}</arg>
<doc>Verifies that the element identified by ``locator`` is visible.</doc>
<msg timestamp="20240905 21:16:05.646" level="INFO">Element '//button[@id="quick-cart-button"]' is displayed.</msg>
<status status="PASS" starttime="20240905 21:16:05.623" endtime="20240905 21:16:05.646"/>
</kw>
<status status="PASS" starttime="20240905 21:16:05.590" endtime="20240905 21:16:05.647"/>
</kw>
<kw name="Scroll Element Into View" library="SeleniumLibrary">
<arg>${book_addCart.btn}</arg>
<doc>Scrolls the element identified by ``locator`` into view.</doc>
<status status="PASS" starttime="20240905 21:16:05.647" endtime="20240905 21:16:05.934"/>
</kw>
<for flavor="IN RANGE">
<var>${index}</var>
<value>1</value>
<value>${quantityBook}+1</value>
<iter>
<var name="${index}">1</var>
<kw name="Click element when ready" library="common">
<arg>(${book_addCart.btn})[${index}]</arg>
<kw name="Wait Until Element Is Visible" library="SeleniumLibrary">
<arg>${locator}</arg>
<arg>${time}</arg>
<doc>Waits until the element ``locator`` is visible.</doc>
<status status="PASS" starttime="20240905 21:16:05.936" endtime="20240905 21:16:05.960"/>
</kw>
<kw name="Click Element" library="SeleniumLibrary">
<arg>${locator}</arg>
<doc>Click the element identified by ``locator``.</doc>
<msg timestamp="20240905 21:16:05.961" level="INFO">Clicking element '(//button[@id="quick-cart-button"])[1]'.</msg>
<status status="PASS" starttime="20240905 21:16:05.960" endtime="20240905 21:16:06.040"/>
</kw>
<status status="PASS" starttime="20240905 21:16:05.935" endtime="20240905 21:16:06.040"/>
</kw>
<kw name="Element visible when ready" library="common">
<arg>${alert_addCart.txt}</arg>
<kw name="Wait Until Element Is Visible" library="SeleniumLibrary">
<arg>${locator}</arg>
<arg>${time}</arg>
<doc>Waits until the element ``locator`` is visible.</doc>
<status status="PASS" starttime="20240905 21:16:06.043" endtime="20240905 21:16:06.285"/>
</kw>
<kw name="Element Should Be Visible" library="SeleniumLibrary">
<arg>${locator}</arg>
<doc>Verifies that the element identified by ``locator`` is visible.</doc>
<msg timestamp="20240905 21:16:06.307" level="INFO">Element '//div[@id="toast-container"]' is displayed.</msg>
<status status="PASS" starttime="20240905 21:16:06.286" endtime="20240905 21:16:06.307"/>
</kw>
<status status="PASS" starttime="20240905 21:16:06.041" endtime="20240905 21:16:06.307"/>
</kw>
<kw name="Element not visible when ready" library="common">
<arg>${alert_addCart.txt}</arg>
<kw name="Wait Until Element Is Not Visible" library="SeleniumLibrary">
<arg>${locator}</arg>
<arg>${time}</arg>
<doc>Waits until the element ``locator`` is not visible.</doc>
<status status="PASS" starttime="20240905 21:16:06.309" endtime="20240905 21:16:08.102"/>
</kw>
<kw name="Element Should Not Be Visible" library="SeleniumLibrary">
<arg>${locator}</arg>
<doc>Verifies that the element identified by ``locator`` is NOT visible.</doc>
<msg timestamp="20240905 21:16:08.118" level="INFO">Element '//div[@id="toast-container"]' did not exist.</msg>
<status status="PASS" starttime="20240905 21:16:08.103" endtime="20240905 21:16:08.118"/>
</kw>
<status status="PASS" starttime="20240905 21:16:06.307" endtime="20240905 21:16:08.118"/>
</kw>
<status status="PASS" starttime="20240905 21:16:05.934" endtime="20240905 21:16:08.118"/>
</iter>
<iter>
<var name="${index}">2</var>
<kw name="Click element when ready" library="common">
<arg>(${book_addCart.btn})[${index}]</arg>
<kw name="Wait Until Element Is Visible" library="SeleniumLibrary">
<arg>${locator}</arg>
<arg>${time}</arg>
<doc>Waits until the element ``locator`` is visible.</doc>
<status status="PASS" starttime="20240905 21:16:08.121" endtime="20240905 21:16:08.152"/>
</kw>
<kw name="Click Element" library="SeleniumLibrary">
<arg>${locator}</arg>
<doc>Click the element identified by ``locator``.</doc>
<msg timestamp="20240905 21:16:08.153" level="INFO">Clicking element '(//button[@id="quick-cart-button"])[2]'.</msg>
<status status="PASS" starttime="20240905 21:16:08.152" endtime="20240905 21:16:08.239"/>
</kw>
<status status="PASS" starttime="20240905 21:16:08.119" endtime="20240905 21:16:08.239"/>
</kw>
<kw name="Element visible when ready" library="common">
<arg>${alert_addCart.txt}</arg>
<kw name="Wait Until Element Is Visible" library="SeleniumLibrary">
<arg>${locator}</arg>
<arg>${time}</arg>
<doc>Waits until the element ``locator`` is visible.</doc>
<status status="PASS" starttime="20240905 21:16:08.242" endtime="20240905 21:16:08.476"/>
</kw>
<kw name="Element Should Be Visible" library="SeleniumLibrary">
<arg>${locator}</arg>
<doc>Verifies that the element identified by ``locator`` is visible.</doc>
<msg timestamp="20240905 21:16:08.501" level="INFO">Element '//div[@id="toast-container"]' is displayed.</msg>
<status status="PASS" starttime="20240905 21:16:08.476" endtime="20240905 21:16:08.501"/>
</kw>
<status status="PASS" starttime="20240905 21:16:08.240" endtime="20240905 21:16:08.501"/>
</kw>
<kw name="Element not visible when ready" library="common">
<arg>${alert_addCart.txt}</arg>
<kw name="Wait Until Element Is Not Visible" library="SeleniumLibrary">
<arg>${locator}</arg>
<arg>${time}</arg>
<doc>Waits until the element ``locator`` is not visible.</doc>
<status status="PASS" starttime="20240905 21:16:08.503" endtime="20240905 21:16:10.311"/>
</kw>
<kw name="Element Should Not Be Visible" library="SeleniumLibrary">
<arg>${locator}</arg>
<doc>Verifies that the element identified by ``locator`` is NOT visible.</doc>
<msg timestamp="20240905 21:16:10.321" level="INFO">Element '//div[@id="toast-container"]' did not exist.</msg>
<status status="PASS" starttime="20240905 21:16:10.312" endtime="20240905 21:16:10.322"/>
</kw>
<status status="PASS" starttime="20240905 21:16:08.501" endtime="20240905 21:16:10.322"/>
</kw>
<status status="PASS" starttime="20240905 21:16:08.118" endtime="20240905 21:16:10.322"/>
</iter>
<iter>
<var name="${index}">3</var>
<kw name="Click element when ready" library="common">
<arg>(${book_addCart.btn})[${index}]</arg>
<kw name="Wait Until Element Is Visible" library="SeleniumLibrary">
<arg>${locator}</arg>
<arg>${time}</arg>
<doc>Waits until the element ``locator`` is visible.</doc>
<status status="PASS" starttime="20240905 21:16:10.325" endtime="20240905 21:16:10.351"/>
</kw>
<kw name="Click Element" library="SeleniumLibrary">
<arg>${locator}</arg>
<doc>Click the element identified by ``locator``.</doc>
<msg timestamp="20240905 21:16:10.352" level="INFO">Clicking element '(//button[@id="quick-cart-button"])[3]'.</msg>
<status status="PASS" starttime="20240905 21:16:10.352" endtime="20240905 21:16:10.437"/>
</kw>
<status status="PASS" starttime="20240905 21:16:10.323" endtime="20240905 21:16:10.437"/>
</kw>
<kw name="Element visible when ready" library="common">
<arg>${alert_addCart.txt}</arg>
<kw name="Wait Until Element Is Visible" library="SeleniumLibrary">
<arg>${locator}</arg>
<arg>${time}</arg>
<doc>Waits until the element ``locator`` is visible.</doc>
<status status="PASS" starttime="20240905 21:16:10.439" endtime="20240905 21:16:10.676"/>
</kw>
<kw name="Element Should Be Visible" library="SeleniumLibrary">
<arg>${locator}</arg>
<doc>Verifies that the element identified by ``locator`` is visible.</doc>
<msg timestamp="20240905 21:16:10.704" level="INFO">Element '//div[@id="toast-container"]' is displayed.</msg>
<status status="PASS" starttime="20240905 21:16:10.677" endtime="20240905 21:16:10.704"/>
</kw>
<status status="PASS" starttime="20240905 21:16:10.438" endtime="20240905 21:16:10.704"/>
</kw>
<kw name="Element not visible when ready" library="common">
<arg>${alert_addCart.txt}</arg>
<kw name="Wait Until Element Is Not Visible" library="SeleniumLibrary">
<arg>${locator}</arg>
<arg>${time}</arg>
<doc>Waits until the element ``locator`` is not visible.</doc>
<status status="PASS" starttime="20240905 21:16:10.706" endtime="20240905 21:16:12.508"/>
</kw>
<kw name="Element Should Not Be Visible" library="SeleniumLibrary">
<arg>${locator}</arg>
<doc>Verifies that the element identified by ``locator`` is NOT visible.</doc>
<msg timestamp="20240905 21:16:12.517" level="INFO">Element '//div[@id="toast-container"]' did not exist.</msg>
<status status="PASS" starttime="20240905 21:16:12.508" endtime="20240905 21:16:12.517"/>
</kw>
<status status="PASS" starttime="20240905 21:16:10.704" endtime="20240905 21:16:12.517"/>
</kw>
<status status="PASS" starttime="20240905 21:16:10.322" endtime="20240905 21:16:12.517"/>
</iter>
<iter>
<var name="${index}">4</var>
<kw name="Click element when ready" library="common">
<arg>(${book_addCart.btn})[${index}]</arg>
<kw name="Wait Until Element Is Visible" library="SeleniumLibrary">
<arg>${locator}</arg>
<arg>${time}</arg>
<doc>Waits until the element ``locator`` is visible.</doc>
<status status="PASS" starttime="20240905 21:16:12.519" endtime="20240905 21:16:12.543"/>
</kw>
<kw name="Click Element" library="SeleniumLibrary">
<arg>${locator}</arg>
<doc>Click the element identified by ``locator``.</doc>
<msg timestamp="20240905 21:16:12.544" level="INFO">Clicking element '(//button[@id="quick-cart-button"])[4]'.</msg>
<status status="PASS" starttime="20240905 21:16:12.543" endtime="20240905 21:16:12.608"/>
</kw>
<status status="PASS" starttime="20240905 21:16:12.517" endtime="20240905 21:16:12.609"/>
</kw>
<kw name="Element visible when ready" library="common">
<arg>${alert_addCart.txt}</arg>
<kw name="Wait Until Element Is Visible" library="SeleniumLibrary">
<arg>${locator}</arg>
<arg>${time}</arg>
<doc>Waits until the element ``locator`` is visible.</doc>
<status status="PASS" starttime="20240905 21:16:12.611" endtime="20240905 21:16:12.850"/>
</kw>
<kw name="Element Should Be Visible" library="SeleniumLibrary">
<arg>${locator}</arg>
<doc>Verifies that the element identified by ``locator`` is visible.</doc>
<msg timestamp="20240905 21:16:12.873" level="INFO">Element '//div[@id="toast-container"]' is displayed.</msg>
<status status="PASS" starttime="20240905 21:16:12.850" endtime="20240905 21:16:12.873"/>
</kw>
<status status="PASS" starttime="20240905 21:16:12.609" endtime="20240905 21:16:12.873"/>
</kw>
<kw name="Element not visible when ready" library="common">
<arg>${alert_addCart.txt}</arg>
<kw name="Wait Until Element Is Not Visible" library="SeleniumLibrary">
<arg>${locator}</arg>
<arg>${time}</arg>
<doc>Waits until the element ``locator`` is not visible.</doc>
<status status="PASS" starttime="20240905 21:16:12.875" endtime="20240905 21:16:14.693"/>
</kw>
<kw name="Element Should Not Be Visible" library="SeleniumLibrary">
<arg>${locator}</arg>
<doc>Verifies that the element identified by ``locator`` is NOT visible.</doc>
<msg timestamp="20240905 21:16:14.714" level="INFO">Element '//div[@id="toast-container"]' did not exist.</msg>
<status status="PASS" starttime="20240905 21:16:14.693" endtime="20240905 21:16:14.714"/>
</kw>
<status status="PASS" starttime="20240905 21:16:12.873" endtime="20240905 21:16:14.714"/>
</kw>
<status status="PASS" starttime="20240905 21:16:12.517" endtime="20240905 21:16:14.714"/>
</iter>
<iter>
<var name="${index}">5</var>
<kw name="Click element when ready" library="common">
<arg>(${book_addCart.btn})[${index}]</arg>
<kw name="Wait Until Element Is Visible" library="SeleniumLibrary">
<arg>${locator}</arg>
<arg>${time}</arg>
<doc>Waits until the element ``locator`` is visible.</doc>
<status status="PASS" starttime="20240905 21:16:14.716" endtime="20240905 21:16:14.740"/>
</kw>
<kw name="Click Element" library="SeleniumLibrary">
<arg>${locator}</arg>
<doc>Click the element identified by ``locator``.</doc>
<msg timestamp="20240905 21:16:14.741" level="INFO">Clicking element '(//button[@id="quick-cart-button"])[5]'.</msg>
<status status="PASS" starttime="20240905 21:16:14.740" endtime="20240905 21:16:14.799"/>
</kw>
<status status="PASS" starttime="20240905 21:16:14.714" endtime="20240905 21:16:14.800"/>
</kw>
<kw name="Element visible when ready" library="common">
<arg>${alert_addCart.txt}</arg>
<kw name="Wait Until Element Is Visible" library="SeleniumLibrary">
<arg>${locator}</arg>
<arg>${time}</arg>
<doc>Waits until the element ``locator`` is visible.</doc>
<status status="PASS" starttime="20240905 21:16:14.803" endtime="20240905 21:16:15.044"/>
</kw>
<kw name="Element Should Be Visible" library="SeleniumLibrary">
<arg>${locator}</arg>
<doc>Verifies that the element identified by ``locator`` is visible.</doc>
<msg timestamp="20240905 21:16:15.072" level="INFO">Element '//div[@id="toast-container"]' is displayed.</msg>
<status status="PASS" starttime="20240905 21:16:15.044" endtime="20240905 21:16:15.072"/>
</kw>
<status status="PASS" starttime="20240905 21:16:14.801" endtime="20240905 21:16:15.073"/>
</kw>
<kw name="Element not visible when ready" library="common">
<arg>${alert_addCart.txt}</arg>
<kw name="Wait Until Element Is Not Visible" library="SeleniumLibrary">
<arg>${locator}</arg>
<arg>${time}</arg>
<doc>Waits until the element ``locator`` is not visible.</doc>
<status status="PASS" starttime="20240905 21:16:15.075" endtime="20240905 21:16:16.888"/>
</kw>
<kw name="Element Should Not Be Visible" library="SeleniumLibrary">
<arg>${locator}</arg>
<doc>Verifies that the element identified by ``locator`` is NOT visible.</doc>
<msg timestamp="20240905 21:16:16.898" level="INFO">Element '//div[@id="toast-container"]' did not exist.</msg>
<status status="PASS" starttime="20240905 21:16:16.888" endtime="20240905 21:16:16.899"/>
</kw>
<status status="PASS" starttime="20240905 21:16:15.073" endtime="20240905 21:16:16.899"/>
</kw>
<status status="PASS" starttime="20240905 21:16:14.714" endtime="20240905 21:16:16.899"/>
</iter>
<status status="PASS" starttime="20240905 21:16:05.934" endtime="20240905 21:16:16.899"/>
</for>
<status status="PASS" starttime="20240905 21:16:05.588" endtime="20240905 21:16:16.899"/>
</kw>
<kw name="Verify quantity on cart" library="navbar_page">
<arg>${TC_1.data4.quantityBook}</arg>
<kw name="Get text when ready" library="common">
<var>${cartNow}</var>
<arg>${cartBadge.txt}</arg>
<kw name="Wait Until Element Is Visible" library="SeleniumLibrary">
<arg>${locator}</arg>
<arg>${time}</arg>
<doc>Waits until the element ``locator`` is visible.</doc>
<status status="PASS" starttime="20240905 21:16:16.904" endtime="20240905 21:16:16.931"/>
</kw>
<kw name="Get Text" library="SeleniumLibrary">
<var>${getText}</var>
<arg>${locator}</arg>
<doc>Returns the text value of the element identified by ``locator``.</doc>
<msg timestamp="20240905 21:16:16.952" level="INFO">${getText} = 5</msg>
<status status="PASS" starttime="20240905 21:16:16.931" endtime="20240905 21:16:16.952"/>
</kw>
<return>
<value>${getText}</value>
<status status="PASS" starttime="20240905 21:16:16.952" endtime="20240905 21:16:16.952"/>
</return>
<msg timestamp="20240905 21:16:16.952" level="INFO">${cartNow} = 5</msg>
<status status="PASS" starttime="20240905 21:16:16.902" endtime="20240905 21:16:16.952"/>
</kw>
<kw name="Convert To Integer" library="BuiltIn">
<var>${cartNow_int}</var>
<arg>${cartNow}</arg>
<doc>Converts the given item to an integer number.</doc>
<msg timestamp="20240905 21:16:16.953" level="INFO">${cartNow_int} = 5</msg>
<status status="PASS" starttime="20240905 21:16:16.952" endtime="20240905 21:16:16.953"/>
</kw>
<kw name="Should Be Equal" library="BuiltIn">
<arg>${cartNow_int}</arg>
<arg>${quantityBook}</arg>
<doc>Fails if the given objects are unequal.</doc>
<status status="PASS" starttime="20240905 21:16:16.953" endtime="20240905 21:16:16.953"/>
</kw>
<status status="PASS" starttime="20240905 21:16:16.899" endtime="20240905 21:16:16.953"/>
</kw>
<kw name="Click cart" library="navbar_page">
<kw name="Click element when ready" library="common">
<arg>${cart.btn}</arg>
<kw name="Wait Until Element Is Visible" library="SeleniumLibrary">
<arg>${locator}</arg>
<arg>${time}</arg>
<doc>Waits until the element ``locator`` is visible.</doc>
<status status="PASS" starttime="20240905 21:16:16.956" endtime="20240905 21:16:16.981"/>
</kw>
<kw name="Click Element" library="SeleniumLibrary">
<arg>${locator}</arg>
<doc>Click the element identified by ``locator``.</doc>
<msg timestamp="20240905 21:16:16.982" level="INFO">Clicking element '//div[@class="nev-noti-icon"]/a[contains(@href ,"cart")]'.</msg>
<status status="PASS" starttime="20240905 21:16:16.982" endtime="20240905 21:16:17.502"/>
</kw>
<status status="PASS" starttime="20240905 21:16:16.954" endtime="20240905 21:16:17.502"/>
</kw>
<status status="PASS" starttime="20240905 21:16:16.954" endtime="20240905 21:16:17.503"/>
</kw>
<kw name="Verify book name on cart" library="cartDetail_page">
<arg>${booksName}</arg>
<arg>${TC_1.data4.quantityBook}</arg>
<kw name="Element visible when ready" library="common">
<arg>${bookNameCart.txt}</arg>
<kw name="Wait Until Element Is Visible" library="SeleniumLibrary">
<arg>${locator}</arg>
<arg>${time}</arg>
<doc>Waits until the element ``locator`` is visible.</doc>
<status status="PASS" starttime="20240905 21:16:17.509" endtime="20240905 21:16:17.545"/>
</kw>
<kw name="Element Should Be Visible" library="SeleniumLibrary">
<arg>${locator}</arg>
<doc>Verifies that the element identified by ``locator`` is visible.</doc>
<msg timestamp="20240905 21:16:17.564" level="INFO">Element '//p[@class="text-date"]/preceding-sibling::p[1]' is displayed.</msg>
<status status="PASS" starttime="20240905 21:16:17.545" endtime="20240905 21:16:17.564"/>
</kw>
<status status="PASS" starttime="20240905 21:16:17.506" endtime="20240905 21:16:17.564"/>
</kw>
<kw name="Scroll Element Into View" library="SeleniumLibrary">
<arg>${bookNameCart.txt}</arg>
<doc>Scrolls the element identified by ``locator`` into view.</doc>
<status status="PASS" starttime="20240905 21:16:17.564" endtime="20240905 21:16:17.836"/>
</kw>
<for flavor="IN RANGE">
<var>${index}</var>
<value>1</value>
<value>${quantityBook}+1</value>
<iter>
<var name="${index}">1</var>
<kw name="Get Text" library="SeleniumLibrary">
<var>${book_name_list_cart}</var>
<arg>(${bookNameCart.txt})[${index}]</arg>
<doc>Returns the text value of the element identified by ``locator``.</doc>
<msg timestamp="20240905 21:16:17.860" level="INFO">${book_name_list_cart} = [จัดส่ง20ก.ย.67] BOXSET TOTTEOKI DORAEMON ตอนสัตว์เลี้ยงแสนรัก</msg>
<status status="PASS" starttime="20240905 21:16:17.837" endtime="20240905 21:16:17.860"/>
</kw>
<kw name="Should Be Equal" library="BuiltIn">
<arg>${book_name_list_cart}</arg>
<arg>${bookName[${index}-1]}</arg>
<doc>Fails if the given objects are unequal.</doc>
<status status="PASS" starttime="20240905 21:16:17.860" endtime="20240905 21:16:17.861"/>
</kw>
<status status="PASS" starttime="20240905 21:16:17.837" endtime="20240905 21:16:17.861"/>
</iter>
<iter>
<var name="${index}">2</var>
<kw name="Get Text" library="SeleniumLibrary">
<var>${book_name_list_cart}</var>
<arg>(${bookNameCart.txt})[${index}]</arg>
<doc>Returns the text value of the element identified by ``locator``.</doc>
<msg timestamp="20240905 21:16:17.883" level="INFO">${book_name_list_cart} = TOTTEOKI DORAEMON ตอนสัตว์เลี้ยงแสนรัก</msg>
<status status="PASS" starttime="20240905 21:16:17.862" endtime="20240905 21:16:17.883"/>
</kw>
<kw name="Should Be Equal" library="BuiltIn">
<arg>${book_name_list_cart}</arg>
<arg>${bookName[${index}-1]}</arg>
<doc>Fails if the given objects are unequal.</doc>
<status status="PASS" starttime="20240905 21:16:17.884" endtime="20240905 21:16:17.885"/>
</kw>
<status status="PASS" starttime="20240905 21:16:17.862" endtime="20240905 21:16:17.885"/>
</iter>
<iter>
<var name="${index}">3</var>
<kw name="Get Text" library="SeleniumLibrary">
<var>${book_name_list_cart}</var>
<arg>(${bookNameCart.txt})[${index}]</arg>
<doc>Returns the text value of the element identified by ``locator``.</doc>
<msg timestamp="20240905 21:16:17.908" level="INFO">${book_name_list_cart} = The JOJOLands โจโจ้ ล่าข้ามศตวรรษ Part9 เดอะ โจโจ้ แลนดส์ เล่ม 1</msg>
<status status="PASS" starttime="20240905 21:16:17.885" endtime="20240905 21:16:17.908"/>
</kw>
<kw name="Should Be Equal" library="BuiltIn">
<arg>${book_name_list_cart}</arg>
<arg>${bookName[${index}-1]}</arg>
<doc>Fails if the given objects are unequal.</doc>
<status status="PASS" starttime="20240905 21:16:17.908" endtime="20240905 21:16:17.910"/>
</kw>
<status status="PASS" starttime="20240905 21:16:17.885" endtime="20240905 21:16:17.910"/>
</iter>
<iter>
<var name="${index}">4</var>
<kw name="Get Text" library="SeleniumLibrary">
<var>${book_name_list_cart}</var>
<arg>(${bookNameCart.txt})[${index}]</arg>
<doc>Returns the text value of the element identified by ``locator``.</doc>
<msg timestamp="20240905 21:16:17.934" level="INFO">${book_name_list_cart} = ชุด ชินจัง เดอะมูฟวี่ ตอน ไดอารี่เพื่อนรัก ไดโนเสาร์ของพวกเราพร้อม เสื้อยืด</msg>
<status status="PASS" starttime="20240905 21:16:17.911" endtime="20240905 21:16:17.934"/>
</kw>
<kw name="Should Be Equal" library="BuiltIn">
<arg>${book_name_list_cart}</arg>
<arg>${bookName[${index}-1]}</arg>
<doc>Fails if the given objects are unequal.</doc>
<status status="PASS" starttime="20240905 21:16:17.935" endtime="20240905 21:16:17.936"/>
</kw>
<status status="PASS" starttime="20240905 21:16:17.910" endtime="20240905 21:16:17.936"/>
</iter>
<iter>
<var name="${index}">5</var>
<kw name="Get Text" library="SeleniumLibrary">
<var>${book_name_list_cart}</var>
<arg>(${bookNameCart.txt})[${index}]</arg>
<doc>Returns the text value of the element identified by ``locator``.</doc>
<msg timestamp="20240905 21:16:17.960" level="INFO">${book_name_list_cart} = ชินจัง เดอะมูฟวี่ ตอน ไดอารี่เพื่อนรัก ไดโนเสาร์ของพวกเรา</msg>
<status status="PASS" starttime="20240905 21:16:17.936" endtime="20240905 21:16:17.960"/>
</kw>
<kw name="Should Be Equal" library="BuiltIn">
<arg>${book_name_list_cart}</arg>
<arg>${bookName[${index}-1]}</arg>
<doc>Fails if the given objects are unequal.</doc>
<status status="PASS" starttime="20240905 21:16:17.961" endtime="20240905 21:16:17.962"/>
</kw>
<status status="PASS" starttime="20240905 21:16:17.936" endtime="20240905 21:16:17.962"/>
</iter>
<status status="PASS" starttime="20240905 21:16:17.837" endtime="20240905 21:16:17.962"/>
</for>
<status status="PASS" starttime="20240905 21:16:17.503" endtime="20240905 21:16:17.962"/>
</kw>
<kw name="Close Browser" library="SeleniumLibrary" type="TEARDOWN">
<doc>Closes the current browser.</doc>
<status status="PASS" starttime="20240905 21:16:17.963" endtime="20240905 21:16:18.144"/>
</kw>
<status status="PASS" starttime="20240905 21:15:58.960" endtime="20240905 21:16:18.145"/>
</test>
<test id="s1-s1-t5" name="TC_1.5 Test Add Book to Cart and Verify Total Price on Cart" line="41">
<kw name="Open web-demo" library="common">
<kw name="Open Browser" library="SeleniumLibrary">
<arg>${websiet.url}</arg>
<arg>${websiet.browser}</arg>
<doc>Opens a new browser instance to the optional ``url``.</doc>
<msg timestamp="20240905 21:16:18.148" level="INFO">Opening browser 'headlesschrome' to base url 'https://www.nejavu.com'.</msg>
<status status="PASS" starttime="20240905 21:16:18.146" endtime="20240905 21:16:21.786"/>
</kw>
<kw name="Set Window Size" library="SeleniumLibrary">
<arg>1440</arg>
<arg>900</arg>
<doc>Sets current windows size to given ``width`` and ``height``.</doc>
<status status="PASS" starttime="20240905 21:16:21.787" endtime="20240905 21:16:21.845"/>
</kw>
<status status="PASS" starttime="20240905 21:16:18.146" endtime="20240905 21:16:21.845"/>
</kw>
<kw name="Close pop-up" library="index_page">
<kw name="Run Keyword And Return Status" library="BuiltIn">
<var>${ButtonClose}</var>
<arg>SeleniumLibrary.Wait Until Element Is Visible</arg>
<arg>${closeModal_banner.btn}</arg>
<doc>Runs the given keyword with given arguments and returns the status as a Boolean value.</doc>
<kw name="Wait Until Element Is Visible" library="SeleniumLibrary">
<arg>${closeModal_banner.btn}</arg>
<doc>Waits until the element ``locator`` is visible.</doc>
<status status="PASS" starttime="20240905 21:16:21.851" endtime="20240905 21:16:21.938"/>
</kw>
<msg timestamp="20240905 21:16:21.938" level="INFO">${ButtonClose} = True</msg>
<status status="PASS" starttime="20240905 21:16:21.850" endtime="20240905 21:16:21.938"/>
</kw>
<if>
<branch type="IF" condition="&quot;${ButtonClose}&quot;==&quot;True&quot;">
<kw name="Click Element" library="SeleniumLibrary">
<arg>${closeModal_banner.btn}</arg>
<doc>Click the element identified by ``locator``.</doc>
<msg timestamp="20240905 21:16:21.940" level="INFO">Clicking element '//a[@onclick="CloseModal()"]'.</msg>
<status status="PASS" starttime="20240905 21:16:21.939" endtime="20240905 21:16:22.034"/>
</kw>
<status status="PASS" starttime="20240905 21:16:21.938" endtime="20240905 21:16:22.034"/>
</branch>
<status status="PASS" starttime="20240905 21:16:21.938" endtime="20240905 21:16:22.034"/>
</if>
<status status="PASS" starttime="20240905 21:16:21.846" endtime="20240905 21:16:22.035"/>
</kw>
<kw name="Click accecpt cookie" library="index_page">
<kw name="Click element when ready" library="common">
<arg>${acceptCookie.btn}</arg>
<kw name="Wait Until Element Is Visible" library="SeleniumLibrary">
<arg>${locator}</arg>
<arg>${time}</arg>
<doc>Waits until the element ``locator`` is visible.</doc>
<status status="PASS" starttime="20240905 21:16:22.038" endtime="20240905 21:16:22.072"/>
</kw>
<kw name="Click Element" library="SeleniumLibrary">
<arg>${locator}</arg>
<doc>Click the element identified by ``locator``.</doc>
<msg timestamp="20240905 21:16:22.073" level="INFO">Clicking element '//a[@onclick="AcceptCookie()"]'.</msg>
<status status="PASS" starttime="20240905 21:16:22.073" endtime="20240905 21:16:22.632"/>
</kw>
<status status="PASS" starttime="20240905 21:16:22.036" endtime="20240905 21:16:22.632"/>
</kw>
<kw name="Sleep" library="BuiltIn">
<arg>1s</arg>
<doc>Pauses the test executed for the given time.</doc>
<msg timestamp="20240905 21:16:23.633" level="INFO">Slept 1 second</msg>
<status status="PASS" starttime="20240905 21:16:22.633" endtime="20240905 21:16:23.634"/>
</kw>
<status status="PASS" starttime="20240905 21:16:22.035" endtime="20240905 21:16:23.634"/>
</kw>
<kw name="Scroll to book" library="index_page">
<kw name="Element visible when ready" library="common">
<arg>${book_name.txt}</arg>
<kw name="Wait Until Element Is Visible" library="SeleniumLibrary">
<arg>${locator}</arg>
<arg>${time}</arg>
<doc>Waits until the element ``locator`` is visible.</doc>
<status status="PASS" starttime="20240905 21:16:23.636" endtime="20240905 21:16:23.668"/>
</kw>
<kw name="Element Should Be Visible" library="SeleniumLibrary">
<arg>${locator}</arg>
<doc>Verifies that the element identified by ``locator`` is visible.</doc>
<msg timestamp="20240905 21:16:23.691" level="INFO">Element '//div[contains(@class , "card-detail")]//following-sibling::h5[@class="detail-title"]' is displayed.</msg>
<status status="PASS" starttime="20240905 21:16:23.669" endtime="20240905 21:16:23.692"/>
</kw>
<status status="PASS" starttime="20240905 21:16:23.634" endtime="20240905 21:16:23.692"/>
</kw>
<kw name="Scroll Element Into View" library="SeleniumLibrary">
<arg>${book_name.txt}</arg>
<doc>Scrolls the element identified by ``locator`` into view.</doc>
<status status="PASS" starttime="20240905 21:16:23.692" endtime="20240905 21:16:23.994"/>
</kw>
<status status="PASS" starttime="20240905 21:16:23.634" endtime="20240905 21:16:23.994"/>
</kw>
<kw name="Add book to cart" library="index_page">
<arg>${TC_1.data5.quantityBook}</arg>
<kw name="Element visible when ready" library="common">
<arg>${book_addCart.btn}</arg>
<kw name="Wait Until Element Is Visible" library="SeleniumLibrary">
<arg>${locator}</arg>
<arg>${time}</arg>
<doc>Waits until the element ``locator`` is visible.</doc>
<status status="PASS" starttime="20240905 21:16:23.997" endtime="20240905 21:16:24.028"/>
</kw>
<kw name="Element Should Be Visible" library="SeleniumLibrary">
<arg>${locator}</arg>
<doc>Verifies that the element identified by ``locator`` is visible.</doc>
<msg timestamp="20240905 21:16:24.051" level="INFO">Element '//button[@id="quick-cart-button"]' is displayed.</msg>
<status status="PASS" starttime="20240905 21:16:24.028" endtime="20240905 21:16:24.051"/>
</kw>
<status status="PASS" starttime="20240905 21:16:23.996" endtime="20240905 21:16:24.052"/>
</kw>
<kw name="Scroll Element Into View" library="SeleniumLibrary">
<arg>${book_addCart.btn}</arg>
<doc>Scrolls the element identified by ``locator`` into view.</doc>
<status status="PASS" starttime="20240905 21:16:24.052" endtime="20240905 21:16:24.343"/>
</kw>
<for flavor="IN RANGE">
<var>${index}</var>
<value>1</value>
<value>${quantityBook}+1</value>
<iter>
<var name="${index}">1</var>
<kw name="Click element when ready" library="common">
<arg>(${book_addCart.btn})[${index}]</arg>
<kw name="Wait Until Element Is Visible" library="SeleniumLibrary">
<arg>${locator}</arg>
<arg>${time}</arg>
<doc>Waits until the element ``locator`` is visible.</doc>
<status status="PASS" starttime="20240905 21:16:24.346" endtime="20240905 21:16:24.374"/>
</kw>
<kw name="Click Element" library="SeleniumLibrary">
<arg>${locator}</arg>
<doc>Click the element identified by ``locator``.</doc>
<msg timestamp="20240905 21:16:24.375" level="INFO">Clicking element '(//button[@id="quick-cart-button"])[1]'.</msg>
<status status="PASS" starttime="20240905 21:16:24.375" endtime="20240905 21:16:24.459"/>
</kw>
<status status="PASS" starttime="20240905 21:16:24.344" endtime="20240905 21:16:24.459"/>
</kw>
<kw name="Element visible when ready" library="common">
<arg>${alert_addCart.txt}</arg>
<kw name="Wait Until Element Is Visible" library="SeleniumLibrary">
<arg>${locator}</arg>
<arg>${time}</arg>
<doc>Waits until the element ``locator`` is visible.</doc>
<status status="PASS" starttime="20240905 21:16:24.461" endtime="20240905 21:16:24.702"/>
</kw>
<kw name="Element Should Be Visible" library="SeleniumLibrary">
<arg>${locator}</arg>
<doc>Verifies that the element identified by ``locator`` is visible.</doc>
<msg timestamp="20240905 21:16:24.729" level="INFO">Element '//div[@id="toast-container"]' is displayed.</msg>
<status status="PASS" starttime="20240905 21:16:24.702" endtime="20240905 21:16:24.729"/>
</kw>
<status status="PASS" starttime="20240905 21:16:24.459" endtime="20240905 21:16:24.730"/>
</kw>
<kw name="Element not visible when ready" library="common">
<arg>${alert_addCart.txt}</arg>
<kw name="Wait Until Element Is Not Visible" library="SeleniumLibrary">
<arg>${locator}</arg>
<arg>${time}</arg>
<doc>Waits until the element ``locator`` is not visible.</doc>
<status status="PASS" starttime="20240905 21:16:24.732" endtime="20240905 21:16:26.542"/>
</kw>
<kw name="Element Should Not Be Visible" library="SeleniumLibrary">
<arg>${locator}</arg>
<doc>Verifies that the element identified by ``locator`` is NOT visible.</doc>
<msg timestamp="20240905 21:16:26.553" level="INFO">Element '//div[@id="toast-container"]' did not exist.</msg>
<status status="PASS" starttime="20240905 21:16:26.543" endtime="20240905 21:16:26.553"/>
</kw>
<status status="PASS" starttime="20240905 21:16:24.730" endtime="20240905 21:16:26.553"/>
</kw>
<status status="PASS" starttime="20240905 21:16:24.344" endtime="20240905 21:16:26.553"/>
</iter>
<iter>
<var name="${index}">2</var>
<kw name="Click element when ready" library="common">
<arg>(${book_addCart.btn})[${index}]</arg>
<kw name="Wait Until Element Is Visible" library="SeleniumLibrary">
<arg>${locator}</arg>
<arg>${time}</arg>
<doc>Waits until the element ``locator`` is visible.</doc>
<status status="PASS" starttime="20240905 21:16:26.555" endtime="20240905 21:16:26.577"/>
</kw>
<kw name="Click Element" library="SeleniumLibrary">
<arg>${locator}</arg>
<doc>Click the element identified by ``locator``.</doc>
<msg timestamp="20240905 21:16:26.578" level="INFO">Clicking element '(//button[@id="quick-cart-button"])[2]'.</msg>
<status status="PASS" starttime="20240905 21:16:26.577" endtime="20240905 21:16:26.651"/>
</kw>
<status status="PASS" starttime="20240905 21:16:26.553" endtime="20240905 21:16:26.652"/>
</kw>
<kw name="Element visible when ready" library="common">
<arg>${alert_addCart.txt}</arg>
<kw name="Wait Until Element Is Visible" library="SeleniumLibrary">
<arg>${locator}</arg>
<arg>${time}</arg>
<doc>Waits until the element ``locator`` is visible.</doc>
<status status="PASS" starttime="20240905 21:16:26.653" endtime="20240905 21:16:27.740"/>
</kw>
<kw name="Element Should Be Visible" library="SeleniumLibrary">
<arg>${locator}</arg>
<doc>Verifies that the element identified by ``locator`` is visible.</doc>
<msg timestamp="20240905 21:16:27.763" level="INFO">Element '//div[@id="toast-container"]' is displayed.</msg>
<status status="PASS" starttime="20240905 21:16:27.741" endtime="20240905 21:16:27.763"/>
</kw>
<status status="PASS" starttime="20240905 21:16:26.652" endtime="20240905 21:16:27.763"/>
</kw>
<kw name="Element not visible when ready" library="common">
<arg>${alert_addCart.txt}</arg>
<kw name="Wait Until Element Is Not Visible" library="SeleniumLibrary">
<arg>${locator}</arg>
<arg>${time}</arg>
<doc>Waits until the element ``locator`` is not visible.</doc>
<status status="PASS" starttime="20240905 21:16:27.765" endtime="20240905 21:16:29.785"/>
</kw>
<kw name="Element Should Not Be Visible" library="SeleniumLibrary">
<arg>${locator}</arg>
<doc>Verifies that the element identified by ``locator`` is NOT visible.</doc>
<msg timestamp="20240905 21:16:29.794" level="INFO">Element '//div[@id="toast-container"]' did not exist.</msg>
<status status="PASS" starttime="20240905 21:16:29.785" endtime="20240905 21:16:29.794"/>
</kw>
<status status="PASS" starttime="20240905 21:16:27.763" endtime="20240905 21:16:29.794"/>
</kw>
<status status="PASS" starttime="20240905 21:16:26.553" endtime="20240905 21:16:29.794"/>
</iter>
<iter>
<var name="${index}">3</var>
<kw name="Click element when ready" library="common">
<arg>(${book_addCart.btn})[${index}]</arg>
<kw name="Wait Until Element Is Visible" library="SeleniumLibrary">
<arg>${locator}</arg>
<arg>${time}</arg>
<doc>Waits until the element ``locator`` is visible.</doc>
<status status="PASS" starttime="20240905 21:16:29.796" endtime="20240905 21:16:29.943"/>
</kw>
<kw name="Click Element" library="SeleniumLibrary">
<arg>${locator}</arg>
<doc>Click the element identified by ``locator``.</doc>
<msg timestamp="20240905 21:16:29.944" level="INFO">Clicking element '(//button[@id="quick-cart-button"])[3]'.</msg>
<status status="PASS" starttime="20240905 21:16:29.943" endtime="20240905 21:16:30.015"/>
</kw>
<status status="PASS" starttime="20240905 21:16:29.795" endtime="20240905 21:16:30.015"/>
</kw>
<kw name="Element visible when ready" library="common">
<arg>${alert_addCart.txt}</arg>
<kw name="Wait Until Element Is Visible" library="SeleniumLibrary">
<arg>${locator}</arg>
<arg>${time}</arg>
<doc>Waits until the element ``locator`` is visible.</doc>
[...]
<arg>${goto_category}</arg>
<kw name="Wait Until Element Is Visible" library="SeleniumLibrary">
<arg>${locator}</arg>
<arg>${time}</arg>
<doc>Waits until the element ``locator`` is visible.</doc>
<status status="PASS" starttime="20240905 21:17:17.430" endtime="20240905 21:17:18.095"/>
</kw>
<kw name="Element Should Be Visible" library="SeleniumLibrary">
<arg>${locator}</arg>
<doc>Verifies that the element identified by ``locator`` is visible.</doc>
<msg timestamp="20240905 21:17:18.115" level="INFO">Element '//div[contains(@class , "text-center")]//p[.="ตลก"]/ancestor-or-self::li' is displayed.</msg>
<status status="PASS" starttime="20240905 21:17:18.095" endtime="20240905 21:17:18.115"/>
</kw>
<status status="PASS" starttime="20240905 21:17:17.429" endtime="20240905 21:17:18.115"/>
</kw>
<kw name="Scroll Element Into View" library="SeleniumLibrary">
<arg>${goto_category}</arg>
<doc>Scrolls the element identified by ``locator`` into view.</doc>
<status status="PASS" starttime="20240905 21:17:18.115" endtime="20240905 21:17:18.391"/>
</kw>
<kw name="Click element when ready" library="common">
<arg>${goto_category}</arg>
<kw name="Wait Until Element Is Visible" library="SeleniumLibrary">
<arg>${locator}</arg>
<arg>${time}</arg>
<doc>Waits until the element ``locator`` is visible.</doc>
<status status="PASS" starttime="20240905 21:17:18.392" endtime="20240905 21:17:18.411"/>
</kw>
<kw name="Click Element" library="SeleniumLibrary">
<arg>${locator}</arg>
<doc>Click the element identified by ``locator``.</doc>
<msg timestamp="20240905 21:17:18.412" level="INFO">Clicking element '//div[contains(@class , "text-center")]//p[.="ตลก"]/ancestor-or-self::li'.</msg>
<status status="PASS" starttime="20240905 21:17:18.411" endtime="20240905 21:17:18.472"/>
</kw>
<status status="PASS" starttime="20240905 21:17:18.391" endtime="20240905 21:17:18.473"/>
</kw>
<kw name="Sleep" library="BuiltIn">
<arg>1s</arg>
<doc>Pauses the test executed for the given time.</doc>
<msg timestamp="20240905 21:17:19.474" level="INFO">Slept 1 second</msg>
<status status="PASS" starttime="20240905 21:17:18.473" endtime="20240905 21:17:19.474"/>
</kw>
<status status="PASS" starttime="20240905 21:17:17.426" endtime="20240905 21:17:19.475"/>
</kw>
<kw name="Click view book detail" library="index_page">
<kw name="Click element when ready" library="common">
<arg>${book_view.btn}</arg>
<kw name="Wait Until Element Is Visible" library="SeleniumLibrary">
<arg>${locator}</arg>
<arg>${time}</arg>
<doc>Waits until the element ``locator`` is visible.</doc>
<status status="PASS" starttime="20240905 21:17:19.476" endtime="20240905 21:17:19.724"/>
</kw>
<kw name="Click Element" library="SeleniumLibrary">
<arg>${locator}</arg>
<doc>Click the element identified by ``locator``.</doc>
<msg timestamp="20240905 21:17:19.725" level="INFO">Clicking element '//button[contains (@onclick , "CallDataQuickView")]'.</msg>
<status status="PASS" starttime="20240905 21:17:19.724" endtime="20240905 21:17:19.789"/>
</kw>
<status status="PASS" starttime="20240905 21:17:19.475" endtime="20240905 21:17:19.789"/>
</kw>
<status status="PASS" starttime="20240905 21:17:19.475" endtime="20240905 21:17:19.789"/>
</kw>
<kw name="Verify category book" library="index_page">
<arg>${TC_2.data2.categoryName}</arg>
<kw name="Get text when ready" library="common">
<var>${current_category}</var>
<arg>${category_name.txt}</arg>
<kw name="Wait Until Element Is Visible" library="SeleniumLibrary">
<arg>${locator}</arg>
<arg>${time}</arg>
<doc>Waits until the element ``locator`` is visible.</doc>
<status status="PASS" starttime="20240905 21:17:19.793" endtime="20240905 21:17:20.425"/>
</kw>
<kw name="Get Text" library="SeleniumLibrary">
<var>${getText}</var>
<arg>${locator}</arg>
<doc>Returns the text value of the element identified by ``locator``.</doc>
<msg timestamp="20240905 21:17:20.451" level="INFO">${getText} = ตลก</msg>
<status status="PASS" starttime="20240905 21:17:20.426" endtime="20240905 21:17:20.451"/>
</kw>
<return>
<value>${getText}</value>
<status status="PASS" starttime="20240905 21:17:20.451" endtime="20240905 21:17:20.451"/>
</return>
<msg timestamp="20240905 21:17:20.451" level="INFO">${current_category} = ตลก</msg>
<status status="PASS" starttime="20240905 21:17:19.791" endtime="20240905 21:17:20.451"/>
</kw>
<kw name="Should Be Equal" library="BuiltIn">
<arg>${current_category}</arg>
<arg>${categoryName}</arg>
<doc>Fails if the given objects are unequal.</doc>
<status status="PASS" starttime="20240905 21:17:20.452" endtime="20240905 21:17:20.452"/>
</kw>
<status status="PASS" starttime="20240905 21:17:19.790" endtime="20240905 21:17:20.452"/>
</kw>
<kw name="Close modal book detail" library="index_page">
<kw name="Click element when ready" library="common">
<arg>${close_modal.btn}</arg>
<kw name="Wait Until Element Is Visible" library="SeleniumLibrary">
<arg>${locator}</arg>
<arg>${time}</arg>
<doc>Waits until the element ``locator`` is visible.</doc>
<status status="PASS" starttime="20240905 21:17:20.456" endtime="20240905 21:17:20.483"/>
</kw>
<kw name="Click Element" library="SeleniumLibrary">
<arg>${locator}</arg>
<doc>Click the element identified by ``locator``.</doc>
<msg timestamp="20240905 21:17:20.484" level="INFO">Clicking element '//div[@class="modal active"]//following-sibling::a[@class="close-modal"]'.</msg>
<status status="PASS" starttime="20240905 21:17:20.483" endtime="20240905 21:17:20.542"/>
</kw>
<status status="PASS" starttime="20240905 21:17:20.453" endtime="20240905 21:17:20.543"/>
</kw>
<status status="PASS" starttime="20240905 21:17:20.452" endtime="20240905 21:17:20.543"/>
</kw>
<kw name="Close Browser" library="SeleniumLibrary" type="TEARDOWN">
<doc>Closes the current browser.</doc>
<status status="PASS" starttime="20240905 21:17:20.543" endtime="20240905 21:17:20.664"/>
</kw>
<status status="PASS" starttime="20240905 21:17:09.879" endtime="20240905 21:17:20.664"/>
</test>
<test id="s1-s2-t3" name="TC_2.3 Test Select Category Book and Verify Total Book by Category" line="23">
<kw name="Open web-demo" library="common">
<kw name="Open Browser" library="SeleniumLibrary">
<arg>${websiet.url}</arg>
<arg>${websiet.browser}</arg>
<doc>Opens a new browser instance to the optional ``url``.</doc>
<msg timestamp="20240905 21:17:20.667" level="INFO">Opening browser 'headlesschrome' to base url 'https://www.nejavu.com'.</msg>
<status status="PASS" starttime="20240905 21:17:20.665" endtime="20240905 21:17:24.591"/>
</kw>
<kw name="Set Window Size" library="SeleniumLibrary">
<arg>1440</arg>
<arg>900</arg>
<doc>Sets current windows size to given ``width`` and ``height``.</doc>
<status status="PASS" starttime="20240905 21:17:24.592" endtime="20240905 21:17:24.660"/>
</kw>
<status status="PASS" starttime="20240905 21:17:20.665" endtime="20240905 21:17:24.661"/>
</kw>
<kw name="Close pop-up" library="index_page">
<kw name="Run Keyword And Return Status" library="BuiltIn">
<var>${ButtonClose}</var>
<arg>SeleniumLibrary.Wait Until Element Is Visible</arg>
<arg>${closeModal_banner.btn}</arg>
<doc>Runs the given keyword with given arguments and returns the status as a Boolean value.</doc>
<kw name="Wait Until Element Is Visible" library="SeleniumLibrary">
<arg>${closeModal_banner.btn}</arg>
<doc>Waits until the element ``locator`` is visible.</doc>
<status status="PASS" starttime="20240905 21:17:24.672" endtime="20240905 21:17:24.742"/>
</kw>
<msg timestamp="20240905 21:17:24.742" level="INFO">${ButtonClose} = True</msg>
<status status="PASS" starttime="20240905 21:17:24.671" endtime="20240905 21:17:24.742"/>
</kw>
<if>
<branch type="IF" condition="&quot;${ButtonClose}&quot;==&quot;True&quot;">
<kw name="Click Element" library="SeleniumLibrary">
<arg>${closeModal_banner.btn}</arg>
<doc>Click the element identified by ``locator``.</doc>
<msg timestamp="20240905 21:17:24.752" level="INFO">Clicking element '//a[@onclick="CloseModal()"]'.</msg>
<status status="PASS" starttime="20240905 21:17:24.749" endtime="20240905 21:17:24.882"/>
</kw>
<status status="PASS" starttime="20240905 21:17:24.742" endtime="20240905 21:17:24.882"/>
</branch>
<status status="PASS" starttime="20240905 21:17:24.742" endtime="20240905 21:17:24.882"/>
</if>
<status status="PASS" starttime="20240905 21:17:24.670" endtime="20240905 21:17:24.883"/>
</kw>
<kw name="Click accecpt cookie" library="index_page">
<kw name="Click element when ready" library="common">
<arg>${acceptCookie.btn}</arg>
<kw name="Wait Until Element Is Visible" library="SeleniumLibrary">
<arg>${locator}</arg>
<arg>${time}</arg>
<doc>Waits until the element ``locator`` is visible.</doc>
<status status="PASS" starttime="20240905 21:17:24.892" endtime="20240905 21:17:24.935"/>
</kw>
<kw name="Click Element" library="SeleniumLibrary">
<arg>${locator}</arg>
<doc>Click the element identified by ``locator``.</doc>
<msg timestamp="20240905 21:17:24.936" level="INFO">Clicking element '//a[@onclick="AcceptCookie()"]'.</msg>
<status status="PASS" starttime="20240905 21:17:24.936" endtime="20240905 21:17:25.547"/>
</kw>
<status status="PASS" starttime="20240905 21:17:24.884" endtime="20240905 21:17:25.547"/>
</kw>
<kw name="Sleep" library="BuiltIn">
<arg>1s</arg>
<doc>Pauses the test executed for the given time.</doc>
<msg timestamp="20240905 21:17:26.548" level="INFO">Slept 1 second</msg>
<status status="PASS" starttime="20240905 21:17:25.548" endtime="20240905 21:17:26.549"/>
</kw>
<status status="PASS" starttime="20240905 21:17:24.883" endtime="20240905 21:17:26.549"/>
</kw>
<kw name="Click menu sidebar" library="sidebar_page">
<arg>${TC_2.menuName}</arg>
<kw name="Replace String" library="String">
<var>${goto_sideMenu}</var>
<arg>${side_menu.btn}</arg>
<arg>+PAGE+</arg>
<arg>${menuName}</arg>
<doc>Replaces ``search_for`` in the given ``string`` with ``replace_with``.</doc>
<msg timestamp="20240905 21:17:26.551" level="INFO">${goto_sideMenu} = //img[@data-loaded="true"]/following-sibling::span[.="การ์ตูน"]</msg>
<status status="PASS" starttime="20240905 21:17:26.550" endtime="20240905 21:17:26.551"/>
</kw>
<kw name="Click element when ready" library="common">
<arg>${goto_sideMenu}</arg>
<kw name="Wait Until Element Is Visible" library="SeleniumLibrary">
<arg>${locator}</arg>
<arg>${time}</arg>
<doc>Waits until the element ``locator`` is visible.</doc>
<status status="PASS" starttime="20240905 21:17:26.552" endtime="20240905 21:17:26.577"/>
</kw>
<kw name="Click Element" library="SeleniumLibrary">
<arg>${locator}</arg>
<doc>Click the element identified by ``locator``.</doc>
<msg timestamp="20240905 21:17:26.578" level="INFO">Clicking element '//img[@data-loaded="true"]/following-sibling::span[.="การ์ตูน"]'.</msg>
<status status="PASS" starttime="20240905 21:17:26.577" endtime="20240905 21:17:27.915"/>
</kw>
<status status="PASS" starttime="20240905 21:17:26.551" endtime="20240905 21:17:27.915"/>
</kw>
<status status="PASS" starttime="20240905 21:17:26.549" endtime="20240905 21:17:27.916"/>
</kw>
<kw name="Get category amount" library="index_page">
<var>${amount}</var>
<arg>${TC_2.data3.categoryName}</arg>
<kw name="Replace String" library="String">
<var>${current_categoryAmount}</var>
<arg>${category_amount.txt}</arg>
<arg>+CATEGORY+</arg>
<arg>${categoryName}</arg>
<doc>Replaces ``search_for`` in the given ``string`` with ``replace_with``.</doc>
<msg timestamp="20240905 21:17:27.918" level="INFO">${current_categoryAmount} = //div[contains(@class , "text-center")]//p[.="ดราม่า"]/ancestor-or-self::li//div[contains(@class , "deci-badge")]</msg>
<status status="PASS" starttime="20240905 21:17:27.917" endtime="20240905 21:17:27.918"/>
</kw>
<kw name="Get text when ready" library="common">
<var>${categoryAmount}</var>
<arg>${current_categoryAmount}</arg>
<kw name="Wait Until Element Is Visible" library="SeleniumLibrary">
<arg>${locator}</arg>
<arg>${time}</arg>
<doc>Waits until the element ``locator`` is visible.</doc>
<status status="PASS" starttime="20240905 21:17:27.919" endtime="20240905 21:17:28.171"/>
</kw>
<kw name="Get Text" library="SeleniumLibrary">
<var>${getText}</var>
<arg>${locator}</arg>
<doc>Returns the text value of the element identified by ``locator``.</doc>
<msg timestamp="20240905 21:17:28.201" level="INFO">${getText} = 57</msg>
<status status="PASS" starttime="20240905 21:17:28.171" endtime="20240905 21:17:28.201"/>
</kw>
<return>
<value>${getText}</value>
<status status="PASS" starttime="20240905 21:17:28.201" endtime="20240905 21:17:28.201"/>
</return>
<msg timestamp="20240905 21:17:28.201" level="INFO">${categoryAmount} = 57</msg>
<status status="PASS" starttime="20240905 21:17:27.918" endtime="20240905 21:17:28.201"/>
</kw>
<msg timestamp="20240905 21:17:28.202" level="INFO">${amount} = 57</msg>
<status status="PASS" starttime="20240905 21:17:27.916" endtime="20240905 21:17:28.202"/>
</kw>
<kw name="Click category book" library="index_page">
<arg>${TC_2.data3.categoryName}</arg>
<kw name="Replace String" library="String">
<var>${goto_category}</var>
<arg>${category.btn}</arg>
<arg>+CATEGORY+</arg>
<arg>${categoryName}</arg>
<doc>Replaces ``search_for`` in the given ``string`` with ``replace_with``.</doc>
<msg timestamp="20240905 21:17:28.204" level="INFO">${goto_category} = //div[contains(@class , "text-center")]//p[.="ดราม่า"]/ancestor-or-self::li</msg>
<status status="PASS" starttime="20240905 21:17:28.203" endtime="20240905 21:17:28.204"/>
</kw>
<kw name="Element visible when ready" library="common">
<arg>${goto_category}</arg>
<kw name="Wait Until Element Is Visible" library="SeleniumLibrary">
<arg>${locator}</arg>
<arg>${time}</arg>
<doc>Waits until the element ``locator`` is visible.</doc>
<status status="PASS" starttime="20240905 21:17:28.205" endtime="20240905 21:17:28.248"/>
</kw>
<kw name="Element Should Be Visible" library="SeleniumLibrary">
<arg>${locator}</arg>
<doc>Verifies that the element identified by ``locator`` is visible.</doc>
<msg timestamp="20240905 21:17:28.267" level="INFO">Element '//div[contains(@class , "text-center")]//p[.="ดราม่า"]/ancestor-or-self::li' is displayed.</msg>
<status status="PASS" starttime="20240905 21:17:28.248" endtime="20240905 21:17:28.267"/>
</kw>
<status status="PASS" starttime="20240905 21:17:28.204" endtime="20240905 21:17:28.267"/>
</kw>
<kw name="Scroll Element Into View" library="SeleniumLibrary">
<arg>${goto_category}</arg>
<doc>Scrolls the element identified by ``locator`` into view.</doc>
<status status="PASS" starttime="20240905 21:17:28.268" endtime="20240905 21:17:28.544"/>
</kw>
<kw name="Click element when ready" library="common">
<arg>${goto_category}</arg>
<kw name="Wait Until Element Is Visible" library="SeleniumLibrary">
<arg>${locator}</arg>
<arg>${time}</arg>
<doc>Waits until the element ``locator`` is visible.</doc>
<status status="PASS" starttime="20240905 21:17:28.547" endtime="20240905 21:17:28.568"/>
</kw>
<kw name="Click Element" library="SeleniumLibrary">
<arg>${locator}</arg>
<doc>Click the element identified by ``locator``.</doc>
<msg timestamp="20240905 21:17:28.569" level="INFO">Clicking element '//div[contains(@class , "text-center")]//p[.="ดราม่า"]/ancestor-or-self::li'.</msg>
<status status="PASS" starttime="20240905 21:17:28.569" endtime="20240905 21:17:28.615"/>
</kw>
<status status="PASS" starttime="20240905 21:17:28.545" endtime="20240905 21:17:28.615"/>
</kw>
<kw name="Sleep" library="BuiltIn">
<arg>1s</arg>
<doc>Pauses the test executed for the given time.</doc>
<msg timestamp="20240905 21:17:29.617" level="INFO">Slept 1 second</msg>
<status status="PASS" starttime="20240905 21:17:28.616" endtime="20240905 21:17:29.617"/>
</kw>
<status status="PASS" starttime="20240905 21:17:28.202" endtime="20240905 21:17:29.618"/>
</kw>
<kw name="Verify category total book" library="index_page">
<arg>${amount}</arg>
<kw name="Element visible when ready" library="common">
<arg>${pagination.txt}</arg>
<kw name="Wait Until Element Is Visible" library="SeleniumLibrary">
<arg>${locator}</arg>
<arg>${time}</arg>
<doc>Waits until the element ``locator`` is visible.</doc>
<status status="PASS" starttime="20240905 21:17:29.620" endtime="20240905 21:17:29.657"/>
</kw>
<kw name="Element Should Be Visible" library="SeleniumLibrary">
<arg>${locator}</arg>
<doc>Verifies that the element identified by ``locator`` is visible.</doc>
<msg timestamp="20240905 21:17:29.677" level="INFO">Element '//div[contains(@class , "pagination-group")]/p[1]' is displayed.</msg>
<status status="PASS" starttime="20240905 21:17:29.657" endtime="20240905 21:17:29.677"/>
</kw>
<status status="PASS" starttime="20240905 21:17:29.618" endtime="20240905 21:17:29.677"/>
</kw>
<kw name="Scroll Element Into View" library="SeleniumLibrary">
<arg>${pagination.txt}</arg>
<doc>Scrolls the element identified by ``locator`` into view.</doc>
<status status="PASS" starttime="20240905 21:17:29.677" endtime="20240905 21:17:29.964"/>
</kw>
<kw name="Get text when ready" library="common">
<var>${current_pagination}</var>
<arg>${pagination.txt}</arg>
<kw name="Wait Until Element Is Visible" library="SeleniumLibrary">
<arg>${locator}</arg>
<arg>${time}</arg>
<doc>Waits until the element ``locator`` is visible.</doc>
<status status="PASS" starttime="20240905 21:17:29.966" endtime="20240905 21:17:29.987"/>
</kw>
<kw name="Get Text" library="SeleniumLibrary">
<var>${getText}</var>
<arg>${locator}</arg>
<doc>Returns the text value of the element identified by ``locator``.</doc>
<msg timestamp="20240905 21:17:30.011" level="INFO">${getText} = แสดง 1 ถึง 25 จาก 57 รายการ</msg>
<status status="PASS" starttime="20240905 21:17:29.987" endtime="20240905 21:17:30.011"/>
</kw>
<return>
<value>${getText}</value>
<status status="PASS" starttime="20240905 21:17:30.011" endtime="20240905 21:17:30.011"/>
</return>
<msg timestamp="20240905 21:17:30.011" level="INFO">${current_pagination} = แสดง 1 ถึง 25 จาก 57 รายการ</msg>
<status status="PASS" starttime="20240905 21:17:29.965" endtime="20240905 21:17:30.011"/>
</kw>
<kw name="Get Regexp Matches" library="String">
<var>${current_paginationNow}</var>
<arg>${current_pagination}</arg>
<arg>\\d+</arg>
<doc>Returns a list of all non-overlapping matches in the given string.</doc>
<msg timestamp="20240905 21:17:30.012" level="INFO">${current_paginationNow} = ['1', '25', '57']</msg>
<status status="PASS" starttime="20240905 21:17:30.012" endtime="20240905 21:17:30.012"/>
</kw>
<kw name="Set Variable" library="BuiltIn">
<var>${categoryBook_amount}</var>
<arg>${current_paginationNow[2]}</arg>
<doc>Returns the given values which can then be assigned to a variables.</doc>
<msg timestamp="20240905 21:17:30.014" level="INFO">${categoryBook_amount} = 57</msg>
<status status="PASS" starttime="20240905 21:17:30.012" endtime="20240905 21:17:30.014"/>
</kw>
<kw name="Should Be Equal" library="BuiltIn">
<arg>${categoryBook_amount}</arg>
<arg>${amount}</arg>
<doc>Fails if the given objects are unequal.</doc>
<status status="PASS" starttime="20240905 21:17:30.014" endtime="20240905 21:17:30.014"/>
</kw>
<status status="PASS" starttime="20240905 21:17:29.618" endtime="20240905 21:17:30.014"/>
</kw>
<kw name="Close Browser" library="SeleniumLibrary" type="TEARDOWN">
<doc>Closes the current browser.</doc>
<status status="PASS" starttime="20240905 21:17:30.015" endtime="20240905 21:17:30.139"/>
</kw>
<status status="PASS" starttime="20240905 21:17:20.664" endtime="20240905 21:17:30.140"/>
</test>
<status status="PASS" starttime="20240905 21:17:02.703" endtime="20240905 21:17:30.140"/>
</suite>
<status status="PASS" starttime="20240905 21:15:29.762" endtime="20240905 21:17:30.143"/>
</suite>
<statistics>
<total>
<stat pass="9" fail="0" skip="0">All Tests</stat>
</total>
<tag>
</tag>
<suite>
<stat pass="9" fail="0" skip="0" id="s1" name="Testcases">Testcases</stat>
<stat pass="6" fail="0" skip="0" id="s1-s1" name="TC 1-NavbarMenu">Testcases.TC 1-NavbarMenu</stat>
<stat pass="3" fail="0" skip="0" id="s1-s2" name="TC 2-SidebarMenu">Testcases.TC 2-SidebarMenu</stat>
</suite>
</statistics>
<errors>
</errors>
</robot>
